#
# There is insufficient memory for the Java Runtime Environment to continue.
# Native memory allocation (malloc) failed to allocate 1487056 bytes. Error detail: Chunk::new
# Possible reasons:
#   The system is out of physical RAM or swap space
#   This process is running with CompressedOops enabled, and the Java Heap may be blocking the growth of the native heap
# Possible solutions:
#   Reduce memory load on the system
#   Increase physical memory or swap space
#   Check if swap backing store is full
#   Decrease Java heap size (-Xmx/-Xms)
#   Decrease number of Java threads
#   Decrease Java thread stack sizes (-Xss)
#   Set larger code cache with -XX:ReservedCodeCacheSize=
#   JVM is running with Unscaled Compressed Oops mode in which the Java heap is
#     placed in the first 4GB address space. The Java Heap base address is the
#     maximum limit for the native heap growth. Please use -XX:HeapBaseMinAddress
#     to set the Java Heap base and to place the Java Heap above 4GB virtual address.
# This output file may be truncated or incomplete.
#
#  Out of Memory Error (arena.cpp:168), pid=19696, tid=18676
#
# JRE version: OpenJDK Runtime Environment Temurin-21.0.6+7 (21.0.6+7) (build 21.0.6+7-LTS)
# Java VM: OpenJDK 64-Bit Server VM Temurin-21.0.6+7 (21.0.6+7-LTS, mixed mode, sharing, tiered, compressed oops, compressed class ptrs, parallel gc, windows-amd64)
# No core dump will be written. Minidumps are not enabled by default on client versions of Windows
#

---------------  S U M M A R Y ------------

Command Line: --add-modules=ALL-SYSTEM --add-opens=java.base/java.util=ALL-UNNAMED --add-opens=java.base/java.lang=ALL-UNNAMED --add-opens=java.base/sun.nio.fs=ALL-UNNAMED -Declipse.application=org.eclipse.jdt.ls.core.id1 -Dosgi.bundles.defaultStartLevel=4 -Declipse.product=org.eclipse.jdt.ls.core.product -Djava.import.generatesMetadataFilesAtProjectRoot=false -DDetectVMInstallationsJob.disabled=true -Dfile.encoding=utf8 -XX:+UseParallelGC -XX:GCTimeRatio=4 -XX:AdaptiveSizePolicyWeight=90 -Dsun.zip.disableMemoryMapping=true -Xmx1G -Xms100m -Xlog:disable -javaagent:c:\Users\RIFKI\.vscode\extensions\redhat.java-1.41.1-win32-x64\lombok\lombok-1.18.36.jar c:\Users\RIFKI\.vscode\extensions\redhat.java-1.41.1-win32-x64\server\plugins\org.eclipse.equinox.launcher_1.7.0.v20250331-1702.jar -configuration c:\Users\RIFKI\AppData\Roaming\Code\User\globalStorage\redhat.java\1.41.1\config_ss_win -data c:\Users\RIFKI\AppData\Roaming\Code\User\workspaceStorage\499810ebefda482d9f3a68ebaacf0943\redhat.java\ss_ws --pipe=\\.\pipe\lsp-2550d042176b31db8d8ed386b44aa2e0-sock

Host: 13th Gen Intel(R) Core(TM) i7-1360P, 16 cores, 15G,  Windows 11 , 64 bit Build 26100 (10.0.26100.3912)
Time: Mon Apr 28 18:49:26 2025 SE Asia Standard Time elapsed time: 13.529420 seconds (0d 0h 0m 13s)

---------------  T H R E A D  ---------------

Current thread (0x0000021529b36630):  JavaThread "C2 CompilerThread0" daemon [_thread_in_native, id=18676, stack(0x000000c36e600000,0x000000c36e700000) (1024K)]


Current CompileTask:
C2:13529 2972       4       java.lang.invoke.MethodType::makeImpl (109 bytes)

Stack: [0x000000c36e600000,0x000000c36e700000]
Native frames: (J=compiled Java code, j=interpreted, Vv=VM code, C=native code)
V  [jvm.dll+0x6cdee9]
V  [jvm.dll+0x8a83d1]
V  [jvm.dll+0x8aa8fe]
V  [jvm.dll+0x8aafe3]
V  [jvm.dll+0x27f706]
V  [jvm.dll+0xc500d]
V  [jvm.dll+0xc5543]
V  [jvm.dll+0x3b6752]
V  [jvm.dll+0x382935]
V  [jvm.dll+0x381d9a]
V  [jvm.dll+0x2479f0]
V  [jvm.dll+0x246fcf]
V  [jvm.dll+0x1c75ee]
V  [jvm.dll+0x25685a]
V  [jvm.dll+0x254dfa]
V  [jvm.dll+0x3f0256]
V  [jvm.dll+0x851f8b]
V  [jvm.dll+0x6cc5ed]
C  [ucrtbase.dll+0x37b0]
C  [KERNEL32.DLL+0x2e8d7]
C  [ntdll.dll+0x9c5dc]


---------------  P R O C E S S  ---------------

Threads class SMR info:
_java_thread_list=0x00000215004f2130, length=22, elements={
0x0000021529a83e00, 0x000002153de6e0b0, 0x0000021529b264a0, 0x0000021529b28aa0,
0x0000021529b29aa0, 0x0000021529b2db90, 0x0000021529b380b0, 0x0000021529b36630,
0x0000021529b3cd60, 0x00000215004e4cb0, 0x0000021506064720, 0x00000215068e9f80,
0x00000215063f3960, 0x00000215066b1610, 0x0000021506577580, 0x0000021506db7d10,
0x0000021506fa6430, 0x0000021506e9add0, 0x00000215070abe50, 0x00000215062e0de0,
0x000002150047f320, 0x0000021500716e70
}

Java Threads: ( => current thread )
  0x0000021529a83e00 JavaThread "main"                              [_thread_blocked, id=17880, stack(0x000000c36dc00000,0x000000c36dd00000) (1024K)]
  0x000002153de6e0b0 JavaThread "Reference Handler"          daemon [_thread_blocked, id=1368, stack(0x000000c36e000000,0x000000c36e100000) (1024K)]
  0x0000021529b264a0 JavaThread "Finalizer"                  daemon [_thread_blocked, id=19808, stack(0x000000c36e100000,0x000000c36e200000) (1024K)]
  0x0000021529b28aa0 JavaThread "Signal Dispatcher"          daemon [_thread_blocked, id=5700, stack(0x000000c36e200000,0x000000c36e300000) (1024K)]
  0x0000021529b29aa0 JavaThread "Attach Listener"            daemon [_thread_blocked, id=5504, stack(0x000000c36e300000,0x000000c36e400000) (1024K)]
  0x0000021529b2db90 JavaThread "Service Thread"             daemon [_thread_blocked, id=19492, stack(0x000000c36e400000,0x000000c36e500000) (1024K)]
  0x0000021529b380b0 JavaThread "Monitor Deflation Thread"   daemon [_thread_blocked, id=9188, stack(0x000000c36e500000,0x000000c36e600000) (1024K)]
=>0x0000021529b36630 JavaThread "C2 CompilerThread0"         daemon [_thread_in_native, id=18676, stack(0x000000c36e600000,0x000000c36e700000) (1024K)]
  0x0000021529b3cd60 JavaThread "C1 CompilerThread0"         daemon [_thread_blocked, id=8332, stack(0x000000c36e700000,0x000000c36e800000) (1024K)]
  0x00000215004e4cb0 JavaThread "Common-Cleaner"             daemon [_thread_blocked, id=444, stack(0x000000c36e800000,0x000000c36e900000) (1024K)]
  0x0000021506064720 JavaThread "Notification Thread"        daemon [_thread_blocked, id=18172, stack(0x000000c36ec00000,0x000000c36ed00000) (1024K)]
  0x00000215068e9f80 JavaThread "Active Thread: Equinox Container: 99824782-f028-4024-a64e-c145c8894d2c"        [_thread_blocked, id=21720, stack(0x000000c36f700000,0x000000c36f800000) (1024K)]
  0x00000215063f3960 JavaThread "Framework Event Dispatcher: Equinox Container: 99824782-f028-4024-a64e-c145c8894d2c" daemon [_thread_blocked, id=21876, stack(0x000000c36f600000,0x000000c36f700000) (1024K)]
  0x00000215066b1610 JavaThread "Start Level: Equinox Container: 99824782-f028-4024-a64e-c145c8894d2c" daemon [_thread_in_Java, id=21884, stack(0x000000c36f800000,0x000000c36f900000) (1024K)]
  0x0000021506577580 JavaThread "SCR Component Actor"        daemon [_thread_blocked, id=21912, stack(0x000000c36f500000,0x000000c36f600000) (1024K)]
  0x0000021506db7d10 JavaThread "Worker-JM"                         [_thread_blocked, id=22308, stack(0x000000c36fa00000,0x000000c36fb00000) (1024K)]
  0x0000021506fa6430 JavaThread "JNA Cleaner"                daemon [_thread_blocked, id=22516, stack(0x000000c36ee00000,0x000000c36ef00000) (1024K)]
  0x0000021506e9add0 JavaThread "Worker-0"                          [_thread_blocked, id=22520, stack(0x000000c36fe00000,0x000000c36ff00000) (1024K)]
  0x00000215070abe50 JavaThread "Worker-1"                          [_thread_blocked, id=22524, stack(0x000000c36ff00000,0x000000c370000000) (1024K)]
  0x00000215062e0de0 JavaThread "C2 CompilerThread1"         daemon [_thread_in_native, id=21592, stack(0x000000c36e900000,0x000000c36ea00000) (1024K)]
  0x000002150047f320 JavaThread "C1 CompilerThread1"         daemon [_thread_in_native, id=21776, stack(0x000000c36eb00000,0x000000c36ec00000) (1024K)]
  0x0000021500716e70 JavaThread "C2 CompilerThread2"         daemon [_thread_in_native, id=7044, stack(0x000000c36ea00000,0x000000c36eb00000) (1024K)]
Total: 22

Other Threads:
  0x000002153de52350 VMThread "VM Thread"                           [id=19684, stack(0x000000c36df00000,0x000000c36e000000) (1024K)]
  0x000002153dd4ca10 WatcherThread "VM Periodic Task Thread"        [id=18600, stack(0x000000c36de00000,0x000000c36df00000) (1024K)]
  0x0000021529aa3680 WorkerThread "GC Thread#0"                     [id=15488, stack(0x000000c36dd00000,0x000000c36de00000) (1024K)]
  0x000002150639d430 WorkerThread "GC Thread#1"                     [id=21636, stack(0x000000c36ef00000,0x000000c36f000000) (1024K)]
  0x00000215069e5980 WorkerThread "GC Thread#2"                     [id=21640, stack(0x000000c36f000000,0x000000c36f100000) (1024K)]
  0x00000215067dc510 WorkerThread "GC Thread#3"                     [id=21644, stack(0x000000c36f100000,0x000000c36f200000) (1024K)]
  0x000002150686ceb0 WorkerThread "GC Thread#4"                     [id=21648, stack(0x000000c36f200000,0x000000c36f300000) (1024K)]
  0x000002150686d250 WorkerThread "GC Thread#5"                     [id=21652, stack(0x000000c36f300000,0x000000c36f400000) (1024K)]
  0x000002150686d5f0 WorkerThread "GC Thread#6"                     [id=21656, stack(0x000000c36f400000,0x000000c36f500000) (1024K)]
  0x0000021506a68c00 WorkerThread "GC Thread#7"                     [id=21896, stack(0x000000c36f900000,0x000000c36fa00000) (1024K)]
  0x0000021506979c20 WorkerThread "GC Thread#8"                     [id=22312, stack(0x000000c36fb00000,0x000000c36fc00000) (1024K)]
  0x0000021506978da0 WorkerThread "GC Thread#9"                     [id=22316, stack(0x000000c36fc00000,0x000000c36fd00000) (1024K)]
  0x0000021506979140 WorkerThread "GC Thread#10"                    [id=22320, stack(0x000000c36fd00000,0x000000c36fe00000) (1024K)]
  0x00000215069794e0 WorkerThread "GC Thread#11"                    [id=16744, stack(0x000000c370100000,0x000000c370200000) (1024K)]
  0x0000021506978a00 WorkerThread "GC Thread#12"                    [id=20276, stack(0x000000c370200000,0x000000c370300000) (1024K)]
Total: 15

Threads with active compile tasks:
C2 CompilerThread0  14547 2972       4       java.lang.invoke.MethodType::makeImpl (109 bytes)
C1 CompilerThread0  14547 3187       3       java.lang.reflect.Constructor::copy (72 bytes)
C2 CompilerThread1  14548 2850       4       org.lombokweb.asm.ClassReader::readMethod (1070 bytes)
C1 CompilerThread1  14548 3188       3       java.lang.reflect.Constructor::<init> (50 bytes)
C2 CompilerThread2  14549 3179       4       java.util.TreeMap::put (221 bytes)
Total: 5

VM state: not at safepoint (normal execution)

VM Mutex/Monitor currently owned by a thread: None

Heap address: 0x00000000c0000000, size: 1024 MB, Compressed Oops mode: 32-bit

CDS archive(s) mapped at: [0x000002153e000000-0x000002153eba0000-0x000002153eba0000), size 12189696, SharedBaseAddress: 0x000002153e000000, ArchiveRelocationMode: 1.
Compressed class space mapped at: 0x000002153f000000-0x000002157f000000, reserved size: 1073741824
Narrow klass base: 0x000002153e000000, Narrow klass shift: 0, Narrow klass range: 0x100000000

GC Precious Log:
 CardTable entry size: 512
 CPUs: 16 total, 16 available
 Memory: 16095M
 Large Page Support: Disabled
 NUMA Support: Disabled
 Compressed Oops: Enabled (32-bit)
 Alignments: Space 512K, Generation 512K, Heap 2M
 Heap Min Capacity: 100M
 Heap Initial Capacity: 100M
 Heap Max Capacity: 1G
 Pre-touch: Disabled
 Parallel Workers: 13

Heap:
 PSYoungGen      total 27648K, used 11975K [0x00000000eab00000, 0x00000000eca00000, 0x0000000100000000)
  eden space 24576K, 37% used [0x00000000eab00000,0x00000000eb3f0d18,0x00000000ec300000)
  from space 3072K, 91% used [0x00000000ec400000,0x00000000ec6c0f38,0x00000000ec700000)
  to   space 3072K, 0% used [0x00000000ec700000,0x00000000ec700000,0x00000000eca00000)
 ParOldGen       total 68608K, used 8272K [0x00000000c0000000, 0x00000000c4300000, 0x00000000eab00000)
  object space 68608K, 12% used [0x00000000c0000000,0x00000000c0814118,0x00000000c4300000)
 Metaspace       used 24455K, committed 25088K, reserved 1114112K
  class space    used 2273K, committed 2560K, reserved 1048576K

Card table byte_map: [0x0000021529420000,0x0000021529630000] _byte_map_base: 0x0000021528e20000

Marking Bits: (ParMarkBitMap*) 0x00007ffa0a833260
 Begin Bits: [0x000002153bc70000, 0x000002153cc70000)
 End Bits:   [0x000002153cc70000, 0x000002153dc70000)

Polling page: 0x0000021527880000

Metaspace:

Usage:
  Non-class:     21.66 MB used.
      Class:      2.22 MB used.
       Both:     23.88 MB used.

Virtual space:
  Non-class space:       64.00 MB reserved,      22.00 MB ( 34%) committed,  1 nodes.
      Class space:        1.00 GB reserved,       2.50 MB ( <1%) committed,  1 nodes.
             Both:        1.06 GB reserved,      24.50 MB (  2%) committed. 

Chunk freelists:
   Non-Class:  9.69 MB
       Class:  13.41 MB
        Both:  23.09 MB

MaxMetaspaceSize: unlimited
CompressedClassSpaceSize: 1.00 GB
Initial GC threshold: 21.00 MB
Current GC threshold: 35.00 MB
CDS: on
 - commit_granule_bytes: 65536.
 - commit_granule_words: 8192.
 - virtual_space_node_default_size: 8388608.
 - enlarge_chunks_in_place: 1.
 - use_allocation_guard: 0.


Internal statistics:

num_allocs_failed_limit: 3.
num_arena_births: 516.
num_arena_deaths: 14.
num_vsnodes_births: 2.
num_vsnodes_deaths: 0.
num_space_committed: 392.
num_space_uncommitted: 0.
num_chunks_returned_to_freelist: 17.
num_chunks_taken_from_freelist: 1406.
num_chunk_merges: 9.
num_chunk_splits: 941.
num_chunks_enlarged: 613.
num_inconsistent_stats: 0.

CodeHeap 'non-profiled nmethods': size=119168Kb used=1400Kb max_used=1400Kb free=117767Kb
 bounds [0x0000021534810000, 0x0000021534a80000, 0x000002153bc70000]
CodeHeap 'profiled nmethods': size=119104Kb used=6410Kb max_used=6410Kb free=112693Kb
 bounds [0x000002152cc70000, 0x000002152d2c0000, 0x00000215340c0000]
CodeHeap 'non-nmethods': size=7488Kb used=1888Kb max_used=3035Kb free=5599Kb
 bounds [0x00000215340c0000, 0x0000021534440000, 0x0000021534810000]
 total_blobs=3792 nmethods=3178 adapters=519
 compilation: enabled
              stopped_count=0, restarted_count=0
 full_count=0

Compilation events (20 events):
Event: 12.512 Thread 0x000002150047f320 3142       3       com.sun.org.apache.xerces.internal.dom.NodeImpl::needsSyncData (15 bytes)
Event: 12.512 Thread 0x00000215006e1f00 3141       3       java.util.ArrayList::rangeCheckForAdd (26 bytes)
Event: 12.512 Thread 0x0000021529b3cd60 3143       3       com.sun.org.apache.xerces.internal.util.XMLChar::isNameStart (22 bytes)
Event: 12.512 Thread 0x000002150047f320 nmethod 3142 0x000002152d29f190 code [0x000002152d29f320, 0x000002152d29f488]
Event: 12.512 Thread 0x000002150047f320 3146       3       com.sun.org.apache.xerces.internal.dom.AttrImpl::getNodeName (16 bytes)
Event: 12.512 Thread 0x0000021529b3cd60 nmethod 3143 0x000002152d29f510 code [0x000002152d29f6c0, 0x000002152d29f868]
Event: 12.512 Thread 0x0000021529b3cd60 3144       3       java.util.ArrayList::add (65 bytes)
Event: 12.513 Thread 0x00000215006e1f00 nmethod 3141 0x000002152d29f910 code [0x000002152d29fb80, 0x000002152d2a0390]
Event: 12.513 Thread 0x00000215006e1f00 3147       1       com.sun.org.apache.xerces.internal.dom.DocumentImpl::getMutationEvents (5 bytes)
Event: 12.513 Thread 0x000002150047f320 nmethod 3146 0x000002152d2a0710 code [0x000002152d2a08c0, 0x000002152d2a0b80]
Event: 12.513 Thread 0x00000215006e1f00 nmethod 3147 0x000002153496d010 code [0x000002153496d1a0, 0x000002153496d270]
Event: 12.513 Thread 0x0000021529b3cd60 nmethod 3144 0x000002152d2a0c90 code [0x000002152d2a0ea0, 0x000002152d2a1508]
Event: 12.513 Thread 0x0000021529b3cd60 3148       1       java.util.Collections$EmptyEnumeration::hasMoreElements (2 bytes)
Event: 12.513 Thread 0x0000021529b3cd60 nmethod 3148 0x000002153496d310 code [0x000002153496d4a0, 0x000002153496d568]
Event: 12.513 Thread 0x000002150047f320 3149       3       java.lang.invoke.InnerClassLambdaMetafactory::getLoadOpcode (26 bytes)
Event: 12.513 Thread 0x00000215006e1f00 3150       3       java.lang.invoke.InnerClassLambdaMetafactory::getParameterSize (27 bytes)
Event: 12.514 Thread 0x000002150047f320 nmethod 3149 0x000002152d2a1790 code [0x000002152d2a1960, 0x000002152d2a1b70]
Event: 12.514 Thread 0x00000215006e1f00 nmethod 3150 0x000002152d2a1c90 code [0x000002152d2a1e40, 0x000002152d2a2038]
Event: 12.519 Thread 0x000002150047f320 3151       3       jdk.internal.org.objectweb.asm.FieldWriter::computeFieldInfoSize (86 bytes)
Event: 12.519 Thread 0x000002150047f320 nmethod 3151 0x000002152d2a2110 code [0x000002152d2a2300, 0x000002152d2a25e0]

GC Heap History (16 events):
Event: 1.383 GC heap before
{Heap before GC invocations=1 (full 0):
 PSYoungGen      total 29696K, used 25600K [0x00000000eab00000, 0x00000000ecc00000, 0x0000000100000000)
  eden space 25600K, 100% used [0x00000000eab00000,0x00000000ec400000,0x00000000ec400000)
  from space 4096K, 0% used [0x00000000ec800000,0x00000000ec800000,0x00000000ecc00000)
  to   space 4096K, 0% used [0x00000000ec400000,0x00000000ec400000,0x00000000ec800000)
 ParOldGen       total 68608K, used 0K [0x00000000c0000000, 0x00000000c4300000, 0x00000000eab00000)
  object space 68608K, 0% used [0x00000000c0000000,0x00000000c0000000,0x00000000c4300000)
 Metaspace       used 3954K, committed 4160K, reserved 1114112K
  class space    used 400K, committed 512K, reserved 1048576K
}
Event: 1.395 GC heap after
{Heap after GC invocations=1 (full 0):
 PSYoungGen      total 29696K, used 3173K [0x00000000eab00000, 0x00000000ecc00000, 0x0000000100000000)
  eden space 25600K, 0% used [0x00000000eab00000,0x00000000eab00000,0x00000000ec400000)
  from space 4096K, 77% used [0x00000000ec400000,0x00000000ec7197f0,0x00000000ec800000)
  to   space 4096K, 0% used [0x00000000ec800000,0x00000000ec800000,0x00000000ecc00000)
 ParOldGen       total 68608K, used 16K [0x00000000c0000000, 0x00000000c4300000, 0x00000000eab00000)
  object space 68608K, 0% used [0x00000000c0000000,0x00000000c0004000,0x00000000c4300000)
 Metaspace       used 3954K, committed 4160K, reserved 1114112K
  class space    used 400K, committed 512K, reserved 1048576K
}
Event: 2.770 GC heap before
{Heap before GC invocations=2 (full 0):
 PSYoungGen      total 29696K, used 28773K [0x00000000eab00000, 0x00000000ecc00000, 0x0000000100000000)
  eden space 25600K, 100% used [0x00000000eab00000,0x00000000ec400000,0x00000000ec400000)
  from space 4096K, 77% used [0x00000000ec400000,0x00000000ec7197f0,0x00000000ec800000)
  to   space 4096K, 0% used [0x00000000ec800000,0x00000000ec800000,0x00000000ecc00000)
 ParOldGen       total 68608K, used 16K [0x00000000c0000000, 0x00000000c4300000, 0x00000000eab00000)
  object space 68608K, 0% used [0x00000000c0000000,0x00000000c0004000,0x00000000c4300000)
 Metaspace       used 7825K, committed 8128K, reserved 1114112K
  class space    used 769K, committed 960K, reserved 1048576K
}
Event: 2.780 GC heap after
{Heap after GC invocations=2 (full 0):
 PSYoungGen      total 29696K, used 4090K [0x00000000eab00000, 0x00000000ecc00000, 0x0000000100000000)
  eden space 25600K, 0% used [0x00000000eab00000,0x00000000eab00000,0x00000000ec400000)
  from space 4096K, 99% used [0x00000000ec800000,0x00000000ecbfe958,0x00000000ecc00000)
  to   space 4096K, 0% used [0x00000000ec400000,0x00000000ec400000,0x00000000ec800000)
 ParOldGen       total 68608K, used 769K [0x00000000c0000000, 0x00000000c4300000, 0x00000000eab00000)
  object space 68608K, 1% used [0x00000000c0000000,0x00000000c00c0688,0x00000000c4300000)
 Metaspace       used 7825K, committed 8128K, reserved 1114112K
  class space    used 769K, committed 960K, reserved 1048576K
}
Event: 3.786 GC heap before
{Heap before GC invocations=3 (full 0):
 PSYoungGen      total 29696K, used 29690K [0x00000000eab00000, 0x00000000ecc00000, 0x0000000100000000)
  eden space 25600K, 100% used [0x00000000eab00000,0x00000000ec400000,0x00000000ec400000)
  from space 4096K, 99% used [0x00000000ec800000,0x00000000ecbfe958,0x00000000ecc00000)
  to   space 4096K, 0% used [0x00000000ec400000,0x00000000ec400000,0x00000000ec800000)
 ParOldGen       total 68608K, used 769K [0x00000000c0000000, 0x00000000c4300000, 0x00000000eab00000)
  object space 68608K, 1% used [0x00000000c0000000,0x00000000c00c0688,0x00000000c4300000)
 Metaspace       used 12565K, committed 12992K, reserved 1114112K
  class space    used 1260K, committed 1472K, reserved 1048576K
}
Event: 3.796 GC heap after
{Heap after GC invocations=3 (full 0):
 PSYoungGen      total 29696K, used 4085K [0x00000000eab00000, 0x00000000ecc00000, 0x0000000100000000)
  eden space 25600K, 0% used [0x00000000eab00000,0x00000000eab00000,0x00000000ec400000)
  from space 4096K, 99% used [0x00000000ec400000,0x00000000ec7fd5a8,0x00000000ec800000)
  to   space 4096K, 0% used [0x00000000ec800000,0x00000000ec800000,0x00000000ecc00000)
 ParOldGen       total 68608K, used 2706K [0x00000000c0000000, 0x00000000c4300000, 0x00000000eab00000)
  object space 68608K, 3% used [0x00000000c0000000,0x00000000c02a49d0,0x00000000c4300000)
 Metaspace       used 12565K, committed 12992K, reserved 1114112K
  class space    used 1260K, committed 1472K, reserved 1048576K
}
Event: 4.727 GC heap before
{Heap before GC invocations=4 (full 0):
 PSYoungGen      total 29696K, used 29685K [0x00000000eab00000, 0x00000000ecc00000, 0x0000000100000000)
  eden space 25600K, 100% used [0x00000000eab00000,0x00000000ec400000,0x00000000ec400000)
  from space 4096K, 99% used [0x00000000ec400000,0x00000000ec7fd5a8,0x00000000ec800000)
  to   space 4096K, 0% used [0x00000000ec800000,0x00000000ec800000,0x00000000ecc00000)
 ParOldGen       total 68608K, used 2706K [0x00000000c0000000, 0x00000000c4300000, 0x00000000eab00000)
  object space 68608K, 3% used [0x00000000c0000000,0x00000000c02a49d0,0x00000000c4300000)
 Metaspace       used 16702K, committed 17408K, reserved 1114112K
  class space    used 1682K, committed 1984K, reserved 1048576K
}
Event: 4.733 GC heap after
{Heap after GC invocations=4 (full 0):
 PSYoungGen      total 29696K, used 4088K [0x00000000eab00000, 0x00000000ecc00000, 0x0000000100000000)
  eden space 25600K, 0% used [0x00000000eab00000,0x00000000eab00000,0x00000000ec400000)
  from space 4096K, 99% used [0x00000000ec800000,0x00000000ecbfe350,0x00000000ecc00000)
  to   space 4096K, 0% used [0x00000000ec400000,0x00000000ec400000,0x00000000ec800000)
 ParOldGen       total 68608K, used 4407K [0x00000000c0000000, 0x00000000c4300000, 0x00000000eab00000)
  object space 68608K, 6% used [0x00000000c0000000,0x00000000c044dd10,0x00000000c4300000)
 Metaspace       used 16702K, committed 17408K, reserved 1114112K
  class space    used 1682K, committed 1984K, reserved 1048576K
}
Event: 6.023 GC heap before
{Heap before GC invocations=5 (full 0):
 PSYoungGen      total 29696K, used 29688K [0x00000000eab00000, 0x00000000ecc00000, 0x0000000100000000)
  eden space 25600K, 100% used [0x00000000eab00000,0x00000000ec400000,0x00000000ec400000)
  from space 4096K, 99% used [0x00000000ec800000,0x00000000ecbfe350,0x00000000ecc00000)
  to   space 4096K, 0% used [0x00000000ec400000,0x00000000ec400000,0x00000000ec800000)
 ParOldGen       total 68608K, used 4407K [0x00000000c0000000, 0x00000000c4300000, 0x00000000eab00000)
  object space 68608K, 6% used [0x00000000c0000000,0x00000000c044dd10,0x00000000c4300000)
 Metaspace       used 19870K, committed 20480K, reserved 1114112K
  class space    used 1891K, committed 2176K, reserved 1048576K
}
Event: 7.039 GC heap after
{Heap after GC invocations=5 (full 0):
 PSYoungGen      total 29184K, used 4091K [0x00000000eab00000, 0x00000000ecd80000, 0x0000000100000000)
  eden space 25088K, 0% used [0x00000000eab00000,0x00000000eab00000,0x00000000ec380000)
  from space 4096K, 99% used [0x00000000ec400000,0x00000000ec7fee10,0x00000000ec800000)
  to   space 5120K, 0% used [0x00000000ec880000,0x00000000ec880000,0x00000000ecd80000)
 ParOldGen       total 68608K, used 4607K [0x00000000c0000000, 0x00000000c4300000, 0x00000000eab00000)
  object space 68608K, 6% used [0x00000000c0000000,0x00000000c047fd20,0x00000000c4300000)
 Metaspace       used 19870K, committed 20480K, reserved 1114112K
  class space    used 1891K, committed 2176K, reserved 1048576K
}
Event: 8.136 GC heap before
{Heap before GC invocations=6 (full 0):
 PSYoungGen      total 29184K, used 12324K [0x00000000eab00000, 0x00000000ecd80000, 0x0000000100000000)
  eden space 25088K, 32% used [0x00000000eab00000,0x00000000eb30a260,0x00000000ec380000)
  from space 4096K, 99% used [0x00000000ec400000,0x00000000ec7fee10,0x00000000ec800000)
  to   space 5120K, 0% used [0x00000000ec880000,0x00000000ec880000,0x00000000ecd80000)
 ParOldGen       total 68608K, used 4607K [0x00000000c0000000, 0x00000000c4300000, 0x00000000eab00000)
  object space 68608K, 6% used [0x00000000c0000000,0x00000000c047fd20,0x00000000c4300000)
 Metaspace       used 20933K, committed 21504K, reserved 1114112K
  class space    used 1980K, committed 2240K, reserved 1048576K
}
Event: 8.139 GC heap after
{Heap after GC invocations=6 (full 0):
 PSYoungGen      total 29696K, used 4211K [0x00000000eab00000, 0x00000000ecd00000, 0x0000000100000000)
  eden space 25088K, 0% used [0x00000000eab00000,0x00000000eab00000,0x00000000ec380000)
  from space 4608K, 91% used [0x00000000ec880000,0x00000000ecc9cf18,0x00000000ecd00000)
  to   space 4608K, 0% used [0x00000000ec400000,0x00000000ec400000,0x00000000ec880000)
 ParOldGen       total 68608K, used 4607K [0x00000000c0000000, 0x00000000c4300000, 0x00000000eab00000)
  object space 68608K, 6% used [0x00000000c0000000,0x00000000c047fd20,0x00000000c4300000)
 Metaspace       used 20933K, committed 21504K, reserved 1114112K
  class space    used 1980K, committed 2240K, reserved 1048576K
}
Event: 8.139 GC heap before
{Heap before GC invocations=7 (full 1):
 PSYoungGen      total 29696K, used 4211K [0x00000000eab00000, 0x00000000ecd00000, 0x0000000100000000)
  eden space 25088K, 0% used [0x00000000eab00000,0x00000000eab00000,0x00000000ec380000)
  from space 4608K, 91% used [0x00000000ec880000,0x00000000ecc9cf18,0x00000000ecd00000)
  to   space 4608K, 0% used [0x00000000ec400000,0x00000000ec400000,0x00000000ec880000)
 ParOldGen       total 68608K, used 4607K [0x00000000c0000000, 0x00000000c4300000, 0x00000000eab00000)
  object space 68608K, 6% used [0x00000000c0000000,0x00000000c047fd20,0x00000000c4300000)
 Metaspace       used 20933K, committed 21504K, reserved 1114112K
  class space    used 1980K, committed 2240K, reserved 1048576K
}
Event: 8.161 GC heap after
{Heap after GC invocations=7 (full 1):
 PSYoungGen      total 29696K, used 0K [0x00000000eab00000, 0x00000000ecd00000, 0x0000000100000000)
  eden space 25088K, 0% used [0x00000000eab00000,0x00000000eab00000,0x00000000ec380000)
  from space 4608K, 0% used [0x00000000ec880000,0x00000000ec880000,0x00000000ecd00000)
  to   space 4608K, 0% used [0x00000000ec400000,0x00000000ec400000,0x00000000ec880000)
 ParOldGen       total 68608K, used 8264K [0x00000000c0000000, 0x00000000c4300000, 0x00000000eab00000)
  object space 68608K, 12% used [0x00000000c0000000,0x00000000c0812118,0x00000000c4300000)
 Metaspace       used 20920K, committed 21504K, reserved 1114112K
  class space    used 1976K, committed 2240K, reserved 1048576K
}
Event: 10.355 GC heap before
{Heap before GC invocations=8 (full 1):
 PSYoungGen      total 29696K, used 25088K [0x00000000eab00000, 0x00000000ecd00000, 0x0000000100000000)
  eden space 25088K, 100% used [0x00000000eab00000,0x00000000ec380000,0x00000000ec380000)
  from space 4608K, 0% used [0x00000000ec880000,0x00000000ec880000,0x00000000ecd00000)
  to   space 4608K, 0% used [0x00000000ec400000,0x00000000ec400000,0x00000000ec880000)
 ParOldGen       total 68608K, used 8264K [0x00000000c0000000, 0x00000000c4300000, 0x00000000eab00000)
  object space 68608K, 12% used [0x00000000c0000000,0x00000000c0812118,0x00000000c4300000)
 Metaspace       used 22853K, committed 23552K, reserved 1114112K
  class space    used 2118K, committed 2432K, reserved 1048576K
}
Event: 10.356 GC heap after
{Heap after GC invocations=8 (full 1):
 PSYoungGen      total 27648K, used 2819K [0x00000000eab00000, 0x00000000eca00000, 0x0000000100000000)
  eden space 24576K, 0% used [0x00000000eab00000,0x00000000eab00000,0x00000000ec300000)
  from space 3072K, 91% used [0x00000000ec400000,0x00000000ec6c0f38,0x00000000ec700000)
  to   space 3072K, 0% used [0x00000000ec700000,0x00000000ec700000,0x00000000eca00000)
 ParOldGen       total 68608K, used 8272K [0x00000000c0000000, 0x00000000c4300000, 0x00000000eab00000)
  object space 68608K, 12% used [0x00000000c0000000,0x00000000c0814118,0x00000000c4300000)
 Metaspace       used 22853K, committed 23552K, reserved 1114112K
  class space    used 2118K, committed 2432K, reserved 1048576K
}

Dll operation events (10 events):
Event: 0.039 Loaded shared library c:\Users\RIFKI\.vscode\extensions\redhat.java-1.41.1-win32-x64\jre\21.0.6-win32-x86_64\bin\java.dll
Event: 0.168 Loaded shared library c:\Users\RIFKI\.vscode\extensions\redhat.java-1.41.1-win32-x64\jre\21.0.6-win32-x86_64\bin\zip.dll
Event: 0.215 Loaded shared library C:\Users\RIFKI\.vscode\extensions\redhat.java-1.41.1-win32-x64\jre\21.0.6-win32-x86_64\bin\instrument.dll
Event: 0.224 Loaded shared library C:\Users\RIFKI\.vscode\extensions\redhat.java-1.41.1-win32-x64\jre\21.0.6-win32-x86_64\bin\net.dll
Event: 0.229 Loaded shared library C:\Users\RIFKI\.vscode\extensions\redhat.java-1.41.1-win32-x64\jre\21.0.6-win32-x86_64\bin\nio.dll
Event: 0.235 Loaded shared library C:\Users\RIFKI\.vscode\extensions\redhat.java-1.41.1-win32-x64\jre\21.0.6-win32-x86_64\bin\zip.dll
Event: 0.269 Loaded shared library C:\Users\RIFKI\.vscode\extensions\redhat.java-1.41.1-win32-x64\jre\21.0.6-win32-x86_64\bin\jimage.dll
Event: 0.439 Loaded shared library c:\Users\RIFKI\.vscode\extensions\redhat.java-1.41.1-win32-x64\jre\21.0.6-win32-x86_64\bin\verify.dll
Event: 2.766 Loaded shared library C:\Users\RIFKI\AppData\Roaming\Code\User\globalStorage\redhat.java\1.41.1\config_ss_win\org.eclipse.equinox.launcher\org.eclipse.equinox.launcher.win32.win32.x86_64_1.2.1300.v20250331-1702\eclipse_11911.dll
Event: 4.481 Loaded shared library C:\Users\RIFKI\AppData\Local\Temp\jna-77973133\jna12804219763478431887.dll

Deoptimization events (20 events):
Event: 10.368 Thread 0x00000215066b1610 Uncommon trap: trap_request=0xffffff45 fr.pc=0x000002153485150c relative=0x000000000000006c
Event: 10.368 Thread 0x00000215066b1610 Uncommon trap: reason=unstable_if action=reinterpret pc=0x000002153485150c method=java.lang.AbstractStringBuilder.isLatin1()Z @ 10 c2
Event: 10.368 Thread 0x00000215066b1610 DEOPT PACKING pc=0x000002153485150c sp=0x000000c36f8fe520
Event: 10.368 Thread 0x00000215066b1610 DEOPT UNPACKING pc=0x0000021534113aa2 sp=0x000000c36f8fe4b0 mode 2
Event: 10.373 Thread 0x00000215066b1610 Uncommon trap: trap_request=0xffffffc6 fr.pc=0x00000215348868a4 relative=0x0000000000000a24
Event: 10.373 Thread 0x00000215066b1610 Uncommon trap: reason=bimorphic_or_optimized_type_check action=maybe_recompile pc=0x00000215348868a4 method=java.util.HashMap.putVal(ILjava/lang/Object;Ljava/lang/Object;ZZ)Ljava/lang/Object; @ 56 c2
Event: 10.373 Thread 0x00000215066b1610 DEOPT PACKING pc=0x00000215348868a4 sp=0x000000c36f8fdbb0
Event: 10.373 Thread 0x00000215066b1610 DEOPT UNPACKING pc=0x0000021534113aa2 sp=0x000000c36f8fdb18 mode 2
Event: 10.373 Thread 0x00000215066b1610 Uncommon trap: trap_request=0xffffffc6 fr.pc=0x00000215348868a4 relative=0x0000000000000a24
Event: 10.373 Thread 0x00000215066b1610 Uncommon trap: reason=bimorphic_or_optimized_type_check action=maybe_recompile pc=0x00000215348868a4 method=java.util.HashMap.putVal(ILjava/lang/Object;Ljava/lang/Object;ZZ)Ljava/lang/Object; @ 56 c2
Event: 10.373 Thread 0x00000215066b1610 DEOPT PACKING pc=0x00000215348868a4 sp=0x000000c36f8fdbb0
Event: 10.373 Thread 0x00000215066b1610 DEOPT UNPACKING pc=0x0000021534113aa2 sp=0x000000c36f8fdb18 mode 2
Event: 10.373 Thread 0x00000215066b1610 Uncommon trap: trap_request=0xffffffc6 fr.pc=0x00000215348868a4 relative=0x0000000000000a24
Event: 10.373 Thread 0x00000215066b1610 Uncommon trap: reason=bimorphic_or_optimized_type_check action=maybe_recompile pc=0x00000215348868a4 method=java.util.HashMap.putVal(ILjava/lang/Object;Ljava/lang/Object;ZZ)Ljava/lang/Object; @ 56 c2
Event: 10.373 Thread 0x00000215066b1610 DEOPT PACKING pc=0x00000215348868a4 sp=0x000000c36f8fdbb0
Event: 10.373 Thread 0x00000215066b1610 DEOPT UNPACKING pc=0x0000021534113aa2 sp=0x000000c36f8fdb18 mode 2
Event: 10.386 Thread 0x00000215066b1610 Uncommon trap: trap_request=0xffffff45 fr.pc=0x000002153495cdf4 relative=0x0000000000000a74
Event: 10.386 Thread 0x00000215066b1610 Uncommon trap: reason=unstable_if action=reinterpret pc=0x000002153495cdf4 method=java.util.regex.Pattern$BmpCharPropertyGreedy.match(Ljava/util/regex/Matcher;ILjava/lang/CharSequence;)Z @ 12 c2
Event: 10.386 Thread 0x00000215066b1610 DEOPT PACKING pc=0x000002153495cdf4 sp=0x000000c36f8fd8c0
Event: 10.386 Thread 0x00000215066b1610 DEOPT UNPACKING pc=0x0000021534113aa2 sp=0x000000c36f8fd788 mode 2

Classes loaded (20 events):
Event: 12.522 Loading class com/sun/org/apache/xml/internal/serializer/SerializerBase
Event: 12.522 Loading class com/sun/org/apache/xml/internal/serializer/SerializationHandler
Event: 12.522 Loading class com/sun/org/apache/xml/internal/serializer/ExtendedContentHandler
Event: 12.523 Loading class com/sun/org/apache/xml/internal/serializer/ExtendedContentHandler done
Event: 12.523 Loading class com/sun/org/apache/xml/internal/serializer/ExtendedLexicalHandler
Event: 12.523 Loading class org/xml/sax/ext/LexicalHandler
Event: 12.523 Loading class org/xml/sax/ext/LexicalHandler done
Event: 12.523 Loading class com/sun/org/apache/xml/internal/serializer/ExtendedLexicalHandler done
Event: 12.523 Loading class com/sun/org/apache/xml/internal/serializer/XSLOutputAttributes
Event: 12.523 Loading class com/sun/org/apache/xml/internal/serializer/XSLOutputAttributes done
Event: 12.523 Loading class org/xml/sax/ext/DeclHandler
Event: 12.523 Loading class org/xml/sax/ext/DeclHandler done
Event: 12.523 Loading class com/sun/org/apache/xml/internal/serializer/DOMSerializer
Event: 12.523 Loading class com/sun/org/apache/xml/internal/serializer/DOMSerializer done
Event: 12.523 Loading class com/sun/org/apache/xml/internal/serializer/Serializer
Event: 12.523 Loading class com/sun/org/apache/xml/internal/serializer/Serializer done
Event: 12.523 Loading class com/sun/org/apache/xml/internal/serializer/SerializationHandler done
Event: 12.523 Loading class com/sun/org/apache/xml/internal/serializer/SerializerConstants
Event: 12.523 Loading class com/sun/org/apache/xml/internal/serializer/SerializerConstants done
Event: 12.523 Loading class com/sun/org/apache/xml/internal/serializer/SerializerBase done

Classes unloaded (7 events):
Event: 8.144 Thread 0x000002153de52350 Unloading class 0x000002153f18ac00 'java/lang/invoke/LambdaForm$MH+0x000002153f18ac00'
Event: 8.144 Thread 0x000002153de52350 Unloading class 0x000002153f18a800 'java/lang/invoke/LambdaForm$MH+0x000002153f18a800'
Event: 8.144 Thread 0x000002153de52350 Unloading class 0x000002153f18a400 'java/lang/invoke/LambdaForm$MH+0x000002153f18a400'
Event: 8.144 Thread 0x000002153de52350 Unloading class 0x000002153f18a000 'java/lang/invoke/LambdaForm$MH+0x000002153f18a000'
Event: 8.144 Thread 0x000002153de52350 Unloading class 0x000002153f189c00 'java/lang/invoke/LambdaForm$BMH+0x000002153f189c00'
Event: 8.144 Thread 0x000002153de52350 Unloading class 0x000002153f189800 'java/lang/invoke/LambdaForm$DMH+0x000002153f189800'
Event: 8.144 Thread 0x000002153de52350 Unloading class 0x000002153f188400 'java/lang/invoke/LambdaForm$DMH+0x000002153f188400'

Classes redefined (0 events):
No events

Internal exceptions (20 events):
Event: 4.541 Thread 0x00000215066b1610 Exception <a 'java/lang/NoSuchMethodError'{0x00000000ebbd3cc0}: 'void java.lang.invoke.Invokers$Holder.invokeExact_MT(java.lang.Object, java.lang.Object, int, java.lang.Object)'> (0x00000000ebbd3cc0) 
thrown [s\src\hotspot\share\interpreter\linkResolver.cpp, line 773]
Event: 4.572 Thread 0x00000215066b1610 Exception <a 'java/lang/NoSuchMethodError'{0x00000000ebcbbbb0}: 'java.lang.Object java.lang.invoke.DirectMethodHandle$Holder.invokeSpecial(java.lang.Object, java.lang.Object, java.lang.Object, long, java.lang.Object)'> (0x00000000ebcbbbb0) 
thrown [s\src\hotspot\share\interpreter\linkResolver.cpp, line 773]
Event: 4.573 Thread 0x00000215066b1610 Exception <a 'java/lang/NoSuchMethodError'{0x00000000ebcc35f8}: 'java.lang.Object java.lang.invoke.DirectMethodHandle$Holder.newInvokeSpecial(java.lang.Object, java.lang.Object, java.lang.Object, long)'> (0x00000000ebcc35f8) 
thrown [s\src\hotspot\share\interpreter\linkResolver.cpp, line 773]
Event: 4.574 Thread 0x00000215066b1610 Exception <a 'java/lang/NoSuchMethodError'{0x00000000ebcc7278}: 'java.lang.Object java.lang.invoke.Invokers$Holder.linkToTargetMethod(java.lang.Object, java.lang.Object, long, java.lang.Object)'> (0x00000000ebcc7278) 
thrown [s\src\hotspot\share\interpreter\linkResolver.cpp, line 773]
Event: 4.585 Thread 0x00000215066b1610 Exception <a 'java/lang/NoSuchMethodError'{0x00000000ebd31658}: 'int java.lang.invoke.DirectMethodHandle$Holder.invokeStaticInit(java.lang.Object, java.lang.Object, java.lang.Object)'> (0x00000000ebd31658) 
thrown [s\src\hotspot\share\interpreter\linkResolver.cpp, line 773]
Event: 4.600 Thread 0x00000215066b1610 Exception <a 'java/lang/IncompatibleClassChangeError'{0x00000000ebdb6c48}: Found class java.lang.Object, but interface was expected> (0x00000000ebdb6c48) 
thrown [s\src\hotspot\share\interpreter\linkResolver.cpp, line 840]
Event: 4.608 Thread 0x00000215066b1610 Exception <a 'java/lang/NoSuchMethodError'{0x00000000ebdd2040}: 'java.lang.Object java.lang.invoke.DirectMethodHandle$Holder.invokeSpecial(java.lang.Object, java.lang.Object, java.lang.Object, int, java.lang.Object, java.lang.Object)'> (0x00000000ebdd2040) 
thrown [s\src\hotspot\share\interpreter\linkResolver.cpp, line 773]
Event: 4.608 Thread 0x00000215066b1610 Exception <a 'java/lang/NoSuchMethodError'{0x00000000ebdd98d8}: 'java.lang.Object java.lang.invoke.DirectMethodHandle$Holder.newInvokeSpecial(java.lang.Object, java.lang.Object, java.lang.Object, int, java.lang.Object)'> (0x00000000ebdd98d8) 
thrown [s\src\hotspot\share\interpreter\linkResolver.cpp, line 773]
Event: 4.609 Thread 0x00000215066b1610 Exception <a 'java/lang/NoSuchMethodError'{0x00000000ebddd3c8}: 'java.lang.Object java.lang.invoke.Invokers$Holder.linkToTargetMethod(java.lang.Object, java.lang.Object, int, java.lang.Object, java.lang.Object)'> (0x00000000ebddd3c8) 
thrown [s\src\hotspot\share\interpreter\linkResolver.cpp, line 773]
Event: 4.610 Thread 0x0000021506e9add0 Exception <a 'java/lang/NoSuchMethodError'{0x00000000ebcf22c8}: 'java.lang.Object java.lang.invoke.DirectMethodHandle$Holder.invokeSpecial(java.lang.Object, java.lang.Object, int, java.lang.Object, java.lang.Object)'> (0x00000000ebcf22c8) 
thrown [s\src\hotspot\share\interpreter\linkResolver.cpp, line 773]
Event: 4.611 Thread 0x0000021506e9add0 Exception <a 'java/lang/NoSuchMethodError'{0x00000000ebcf9000}: 'java.lang.Object java.lang.invoke.DirectMethodHandle$Holder.newInvokeSpecial(java.lang.Object, java.lang.Object, int, java.lang.Object)'> (0x00000000ebcf9000) 
thrown [s\src\hotspot\share\interpreter\linkResolver.cpp, line 773]
Event: 4.630 Thread 0x00000215066b1610 Exception <a 'java/lang/NoSuchMethodError'{0x00000000ebeeecc0}: 'void java.lang.invoke.DirectMethodHandle$Holder.invokeSpecial(java.lang.Object, java.lang.Object, java.lang.Object, java.lang.Object, java.lang.Object)'> (0x00000000ebeeecc0) 
thrown [s\src\hotspot\share\interpreter\linkResolver.cpp, line 773]
Event: 4.654 Thread 0x00000215066b1610 Exception <a 'java/lang/NoSuchMethodError'{0x00000000ec018c50}: 'double java.lang.invoke.DirectMethodHandle$Holder.invokeStatic(java.lang.Object, java.lang.Object)'> (0x00000000ec018c50) 
thrown [s\src\hotspot\share\interpreter\linkResolver.cpp, line 773]
Event: 4.654 Thread 0x00000215066b1610 Exception <a 'java/lang/NoSuchMethodError'{0x00000000ec01c310}: 'double java.lang.invoke.DirectMethodHandle$Holder.invokeStaticInit(java.lang.Object, java.lang.Object)'> (0x00000000ec01c310) 
thrown [s\src\hotspot\share\interpreter\linkResolver.cpp, line 773]
Event: 7.049 Thread 0x00000215066b1610 Implicit null exception at 0x00000215349309f5 to 0x0000021534930ad0
Event: 10.313 Thread 0x00000215066b1610 Exception <a 'java/lang/ClassNotFoundException'{0x00000000ebfbe120}: com/sun/org/apache/xerces/internal/impl/msg/spi/DOMMessagesProvider> (0x00000000ebfbe120) 
thrown [s\src\hotspot\share\classfile\systemDictionary.cpp, line 312]
Event: 10.314 Thread 0x00000215066b1610 Exception <a 'java/lang/ClassNotFoundException'{0x00000000ebfd97c8}: com/sun/org/apache/xerces/internal/impl/msg/spi/XMLSerializerMessagesProvider> (0x00000000ebfd97c8) 
thrown [s\src\hotspot\share\classfile\systemDictionary.cpp, line 312]
Event: 10.315 Thread 0x00000215066b1610 Exception <a 'java/lang/ClassNotFoundException'{0x00000000ebfe6ae8}: com/sun/org/apache/xerces/internal/impl/msg/spi/XMLMessagesProvider> (0x00000000ebfe6ae8) 
thrown [s\src\hotspot\share\classfile\systemDictionary.cpp, line 312]
Event: 10.341 Thread 0x00000215066b1610 Exception <a 'java/lang/NoSuchMethodError'{0x00000000ec277238}: 'java.lang.Object java.lang.invoke.DirectMethodHandle$Holder.newInvokeSpecial(java.lang.Object, int, java.lang.Object, java.lang.Object)'> (0x00000000ec277238) 
thrown [s\src\hotspot\share\interpreter\linkResolver.cpp, line 773]
Event: 10.381 Thread 0x00000215066b1610 Exception <a 'sun/nio/fs/WindowsException'{0x00000000eac3a7d0}> (0x00000000eac3a7d0) 
thrown [s\src\hotspot\share\prims\jni.cpp, line 520]

ZGC Phase Switch (0 events):
No events

VM Operations (20 events):
Event: 7.039 Executing VM operation: ParallelGCFailedAllocation (Allocation Failure) done
Event: 8.053 Executing VM operation: Cleanup
Event: 8.053 Executing VM operation: Cleanup done
Event: 8.136 Executing VM operation: CollectForMetadataAllocation (Metadata GC Threshold)
Event: 8.161 Executing VM operation: CollectForMetadataAllocation (Metadata GC Threshold) done
Event: 10.161 Executing VM operation: Cleanup
Event: 10.229 Executing VM operation: Cleanup done
Event: 10.285 Executing VM operation: HandshakeAllThreads (Deoptimize)
Event: 10.285 Executing VM operation: HandshakeAllThreads (Deoptimize) done
Event: 10.355 Executing VM operation: ParallelGCFailedAllocation (Allocation Failure)
Event: 10.356 Executing VM operation: ParallelGCFailedAllocation (Allocation Failure) done
Event: 10.372 Executing VM operation: HandshakeAllThreads (Deoptimize)
Event: 10.372 Executing VM operation: HandshakeAllThreads (Deoptimize) done
Event: 10.417 Executing VM operation: HandshakeAllThreads (Deoptimize)
Event: 10.418 Executing VM operation: HandshakeAllThreads (Deoptimize) done
Event: 10.418 Executing VM operation: HandshakeAllThreads (Deoptimize)
Event: 10.418 Executing VM operation: HandshakeAllThreads (Deoptimize) done
Event: 11.433 Executing VM operation: Cleanup
Event: 12.477 Executing VM operation: Cleanup done
Event: 13.492 Executing VM operation: Cleanup

Memory protections (0 events):
No events

Nmethod flushes (0 events):
No events

Events (20 events):
Event: 4.611 Thread 0x00000215066b1610 Thread added: 0x00000215070abe50
Event: 4.684 Thread 0x0000021529b3cd60 Thread added: 0x0000021507079a60
Event: 4.781 Thread 0x00000215004efdd0 Thread added: 0x0000021506ee65c0
Event: 5.844 Thread 0x00000215004efdd0 Thread exited: 0x00000215004efdd0
Event: 5.844 Thread 0x00000215004eea10 Thread exited: 0x00000215004eea10
Event: 5.844 Thread 0x0000021506ee65c0 Thread exited: 0x0000021506ee65c0
Event: 5.844 Thread 0x0000021507079a60 Thread exited: 0x0000021507079a60
Event: 5.859 Thread 0x00000215004edbe0 Thread exited: 0x00000215004edbe0
Event: 7.100 Thread 0x0000021529b36630 Thread added: 0x00000215062e0de0
Event: 7.101 Thread 0x0000021529b36630 Thread added: 0x0000021506613150
Event: 8.212 Thread 0x0000021529b3cd60 Thread added: 0x000002150047f320
Event: 10.228 Thread 0x0000021506613150 Thread exited: 0x0000021506613150
Event: 10.228 Thread 0x00000215006bd900 Thread exited: 0x00000215006bd900
Event: 10.297 Thread 0x0000021529b3cd60 Thread added: 0x0000021500716e70
Event: 10.322 Thread 0x00000215066b1610 Thread added: 0x00000215070ad890
Event: 10.352 Thread 0x000002150047f320 Thread added: 0x00000215006e1f00
Event: 10.357 Thread 0x0000021529b3cd60 Thread added: 0x000002150059a960
Event: 10.395 Thread 0x00000215070ad890 Thread exited: 0x00000215070ad890
Event: 10.430 Thread 0x000002150047f320 Thread added: 0x0000021507e87230
Event: 11.214 Thread 0x000002150059a960 Thread exited: 0x000002150059a960


Dynamic libraries:
0x00007ff7e7d50000 - 0x00007ff7e7d5e000 	c:\Users\RIFKI\.vscode\extensions\redhat.java-1.41.1-win32-x64\jre\21.0.6-win32-x86_64\bin\java.exe
0x00007ffa7d060000 - 0x00007ffa7d2c6000 	C:\WINDOWS\SYSTEM32\ntdll.dll
0x00007ffa7b490000 - 0x00007ffa7b559000 	C:\WINDOWS\System32\KERNEL32.DLL
0x00007ffa7a3f0000 - 0x00007ffa7a7bc000 	C:\WINDOWS\System32\KERNELBASE.dll
0x00007ffa7a940000 - 0x00007ffa7aa8b000 	C:\WINDOWS\System32\ucrtbase.dll
0x00007ffa6a290000 - 0x00007ffa6a2ae000 	c:\Users\RIFKI\.vscode\extensions\redhat.java-1.41.1-win32-x64\jre\21.0.6-win32-x86_64\bin\VCRUNTIME140.dll
0x00007ffa677d0000 - 0x00007ffa677e8000 	c:\Users\RIFKI\.vscode\extensions\redhat.java-1.41.1-win32-x64\jre\21.0.6-win32-x86_64\bin\jli.dll
0x00007ffa7bd00000 - 0x00007ffa7beca000 	C:\WINDOWS\System32\USER32.dll
0x00007ffa7ad40000 - 0x00007ffa7ad67000 	C:\WINDOWS\System32\win32u.dll
0x00007ffa56720000 - 0x00007ffa569ba000 	C:\WINDOWS\WinSxS\amd64_microsoft.windows.common-controls_6595b64144ccf1df_6.0.26100.3912_none_3e07963ce335137e\COMCTL32.dll
0x00007ffa7bca0000 - 0x00007ffa7bccb000 	C:\WINDOWS\System32\GDI32.dll
0x00007ffa7bed0000 - 0x00007ffa7bf79000 	C:\WINDOWS\System32\msvcrt.dll
0x00007ffa7a2b0000 - 0x00007ffa7a3e2000 	C:\WINDOWS\System32\gdi32full.dll
0x00007ffa7ad70000 - 0x00007ffa7ae13000 	C:\WINDOWS\System32\msvcp_win.dll
0x00007ffa7afb0000 - 0x00007ffa7afe0000 	C:\WINDOWS\System32\IMM32.DLL
0x00007ffa67c70000 - 0x00007ffa67c7c000 	c:\Users\RIFKI\.vscode\extensions\redhat.java-1.41.1-win32-x64\jre\21.0.6-win32-x86_64\bin\vcruntime140_1.dll
0x00007ffa46390000 - 0x00007ffa4641d000 	c:\Users\RIFKI\.vscode\extensions\redhat.java-1.41.1-win32-x64\jre\21.0.6-win32-x86_64\bin\msvcp140.dll
0x00007ffa09b80000 - 0x00007ffa0a910000 	c:\Users\RIFKI\.vscode\extensions\redhat.java-1.41.1-win32-x64\jre\21.0.6-win32-x86_64\bin\server\jvm.dll
0x00007ffa7ae20000 - 0x00007ffa7aed2000 	C:\WINDOWS\System32\ADVAPI32.dll
0x00007ffa7af00000 - 0x00007ffa7afa6000 	C:\WINDOWS\System32\sechost.dll
0x00007ffa7b560000 - 0x00007ffa7b676000 	C:\WINDOWS\System32\RPCRT4.dll
0x00007ffa7c770000 - 0x00007ffa7c7e4000 	C:\WINDOWS\System32\WS2_32.dll
0x00007ffa7a040000 - 0x00007ffa7a09e000 	C:\WINDOWS\SYSTEM32\POWRPROF.dll
0x00007ffa6f490000 - 0x00007ffa6f4c6000 	C:\WINDOWS\SYSTEM32\WINMM.dll
0x00007ffa67530000 - 0x00007ffa6753b000 	C:\WINDOWS\SYSTEM32\VERSION.dll
0x00007ffa7a020000 - 0x00007ffa7a034000 	C:\WINDOWS\SYSTEM32\UMPDC.dll
0x00007ffa78fb0000 - 0x00007ffa78fca000 	C:\WINDOWS\SYSTEM32\kernel.appcore.dll
0x00007ffa5d890000 - 0x00007ffa5d89a000 	c:\Users\RIFKI\.vscode\extensions\redhat.java-1.41.1-win32-x64\jre\21.0.6-win32-x86_64\bin\jimage.dll
0x00007ffa77150000 - 0x00007ffa77391000 	C:\WINDOWS\SYSTEM32\DBGHELP.DLL
0x00007ffa7c3e0000 - 0x00007ffa7c764000 	C:\WINDOWS\System32\combase.dll
0x00007ffa7b140000 - 0x00007ffa7b220000 	C:\WINDOWS\System32\OLEAUT32.dll
0x00007ffa59890000 - 0x00007ffa598c9000 	C:\WINDOWS\SYSTEM32\dbgcore.DLL
0x00007ffa7aca0000 - 0x00007ffa7ad39000 	C:\WINDOWS\System32\bcryptPrimitives.dll
0x00007ffa5bba0000 - 0x00007ffa5bbaf000 	c:\Users\RIFKI\.vscode\extensions\redhat.java-1.41.1-win32-x64\jre\21.0.6-win32-x86_64\bin\instrument.dll
0x00007ffa5baf0000 - 0x00007ffa5bb0f000 	c:\Users\RIFKI\.vscode\extensions\redhat.java-1.41.1-win32-x64\jre\21.0.6-win32-x86_64\bin\java.dll
0x00007ffa7c7f0000 - 0x00007ffa7cf1d000 	C:\WINDOWS\System32\SHELL32.dll
0x00007ffa7ab20000 - 0x00007ffa7ac94000 	C:\WINDOWS\System32\wintypes.dll
0x00007ffa77e40000 - 0x00007ffa78696000 	C:\WINDOWS\SYSTEM32\windows.storage.dll
0x00007ffa7b690000 - 0x00007ffa7b77f000 	C:\WINDOWS\System32\SHCORE.dll
0x00007ffa7b790000 - 0x00007ffa7b7f9000 	C:\WINDOWS\System32\shlwapi.dll
0x00007ffa7a100000 - 0x00007ffa7a12f000 	C:\WINDOWS\SYSTEM32\profapi.dll
0x00007ffa526d0000 - 0x00007ffa526e8000 	c:\Users\RIFKI\.vscode\extensions\redhat.java-1.41.1-win32-x64\jre\21.0.6-win32-x86_64\bin\zip.dll
0x00007ffa5d880000 - 0x00007ffa5d890000 	C:\Users\RIFKI\.vscode\extensions\redhat.java-1.41.1-win32-x64\jre\21.0.6-win32-x86_64\bin\net.dll
0x00007ffa71880000 - 0x00007ffa7199e000 	C:\WINDOWS\SYSTEM32\WINHTTP.dll
0x00007ffa79520000 - 0x00007ffa7958a000 	C:\WINDOWS\system32\mswsock.dll
0x00007ffa520e0000 - 0x00007ffa520f6000 	C:\Users\RIFKI\.vscode\extensions\redhat.java-1.41.1-win32-x64\jre\21.0.6-win32-x86_64\bin\nio.dll
0x00007ffa59bc0000 - 0x00007ffa59bd0000 	c:\Users\RIFKI\.vscode\extensions\redhat.java-1.41.1-win32-x64\jre\21.0.6-win32-x86_64\bin\verify.dll
0x00007ffa46210000 - 0x00007ffa46255000 	C:\Users\RIFKI\AppData\Roaming\Code\User\globalStorage\redhat.java\1.41.1\config_ss_win\org.eclipse.equinox.launcher\org.eclipse.equinox.launcher.win32.win32.x86_64_1.2.1300.v20250331-1702\eclipse_11911.dll
0x00007ffa7b230000 - 0x00007ffa7b3cf000 	C:\WINDOWS\System32\ole32.dll
0x00007ffa797c0000 - 0x00007ffa797dc000 	C:\WINDOWS\SYSTEM32\CRYPTSP.dll
0x00007ffa78f10000 - 0x00007ffa78f4a000 	C:\WINDOWS\system32\rsaenh.dll
0x00007ffa795c0000 - 0x00007ffa795eb000 	C:\WINDOWS\SYSTEM32\USERENV.dll
0x00007ffa7a0d0000 - 0x00007ffa7a0f6000 	C:\WINDOWS\SYSTEM32\bcrypt.dll
0x00007ffa797e0000 - 0x00007ffa797ec000 	C:\WINDOWS\SYSTEM32\CRYPTBASE.dll
0x00007ffa78a80000 - 0x00007ffa78ab3000 	C:\WINDOWS\SYSTEM32\IPHLPAPI.DLL
0x00007ffa7b680000 - 0x00007ffa7b68a000 	C:\WINDOWS\System32\NSI.dll
0x00007ffa3ee30000 - 0x00007ffa3ee79000 	C:\Users\RIFKI\AppData\Local\Temp\jna-77973133\jna12804219763478431887.dll
0x00007ffa7c160000 - 0x00007ffa7c168000 	C:\WINDOWS\System32\PSAPI.DLL

dbghelp: loaded successfully - version: 4.0.5 - missing functions: none
symbol engine: initialized successfully - sym options: 0x614 - pdb path: .;c:\Users\RIFKI\.vscode\extensions\redhat.java-1.41.1-win32-x64\jre\21.0.6-win32-x86_64\bin;C:\WINDOWS\SYSTEM32;C:\WINDOWS\WinSxS\amd64_microsoft.windows.common-controls_6595b64144ccf1df_6.0.26100.3912_none_3e07963ce335137e;c:\Users\RIFKI\.vscode\extensions\redhat.java-1.41.1-win32-x64\jre\21.0.6-win32-x86_64\bin\server;C:\Users\RIFKI\AppData\Roaming\Code\User\globalStorage\redhat.java\1.41.1\config_ss_win\org.eclipse.equinox.launcher\org.eclipse.equinox.launcher.win32.win32.x86_64_1.2.1300.v20250331-1702;C:\Users\RIFKI\AppData\Local\Temp\jna-77973133

VM Arguments:
jvm_args: --add-modules=ALL-SYSTEM --add-opens=java.base/java.util=ALL-UNNAMED --add-opens=java.base/java.lang=ALL-UNNAMED --add-opens=java.base/sun.nio.fs=ALL-UNNAMED -Declipse.application=org.eclipse.jdt.ls.core.id1 -Dosgi.bundles.defaultStartLevel=4 -Declipse.product=org.eclipse.jdt.ls.core.product -Djava.import.generatesMetadataFilesAtProjectRoot=false -DDetectVMInstallationsJob.disabled=true -Dfile.encoding=utf8 -XX:+UseParallelGC -XX:GCTimeRatio=4 -XX:AdaptiveSizePolicyWeight=90 -Dsun.zip.disableMemoryMapping=true -Xmx1G -Xms100m -Xlog:disable -javaagent:c:\Users\RIFKI\.vscode\extensions\redhat.java-1.41.1-win32-x64\lombok\lombok-1.18.36.jar 
java_command: c:\Users\RIFKI\.vscode\extensions\redhat.java-1.41.1-win32-x64\server\plugins\org.eclipse.equinox.launcher_1.7.0.v20250331-1702.jar -configuration c:\Users\RIFKI\AppData\Roaming\Code\User\globalStorage\redhat.java\1.41.1\config_ss_win -data c:\Users\RIFKI\AppData\Roaming\Code\User\workspaceStorage\499810ebefda482d9f3a68ebaacf0943\redhat.java\ss_ws --pipe=\\.\pipe\lsp-2550d042176b31db8d8ed386b44aa2e0-sock
java_class_path (initial): c:\Users\RIFKI\.vscode\extensions\redhat.java-1.41.1-win32-x64\server\plugins\org.eclipse.equinox.launcher_1.7.0.v20250331-1702.jar
Launcher Type: SUN_STANDARD

[Global flags]
    uintx AdaptiveSizePolicyWeight                 = 90                                        {product} {command line}
     intx CICompilerCount                          = 12                                        {product} {ergonomic}
    uintx GCTimeRatio                              = 4                                         {product} {command line}
   size_t InitialHeapSize                          = 104857600                                 {product} {command line}
   size_t MaxHeapSize                              = 1073741824                                {product} {command line}
   size_t MaxNewSize                               = 357564416                                 {product} {ergonomic}
   size_t MinHeapDeltaBytes                        = 524288                                    {product} {ergonomic}
   size_t MinHeapSize                              = 104857600                                 {product} {command line}
   size_t NewSize                                  = 34603008                                  {product} {ergonomic}
    uintx NonNMethodCodeHeapSize                   = 7602480                                {pd product} {ergonomic}
    uintx NonProfiledCodeHeapSize                  = 122027880                              {pd product} {ergonomic}
   size_t OldSize                                  = 70254592                                  {product} {ergonomic}
    uintx ProfiledCodeHeapSize                     = 122027880                              {pd product} {ergonomic}
    uintx ReservedCodeCacheSize                    = 251658240                              {pd product} {ergonomic}
     bool SegmentedCodeCache                       = true                                      {product} {ergonomic}
   size_t SoftMaxHeapSize                          = 1073741824                             {manageable} {ergonomic}
     bool UseCompressedOops                        = true                           {product lp64_product} {ergonomic}
     bool UseLargePagesIndividualAllocation        = false                                  {pd product} {ergonomic}
     bool UseParallelGC                            = true                                      {product} {command line}

Logging:
Log output configuration:
 #0: stdout all=off uptime,level,tags foldmultilines=false
 #1: stderr all=off uptime,level,tags foldmultilines=false

Environment Variables:
JAVA_HOME=C:\Program Files\Eclipse Adoptium\jdk-17.0.14.7-hotspot
PATH=C:\Program Files\Eclipse Adoptium\jdk-17.0.14.7-hotspot\bin;C:\Program Files\Common Files\Oracle\Java\javapath;C:\Program Files (x86)\Common Files\Oracle\Java\java8path;C:\Program Files (x86)\Common Files\Oracle\Java\javapath;C:\WINDOWS\system32;C:\WINDOWS;C:\WINDOWS\System32\Wbem;C:\WINDOWS\System32\WindowsPowerShell\v1.0\;C:\WINDOWS\System32\OpenSSH\;C:\MinGW\bin;C:\Program Files\Java\jdk-22\bin;C:\ProgramData\ComposerSetup\bin;C:\xampp\php;C:\xampp\node-v22.11.0-win-x64;C:\Program Files\Git\cmd;"C:\Program Files\Eclipse Adoptium\jdk-17.0.14.7-hotspot\bin;C:\Program Files\Eclipse Adoptium\jdk-17.0.14.7-hotspot\bin;C:\Program Files\Common Files\Oracle\Java\javapath;C:\Program Files (x86)\Common Files\Oracle\Java\java8path;C:\Program Files (x86)\Common Files\Oracle\Java\javapath;C:\WINDOWS\system32;C:\WINDOWS;C:\WINDOWS\System32\Wbem;C:\WINDOWS\System32\WindowsPowerShell\v1.0\;C:\WINDOWS\System32\OpenSSH\;C:\MinGW\bin;C:\Program Files\Java\jdk-22\bin;C:\ProgramData\ComposerSetup\bin;C:\xampp\php;C:\xampp\node-v22.11.0-win-x64;C:\Program Files\Git\cmd;"C:\Program Files\Eclipse Adoptium\jdk-17.0.14.7-hotspot\bin;C:\Program Files\Eclipse Adoptium\jdk-17.0.14.7-hotspot\bin;C:\Program Files\Common Files\Oracle\Java\javapath;C:\Program Files (x86)\Common Files\Oracle\Java\java8path;C:\Program Files (x86)\Common Files\Oracle\Java\javapath;C:\WINDOWS\system32;C:\WINDOWS;C:\WINDOWS\System32\Wbem;C:\WINDOWS\System32\WindowsPowerShell\v1.0\;C:\WINDOWS\System32\OpenSSH\;C:\MinGW\bin;C:\Program Files\Java\jdk-22\bin;C:\ProgramData\ComposerSetup\bin;C:\xampp\php;C:\xampp\node-v22.11.0-win-x64;C:\Program Files\Git\cmd;"C:\Program Files\Eclipse Adoptium\jdk-17.0.14.7-hotspot\bin;C:\WINDOWS\System32";";";C:\Users\RIFKI\AppData\Local\Programs\Python\Python313\Scripts\;C:\Users\RIFKI\AppData\Local\Programs\Python\Python313\;C:\Users\RIFKI\AppData\Local\Programs\Python\Launcher\;C:\Program Files\MySQL\MySQL Shell 8.0\bin\;C:\Users\RIFKI\scoop\apps\gcc\current\bin;C:\Users\RIFKI\scoop\shims;C:\Users\RIFKI\AppData\Local\Microsoft\WindowsApps;C:\Users\RIFKI\AppData\Local\Programs\Microsoft VS Code\bin;C:\Users\RIFKI\AppData\Roaming\Composer\vendor\bin;C:\Users\RIFKI\AppData\Local\Microsoft\WindowsApps;C:\Program Files\JetBrains\IntelliJ IDEA 2024.3.1.1\bin;;C:\flutter\src\flutter\bin;C:\Program Files\swipl\bin;
USERNAME=RIFKI
OS=Windows_NT
PROCESSOR_IDENTIFIER=Intel64 Family 6 Model 186 Stepping 2, GenuineIntel
TMP=C:\Users\RIFKI\AppData\Local\Temp
TEMP=C:\Users\RIFKI\AppData\Local\Temp




Periodic native trim disabled

---------------  S Y S T E M  ---------------

OS:
 Windows 11 , 64 bit Build 26100 (10.0.26100.3912)
OS uptime: 0 days 2:53 hours
Hyper-V role detected

CPU: total 16 (initial active 16) (8 cores per cpu, 2 threads per core) family 6 model 186 stepping 2 microcode 0x4123, cx8, cmov, fxsr, ht, mmx, 3dnowpref, sse, sse2, sse3, ssse3, sse4.1, sse4.2, popcnt, lzcnt, tsc, tscinvbit, avx, avx2, aes, erms, clmul, bmi1, bmi2, adx, sha, fma, vzeroupper, clflush, clflushopt, clwb, hv, serialize, rdtscp, rdpid, fsrm, f16c, cet_ibt, cet_ss
Processor Information for processor 0
  Max Mhz: 2200, Current Mhz: 2200, Mhz Limit: 2200
Processor Information for processor 1
  Max Mhz: 2200, Current Mhz: 2200, Mhz Limit: 2200
Processor Information for processor 2
  Max Mhz: 2200, Current Mhz: 2200, Mhz Limit: 2200
Processor Information for processor 3
  Max Mhz: 2200, Current Mhz: 2200, Mhz Limit: 2200
Processor Information for processor 4
  Max Mhz: 2200, Current Mhz: 2200, Mhz Limit: 2200
Processor Information for processor 5
  Max Mhz: 2200, Current Mhz: 2200, Mhz Limit: 2200
Processor Information for processor 6
  Max Mhz: 2200, Current Mhz: 2200, Mhz Limit: 2200
Processor Information for processor 7
  Max Mhz: 2200, Current Mhz: 2200, Mhz Limit: 2200
Processor Information for processor 8
  Max Mhz: 2200, Current Mhz: 1600, Mhz Limit: 1584
Processor Information for processor 9
  Max Mhz: 2200, Current Mhz: 1600, Mhz Limit: 1584
Processor Information for processor 10
  Max Mhz: 2200, Current Mhz: 1600, Mhz Limit: 1584
Processor Information for processor 11
  Max Mhz: 2200, Current Mhz: 1600, Mhz Limit: 1584
Processor Information for processor 12
  Max Mhz: 2200, Current Mhz: 1600, Mhz Limit: 1584
Processor Information for processor 13
  Max Mhz: 2200, Current Mhz: 1600, Mhz Limit: 1584
Processor Information for processor 14
  Max Mhz: 2200, Current Mhz: 1600, Mhz Limit: 1584
Processor Information for processor 15
  Max Mhz: 2200, Current Mhz: 1600, Mhz Limit: 1584

Memory: 4k page, system-wide physical 16095M (2016M free)
TotalPageFile size 18143M (AvailPageFile size 4M)
current process WorkingSet (physical memory assigned to process): 167M, peak: 167M
current process commit charge ("private bytes"): 283M, peak: 284M

vm_info: OpenJDK 64-Bit Server VM (21.0.6+7-LTS) for windows-amd64 JRE (21.0.6+7-LTS), built on 2025-01-21T00:00:00Z by "admin" with MS VC++ 17.7 (VS2022)

END.
