#
# There is insufficient memory for the Java Runtime Environment to continue.
# Native memory allocation (malloc) failed to allocate 1621856 bytes. Error detail: Chunk::new
# Possible reasons:
#   The system is out of physical RAM or swap space
#   This process is running with CompressedOops enabled, and the Java Heap may be blocking the growth of the native heap
# Possible solutions:
#   Reduce memory load on the system
#   Increase physical memory or swap space
#   Check if swap backing store is full
#   Decrease Java heap size (-Xmx/-Xms)
#   Decrease number of Java threads
#   Decrease Java thread stack sizes (-Xss)
#   Set larger code cache with -XX:ReservedCodeCacheSize=
#   JVM is running with Unscaled Compressed Oops mode in which the Java heap is
#     placed in the first 4GB address space. The Java Heap base address is the
#     maximum limit for the native heap growth. Please use -XX:HeapBaseMinAddress
#     to set the Java Heap base and to place the Java Heap above 4GB virtual address.
# This output file may be truncated or incomplete.
#
#  Out of Memory Error (arena.cpp:168), pid=20812, tid=4396
#
# JRE version: OpenJDK Runtime Environment Temurin-21.0.6+7 (21.0.6+7) (build 21.0.6+7-LTS)
# Java VM: OpenJDK 64-Bit Server VM Temurin-21.0.6+7 (21.0.6+7-LTS, mixed mode, sharing, tiered, compressed oops, compressed class ptrs, parallel gc, windows-amd64)
# No core dump will be written. Minidumps are not enabled by default on client versions of Windows
#

---------------  S U M M A R Y ------------

Command Line: --add-modules=ALL-SYSTEM --add-opens=java.base/java.util=ALL-UNNAMED --add-opens=java.base/java.lang=ALL-UNNAMED --add-opens=java.base/sun.nio.fs=ALL-UNNAMED -Declipse.application=org.eclipse.jdt.ls.core.id1 -Dosgi.bundles.defaultStartLevel=4 -Declipse.product=org.eclipse.jdt.ls.core.product -Djava.import.generatesMetadataFilesAtProjectRoot=false -DDetectVMInstallationsJob.disabled=true -Dfile.encoding=utf8 -XX:+UseParallelGC -XX:GCTimeRatio=4 -XX:AdaptiveSizePolicyWeight=90 -Dsun.zip.disableMemoryMapping=true -Xmx1G -Xms100m -Xlog:disable -javaagent:c:\Users\RIFKI\.vscode\extensions\redhat.java-1.41.1-win32-x64\lombok\lombok-1.18.36.jar -XX:+HeapDumpOnOutOfMemoryError -XX:HeapDumpPath=c:\Users\RIFKI\AppData\Roaming\Code\User\workspaceStorage\499810ebefda482d9f3a68ebaacf0943\redhat.java -Daether.dependencyCollector.impl=bf c:\Users\RIFKI\.vscode\extensions\redhat.java-1.41.1-win32-x64\server\plugins\org.eclipse.equinox.launcher_1.7.0.v20250331-1702.jar -configuration c:\Users\RIFKI\AppData\Roaming\Code\User\globalStorage\redhat.java\1.41.1\config_win -data c:\Users\RIFKI\AppData\Roaming\Code\User\workspaceStorage\499810ebefda482d9f3a68ebaacf0943\redhat.java\jdt_ws --pipe=\\.\pipe\lsp-fbedfd2be881d064df4978784a5d46de-sock

Host: 13th Gen Intel(R) Core(TM) i7-1360P, 16 cores, 15G,  Windows 11 , 64 bit Build 26100 (10.0.26100.3912)
Time: Mon Apr 28 18:49:59 2025 SE Asia Standard Time elapsed time: 10.094853 seconds (0d 0h 0m 10s)

---------------  T H R E A D  ---------------

Current thread (0x000001c97f3ce5d0):  JavaThread "C2 CompilerThread4" daemon [_thread_in_native, id=4396, stack(0x0000000330500000,0x0000000330600000) (1024K)]


Current CompileTask:
C2:10094 4680   !   4       org.eclipse.osgi.internal.loader.classpath.ClasspathManager::findClassImpl (343 bytes)

Stack: [0x0000000330500000,0x0000000330600000]
Native frames: (J=compiled Java code, j=interpreted, Vv=VM code, C=native code)
V  [jvm.dll+0x6cdee9]
V  [jvm.dll+0x8a83d1]
V  [jvm.dll+0x8aa8fe]
V  [jvm.dll+0x8aafe3]
V  [jvm.dll+0x27f706]
V  [jvm.dll+0xc500d]
V  [jvm.dll+0xc5543]
V  [jvm.dll+0x3b678c]
V  [jvm.dll+0x382935]
V  [jvm.dll+0x381d9a]
V  [jvm.dll+0x2479f0]
V  [jvm.dll+0x246fcf]
V  [jvm.dll+0x1c75ee]
V  [jvm.dll+0x25685a]
V  [jvm.dll+0x254dfa]
V  [jvm.dll+0x3f0256]
V  [jvm.dll+0x851f8b]
V  [jvm.dll+0x6cc5ed]
C  [ucrtbase.dll+0x37b0]
C  [KERNEL32.DLL+0x2e8d7]
C  [ntdll.dll+0x9c5dc]


---------------  P R O C E S S  ---------------

Threads class SMR info:
_java_thread_list=0x000001c97e5517e0, length=53, elements={
0x000001c96e06d760, 0x000001c9705d53c0, 0x000001c97591c480, 0x000001c9705d8090,
0x000001c9705d9090, 0x000001c9705db370, 0x000001c9705e5380, 0x000001c9705ee290,
0x000001c976ded0a0, 0x000001c976e9cd80, 0x000001c976ed1050, 0x000001c97059b170,
0x000001c976fa1ed0, 0x000001c977151cf0, 0x000001c97d231e20, 0x000001c978ddd820,
0x000001c97d1690a0, 0x000001c97d169700, 0x000001c97dee5820, 0x000001c978e40070,
0x000001c97d909090, 0x000001c97dfb8800, 0x000001c97d908a00, 0x000001c97d9062a0,
0x000001c97d908370, 0x000001c97d906930, 0x000001c97d906fc0, 0x000001c97d909720,
0x000001c97ea36f90, 0x000001c97f3ce5d0, 0x000001c97d907ce0, 0x000001c97d907650,
0x000001c951f847a0, 0x000001c951f84110, 0x000001c951f82d60, 0x000001c951f82040,
0x000001c951f83a80, 0x000001c951f826d0, 0x000001c951f84e30, 0x000001c951f833f0,
0x000001c951f819b0, 0x000001c951f88940, 0x000001c951f861e0, 0x000001c951f86f00,
0x000001c951f86870, 0x000001c951f87590, 0x000001c951f87c20, 0x000001c951f882b0,
0x000001c951f854c0, 0x000001c951f88fd0, 0x000001c951fdf050, 0x000001c951f85b50,
0x000001c952a87650
}

Java Threads: ( => current thread )
  0x000001c96e06d760 JavaThread "main"                              [_thread_blocked, id=9856, stack(0x000000032d700000,0x000000032d800000) (1024K)]
  0x000001c9705d53c0 JavaThread "Reference Handler"          daemon [_thread_blocked, id=21628, stack(0x000000032db00000,0x000000032dc00000) (1024K)]
  0x000001c97591c480 JavaThread "Finalizer"                  daemon [_thread_blocked, id=22432, stack(0x000000032dc00000,0x000000032dd00000) (1024K)]
  0x000001c9705d8090 JavaThread "Signal Dispatcher"          daemon [_thread_blocked, id=10324, stack(0x000000032dd00000,0x000000032de00000) (1024K)]
  0x000001c9705d9090 JavaThread "Attach Listener"            daemon [_thread_blocked, id=20660, stack(0x000000032de00000,0x000000032df00000) (1024K)]
  0x000001c9705db370 JavaThread "Service Thread"             daemon [_thread_blocked, id=14660, stack(0x000000032df00000,0x000000032e000000) (1024K)]
  0x000001c9705e5380 JavaThread "Monitor Deflation Thread"   daemon [_thread_blocked, id=4620, stack(0x000000032e000000,0x000000032e100000) (1024K)]
  0x000001c9705ee290 JavaThread "C2 CompilerThread0"         daemon [_thread_in_native, id=22120, stack(0x000000032e100000,0x000000032e200000) (1024K)]
  0x000001c976ded0a0 JavaThread "C1 CompilerThread0"         daemon [_thread_blocked, id=9568, stack(0x000000032e200000,0x000000032e300000) (1024K)]
  0x000001c976e9cd80 JavaThread "C1 CompilerThread1"         daemon [_thread_blocked, id=20976, stack(0x000000032e300000,0x000000032e400000) (1024K)]
  0x000001c976ed1050 JavaThread "C1 CompilerThread2"         daemon [_thread_blocked, id=20996, stack(0x000000032e400000,0x000000032e500000) (1024K)]
  0x000001c97059b170 JavaThread "Common-Cleaner"             daemon [_thread_blocked, id=18900, stack(0x000000032e600000,0x000000032e700000) (1024K)]
  0x000001c976fa1ed0 JavaThread "C2 CompilerThread1"         daemon [_thread_in_native, id=14300, stack(0x000000032e700000,0x000000032e800000) (1024K)]
  0x000001c977151cf0 JavaThread "Notification Thread"        daemon [_thread_blocked, id=10148, stack(0x000000032e800000,0x000000032e900000) (1024K)]
  0x000001c97d231e20 JavaThread "Active Thread: Equinox Container: 348baaae-7c9a-4614-a50e-59e3f53f4012"        [_thread_blocked, id=12728, stack(0x000000032f200000,0x000000032f300000) (1024K)]
  0x000001c978ddd820 JavaThread "Refresh Thread: Equinox Container: 348baaae-7c9a-4614-a50e-59e3f53f4012" daemon [_thread_blocked, id=22384, stack(0x000000032f300000,0x000000032f400000) (1024K)]
  0x000001c97d1690a0 JavaThread "Framework Event Dispatcher: Equinox Container: 348baaae-7c9a-4614-a50e-59e3f53f4012" daemon [_thread_blocked, id=22396, stack(0x000000032f400000,0x000000032f500000) (1024K)]
  0x000001c97d169700 JavaThread "Start Level: Equinox Container: 348baaae-7c9a-4614-a50e-59e3f53f4012" daemon [_thread_blocked, id=22380, stack(0x000000032f500000,0x000000032f600000) (1024K)]
  0x000001c97dee5820 JavaThread "Bundle File Closer"         daemon [_thread_blocked, id=19692, stack(0x000000032f600000,0x000000032f700000) (1024K)]
  0x000001c978e40070 JavaThread "SCR Component Actor"        daemon [_thread_blocked, id=4972, stack(0x000000032f800000,0x000000032f900000) (1024K)]
  0x000001c97d909090 JavaThread "Worker-JM"                         [_thread_blocked, id=22272, stack(0x000000032fb00000,0x000000032fc00000) (1024K)]
  0x000001c97dfb8800 JavaThread "C2 CompilerThread2"         daemon [_thread_in_vm, id=16540, stack(0x000000032fc00000,0x000000032fd00000) (1024K)]
  0x000001c97d908a00 JavaThread "JNA Cleaner"                daemon [_thread_blocked, id=18816, stack(0x000000032fe00000,0x000000032ff00000) (1024K)]
  0x000001c97d9062a0 JavaThread "Worker-0: Repository registry initialization"        [_thread_in_Java, id=20728, stack(0x000000032ff00000,0x0000000330000000) (1024K)]
  0x000001c97d908370 JavaThread "Worker-1: Updating Maven Dependencies"        [_thread_blocked, id=18624, stack(0x0000000330000000,0x0000000330100000) (1024K)]
  0x000001c97d906930 JavaThread "Java indexing"              daemon [_thread_blocked, id=22212, stack(0x0000000330100000,0x0000000330200000) (1024K)]
  0x000001c97d906fc0 JavaThread "Worker-2"                          [_thread_blocked, id=22488, stack(0x0000000330200000,0x0000000330300000) (1024K)]
  0x000001c97d909720 JavaThread "Worker-3: Initialize After Load"        [_thread_blocked, id=2084, stack(0x0000000330300000,0x0000000330400000) (1024K)]
  0x000001c97ea36f90 JavaThread "C2 CompilerThread3"         daemon [_thread_in_native, id=12308, stack(0x0000000330400000,0x0000000330500000) (1024K)]
=>0x000001c97f3ce5d0 JavaThread "C2 CompilerThread4"         daemon [_thread_in_native, id=4396, stack(0x0000000330500000,0x0000000330600000) (1024K)]
  0x000001c97d907ce0 JavaThread "Worker-4"                          [_thread_blocked, id=17800, stack(0x0000000330800000,0x0000000330900000) (1024K)]
  0x000001c97d907650 JavaThread "Worker-5"                          [_thread_blocked, id=2428, stack(0x0000000330900000,0x0000000330a00000) (1024K)]
  0x000001c951f847a0 JavaThread "Thread-2"                   daemon [_thread_in_native, id=21100, stack(0x0000000330a00000,0x0000000330b00000) (1024K)]
  0x000001c951f84110 JavaThread "Thread-3"                   daemon [_thread_in_native, id=11860, stack(0x0000000330b00000,0x0000000330c00000) (1024K)]
  0x000001c951f82d60 JavaThread "Thread-4"                   daemon [_thread_in_native, id=21860, stack(0x0000000330c00000,0x0000000330d00000) (1024K)]
  0x000001c951f82040 JavaThread "Thread-5"                   daemon [_thread_in_native, id=2740, stack(0x0000000330d00000,0x0000000330e00000) (1024K)]
  0x000001c951f83a80 JavaThread "Thread-6"                   daemon [_thread_in_native, id=22108, stack(0x0000000330e00000,0x0000000330f00000) (1024K)]
  0x000001c951f826d0 JavaThread "Thread-7"                   daemon [_thread_in_native, id=19512, stack(0x0000000330f00000,0x0000000331000000) (1024K)]
  0x000001c951f84e30 JavaThread "Thread-8"                   daemon [_thread_in_native, id=19516, stack(0x0000000331000000,0x0000000331100000) (1024K)]
  0x000001c951f833f0 JavaThread "Thread-9"                   daemon [_thread_in_native, id=19524, stack(0x0000000331100000,0x0000000331200000) (1024K)]
  0x000001c951f819b0 JavaThread "Thread-10"                  daemon [_thread_in_native, id=19540, stack(0x0000000331200000,0x0000000331300000) (1024K)]
  0x000001c951f88940 JavaThread "Thread-11"                  daemon [_thread_in_native, id=19476, stack(0x0000000331300000,0x0000000331400000) (1024K)]
  0x000001c951f861e0 JavaThread "Thread-12"                  daemon [_thread_in_native, id=19568, stack(0x0000000331400000,0x0000000331500000) (1024K)]
  0x000001c951f86f00 JavaThread "Thread-13"                  daemon [_thread_in_native, id=19536, stack(0x0000000331500000,0x0000000331600000) (1024K)]
  0x000001c951f86870 JavaThread "Thread-14"                  daemon [_thread_in_native, id=22072, stack(0x0000000331600000,0x0000000331700000) (1024K)]
  0x000001c951f87590 JavaThread "Thread-15"                  daemon [_thread_in_native, id=22056, stack(0x0000000331700000,0x0000000331800000) (1024K)]
  0x000001c951f87c20 JavaThread "Thread-16"                  daemon [_thread_in_native, id=21028, stack(0x0000000331800000,0x0000000331900000) (1024K)]
  0x000001c951f882b0 JavaThread "Thread-17"                  daemon [_thread_in_native, id=11252, stack(0x0000000331900000,0x0000000331a00000) (1024K)]
  0x000001c951f854c0 JavaThread "Thread-18"                  daemon [_thread_in_native, id=17148, stack(0x0000000331a00000,0x0000000331b00000) (1024K)]
  0x000001c951f88fd0 JavaThread "pool-2-thread-1"                   [_thread_blocked, id=18916, stack(0x0000000331b00000,0x0000000331c00000) (1024K)]
  0x000001c951fdf050 JavaThread "C2 CompilerThread5"         daemon [_thread_in_native, id=9704, stack(0x0000000331c00000,0x0000000331d00000) (1024K)]
  0x000001c951f85b50 JavaThread "WorkspaceEventsHandler"            [_thread_blocked, id=18036, stack(0x0000000331f00000,0x0000000332000000) (1024K)]
  0x000001c952a87650 JavaThread "pool-1-thread-1"                   [_thread_blocked, id=8632, stack(0x0000000332000000,0x0000000332100000) (1024K)]
Total: 53

Other Threads:
  0x000001c975903150 VMThread "VM Thread"                           [id=11796, stack(0x000000032da00000,0x000000032db00000) (1024K)]
  0x000001c9757fca00 WatcherThread "VM Periodic Task Thread"        [id=2124, stack(0x000000032d900000,0x000000032da00000) (1024K)]
  0x000001c97054db50 WorkerThread "GC Thread#0"                     [id=19060, stack(0x000000032d800000,0x000000032d900000) (1024K)]
  0x000001c978d79bd0 WorkerThread "GC Thread#1"                     [id=22408, stack(0x000000032ea00000,0x000000032eb00000) (1024K)]
  0x000001c978770860 WorkerThread "GC Thread#2"                     [id=22416, stack(0x000000032eb00000,0x000000032ec00000) (1024K)]
  0x000001c978770c00 WorkerThread "GC Thread#3"                     [id=7408, stack(0x000000032ec00000,0x000000032ed00000) (1024K)]
  0x000001c978aaadc0 WorkerThread "GC Thread#4"                     [id=22400, stack(0x000000032ed00000,0x000000032ee00000) (1024K)]
  0x000001c978aab160 WorkerThread "GC Thread#5"                     [id=20452, stack(0x000000032ee00000,0x000000032ef00000) (1024K)]
  0x000001c978aac120 WorkerThread "GC Thread#6"                     [id=22524, stack(0x000000032ef00000,0x000000032f000000) (1024K)]
  0x000001c97d3f8570 WorkerThread "GC Thread#7"                     [id=21016, stack(0x000000032f100000,0x000000032f200000) (1024K)]
  0x000001c978df6e20 WorkerThread "GC Thread#8"                     [id=6796, stack(0x000000032f000000,0x000000032f100000) (1024K)]
  0x000001c97dd97a60 WorkerThread "GC Thread#9"                     [id=8784, stack(0x000000032f700000,0x000000032f800000) (1024K)]
  0x000001c97dd976c0 WorkerThread "GC Thread#10"                    [id=4860, stack(0x000000032e900000,0x000000032ea00000) (1024K)]
  0x000001c97dd96f80 WorkerThread "GC Thread#11"                    [id=21864, stack(0x000000032fa00000,0x000000032fb00000) (1024K)]
  0x000001c97dd981a0 WorkerThread "GC Thread#12"                    [id=4612, stack(0x000000032fd00000,0x000000032fe00000) (1024K)]
Total: 15

Threads with active compile tasks:
C2 CompilerThread0  10119 5479       4       java.util.regex.Pattern::atom (422 bytes)
C1 CompilerThread2  10119 5494   !   3       com.google.common.cache.LocalCache$LocalLoadingCache::getUnchecked (19 bytes)
C2 CompilerThread1  10119 5456 %     4       java.io.WinNTFileSystem::normalize @ 22 (143 bytes)
C2 CompilerThread2  10119 5461   !   4       org.eclipse.osgi.internal.loader.classpath.ClasspathManager::defineClass (636 bytes)
C2 CompilerThread3  10119 4734       4       org.eclipse.osgi.internal.loader.BundleLoader::addExportedProvidersFor (167 bytes)
C2 CompilerThread4  10119 4680   !   4       org.eclipse.osgi.internal.loader.classpath.ClasspathManager::findClassImpl (343 bytes)
C2 CompilerThread5  10120 5368   !   4       org.eclipse.osgi.internal.loader.BundleLoader::findClass0 (491 bytes)
Total: 7

VM state: not at safepoint (normal execution)

VM Mutex/Monitor currently owned by a thread: None

Heap address: 0x00000000c0000000, size: 1024 MB, Compressed Oops mode: 32-bit

CDS archive(s) mapped at: [0x000001c90f000000-0x000001c90fba0000-0x000001c90fba0000), size 12189696, SharedBaseAddress: 0x000001c90f000000, ArchiveRelocationMode: 1.
Compressed class space mapped at: 0x000001c910000000-0x000001c950000000, reserved size: 1073741824
Narrow klass base: 0x000001c90f000000, Narrow klass shift: 0, Narrow klass range: 0x100000000

GC Precious Log:
 CardTable entry size: 512
 CPUs: 16 total, 16 available
 Memory: 16095M
 Large Page Support: Disabled
 NUMA Support: Disabled
 Compressed Oops: Enabled (32-bit)
 Alignments: Space 512K, Generation 512K, Heap 2M
 Heap Min Capacity: 100M
 Heap Initial Capacity: 100M
 Heap Max Capacity: 1G
 Pre-touch: Disabled
 Parallel Workers: 13

Heap:
 PSYoungGen      total 23040K, used 19412K [0x00000000eab00000, 0x00000000ec700000, 0x0000000100000000)
  eden space 22016K, 83% used [0x00000000eab00000,0x00000000ebcf92d0,0x00000000ec080000)
  from space 1024K, 98% used [0x00000000ec600000,0x00000000ec6fc010,0x00000000ec700000)
  to   space 1536K, 0% used [0x00000000ec400000,0x00000000ec400000,0x00000000ec580000)
 ParOldGen       total 68608K, used 18097K [0x00000000c0000000, 0x00000000c4300000, 0x00000000eab00000)
  object space 68608K, 26% used [0x00000000c0000000,0x00000000c11ac6c0,0x00000000c4300000)
 Metaspace       used 37892K, committed 38976K, reserved 1114112K
  class space    used 3870K, committed 4352K, reserved 1048576K

Card table byte_map: [0x000001c96fed0000,0x000001c9700e0000] _byte_map_base: 0x000001c96f8d0000

Marking Bits: (ParMarkBitMap*) 0x00007ffa0a833260
 Begin Bits: [0x000001c973720000, 0x000001c974720000)
 End Bits:   [0x000001c974720000, 0x000001c975720000)

Polling page: 0x000001c96e020000

Metaspace:

Usage:
  Non-class:     33.23 MB used.
      Class:      3.78 MB used.
       Both:     37.01 MB used.

Virtual space:
  Non-class space:       64.00 MB reserved,      33.81 MB ( 53%) committed,  1 nodes.
      Class space:        1.00 GB reserved,       4.25 MB ( <1%) committed,  1 nodes.
             Both:        1.06 GB reserved,      38.06 MB (  3%) committed. 

Chunk freelists:
   Non-Class:  14.02 MB
       Class:  11.64 MB
        Both:  25.66 MB

MaxMetaspaceSize: unlimited
CompressedClassSpaceSize: 1.00 GB
Initial GC threshold: 21.00 MB
Current GC threshold: 58.38 MB
CDS: on
 - commit_granule_bytes: 65536.
 - commit_granule_words: 8192.
 - virtual_space_node_default_size: 8388608.
 - enlarge_chunks_in_place: 1.
 - use_allocation_guard: 0.


Internal statistics:

num_allocs_failed_limit: 6.
num_arena_births: 730.
num_arena_deaths: 14.
num_vsnodes_births: 2.
num_vsnodes_deaths: 0.
num_space_committed: 609.
num_space_uncommitted: 0.
num_chunks_returned_to_freelist: 20.
num_chunks_taken_from_freelist: 2379.
num_chunk_merges: 12.
num_chunk_splits: 1472.
num_chunks_enlarged: 835.
num_inconsistent_stats: 0.

CodeHeap 'non-profiled nmethods': size=119168Kb used=2371Kb max_used=2371Kb free=116797Kb
 bounds [0x000001c907ba0000, 0x000001c907e10000, 0x000001c90f000000]
CodeHeap 'profiled nmethods': size=119104Kb used=10360Kb max_used=10566Kb free=108744Kb
 bounds [0x000001c900000000, 0x000001c900a60000, 0x000001c907450000]
CodeHeap 'non-nmethods': size=7488Kb used=2488Kb max_used=3127Kb free=5000Kb
 bounds [0x000001c907450000, 0x000001c907770000, 0x000001c907ba0000]
 total_blobs=5560 nmethods=4902 adapters=562
 compilation: enabled
              stopped_count=0, restarted_count=0
 full_count=0

Compilation events (20 events):
Event: 9.077 Thread 0x000001c976ed16f0 nmethod 5470 0x000001c90054e990 code [0x000001c90054eb20, 0x000001c90054ecd0]
Event: 9.077 Thread 0x000001c976ded0a0 nmethod 5472 0x000001c90054e590 code [0x000001c90054e740, 0x000001c90054e8d8]
Event: 9.077 Thread 0x000001c976ded0a0 5478       3       org.eclipse.core.internal.jobs.JobQueue::peek (26 bytes)
Event: 9.077 Thread 0x000001c976ed16f0 5481       3       java.util.concurrent.ConcurrentLinkedQueue::isEmpty (13 bytes)
Event: 9.078 Thread 0x000001c976ded0a0 nmethod 5478 0x000001c90054e190 code [0x000001c90054e340, 0x000001c90054e4d8]
Event: 9.078 Thread 0x000001c976ed16f0 nmethod 5481 0x000001c90054db90 code [0x000001c90054dd40, 0x000001c90054dee8]
Event: 9.078 Thread 0x000001c976ed1050 nmethod 5469 0x000001c90015eb10 code [0x000001c90015ed60, 0x000001c90015f978]
Event: 9.078 Thread 0x000001c976e9cd80 nmethod 5471 0x000001c900219690 code [0x000001c900219980, 0x000001c90021a868]
Event: 9.079 Thread 0x000001c976ded0a0 5482       3       java.util.concurrent.ConcurrentLinkedQueue::first (65 bytes)
Event: 9.079 Thread 0x000001c976ed16f0 5475       3       java.lang.String::matches (6 bytes)
Event: 9.079 Thread 0x000001c976ed16f0 nmethod 5475 0x000001c90015e410 code [0x000001c90015e600, 0x000001c90015e968]
Event: 9.079 Thread 0x000001c9705ee290 nmethod 5459 0x000001c907c3f010 code [0x000001c907c3f1a0, 0x000001c907c3f248]
Event: 9.079 Thread 0x000001c976ed1050 5476       3       java.util.regex.Pattern::matches (16 bytes)
Event: 9.080 Thread 0x000001c976e9cd80 5477       3       org.eclipse.jdt.ls.core.internal.JobHelpers$ProjectRegistryRefreshJobMatcher::matches (13 bytes)
Event: 9.080 Thread 0x000001c976ed16f0 5473       1       jdk.internal.event.ThreadSleepEvent::isEnabled (2 bytes)
Event: 9.080 Thread 0x000001c976ed1050 nmethod 5476 0x000001c90015de10 code [0x000001c90015dfe0, 0x000001c90015e2c8]
Event: 9.080 Thread 0x000001c976ed16f0 nmethod 5473 0x000001c907c91790 code [0x000001c907c91920, 0x000001c907c919e8]
Event: 9.080 Thread 0x000001c9705ee290 5479       4       java.util.regex.Pattern::atom (422 bytes)
Event: 9.081 Thread 0x000001c976e9cd80 nmethod 5477 0x000001c900218d10 code [0x000001c900218f20, 0x000001c900219418]
Event: 9.082 Thread 0x000001c976ded0a0 nmethod 5482 0x000001c900216a10 code [0x000001c900216da0, 0x000001c900218538]

GC Heap History (20 events):
Event: 4.586 GC heap before
{Heap before GC invocations=7 (full 0):
 PSYoungGen      total 29184K, used 22636K [0x00000000eab00000, 0x00000000ecd80000, 0x0000000100000000)
  eden space 24576K, 75% used [0x00000000eab00000,0x00000000ebd0dec8,0x00000000ec300000)
  from space 4608K, 90% used [0x00000000ec900000,0x00000000ecd0d338,0x00000000ecd80000)
  to   space 4608K, 0% used [0x00000000ec480000,0x00000000ec480000,0x00000000ec900000)
 ParOldGen       total 68608K, used 7878K [0x00000000c0000000, 0x00000000c4300000, 0x00000000eab00000)
  object space 68608K, 11% used [0x00000000c0000000,0x00000000c07b1b20,0x00000000c4300000)
 Metaspace       used 20813K, committed 21504K, reserved 1114112K
  class space    used 2086K, committed 2368K, reserved 1048576K
}
Event: 4.591 GC heap after
{Heap after GC invocations=7 (full 0):
 PSYoungGen      total 29184K, used 4348K [0x00000000eab00000, 0x00000000ecc00000, 0x0000000100000000)
  eden space 24576K, 0% used [0x00000000eab00000,0x00000000eab00000,0x00000000ec300000)
  from space 4608K, 94% used [0x00000000ec480000,0x00000000ec8bf110,0x00000000ec900000)
  to   space 3072K, 0% used [0x00000000ec900000,0x00000000ec900000,0x00000000ecc00000)
 ParOldGen       total 68608K, used 9095K [0x00000000c0000000, 0x00000000c4300000, 0x00000000eab00000)
  object space 68608K, 13% used [0x00000000c0000000,0x00000000c08e1c48,0x00000000c4300000)
 Metaspace       used 20813K, committed 21504K, reserved 1114112K
  class space    used 2086K, committed 2368K, reserved 1048576K
}
Event: 4.591 GC heap before
{Heap before GC invocations=8 (full 1):
 PSYoungGen      total 29184K, used 4348K [0x00000000eab00000, 0x00000000ecc00000, 0x0000000100000000)
  eden space 24576K, 0% used [0x00000000eab00000,0x00000000eab00000,0x00000000ec300000)
  from space 4608K, 94% used [0x00000000ec480000,0x00000000ec8bf110,0x00000000ec900000)
  to   space 3072K, 0% used [0x00000000ec900000,0x00000000ec900000,0x00000000ecc00000)
 ParOldGen       total 68608K, used 9095K [0x00000000c0000000, 0x00000000c4300000, 0x00000000eab00000)
  object space 68608K, 13% used [0x00000000c0000000,0x00000000c08e1c48,0x00000000c4300000)
 Metaspace       used 20813K, committed 21504K, reserved 1114112K
  class space    used 2086K, committed 2368K, reserved 1048576K
}
Event: 4.636 GC heap after
{Heap after GC invocations=8 (full 1):
 PSYoungGen      total 29184K, used 0K [0x00000000eab00000, 0x00000000ecc00000, 0x0000000100000000)
  eden space 24576K, 0% used [0x00000000eab00000,0x00000000eab00000,0x00000000ec300000)
  from space 4608K, 0% used [0x00000000ec480000,0x00000000ec480000,0x00000000ec900000)
  to   space 3072K, 0% used [0x00000000ec900000,0x00000000ec900000,0x00000000ecc00000)
 ParOldGen       total 68608K, used 12710K [0x00000000c0000000, 0x00000000c4300000, 0x00000000eab00000)
  object space 68608K, 18% used [0x00000000c0000000,0x00000000c0c69948,0x00000000c4300000)
 Metaspace       used 20800K, committed 21504K, reserved 1114112K
  class space    used 2083K, committed 2368K, reserved 1048576K
}
Event: 4.925 GC heap before
{Heap before GC invocations=9 (full 1):
 PSYoungGen      total 29184K, used 24574K [0x00000000eab00000, 0x00000000ecc00000, 0x0000000100000000)
  eden space 24576K, 99% used [0x00000000eab00000,0x00000000ec2ffae0,0x00000000ec300000)
  from space 4608K, 0% used [0x00000000ec480000,0x00000000ec480000,0x00000000ec900000)
  to   space 3072K, 0% used [0x00000000ec900000,0x00000000ec900000,0x00000000ecc00000)
 ParOldGen       total 68608K, used 12710K [0x00000000c0000000, 0x00000000c4300000, 0x00000000eab00000)
  object space 68608K, 18% used [0x00000000c0000000,0x00000000c0c69948,0x00000000c4300000)
 Metaspace       used 23463K, committed 24256K, reserved 1114112K
  class space    used 2245K, committed 2560K, reserved 1048576K
}
Event: 4.927 GC heap after
{Heap after GC invocations=9 (full 1):
 PSYoungGen      total 25088K, used 646K [0x00000000eab00000, 0x00000000eca00000, 0x0000000100000000)
  eden space 24064K, 0% used [0x00000000eab00000,0x00000000eab00000,0x00000000ec280000)
  from space 1024K, 63% used [0x00000000ec900000,0x00000000ec9a19c8,0x00000000eca00000)
  to   space 2048K, 0% used [0x00000000ec600000,0x00000000ec600000,0x00000000ec800000)
 ParOldGen       total 68608K, used 12718K [0x00000000c0000000, 0x00000000c4300000, 0x00000000eab00000)
  object space 68608K, 18% used [0x00000000c0000000,0x00000000c0c6b948,0x00000000c4300000)
 Metaspace       used 23463K, committed 24256K, reserved 1114112K
  class space    used 2245K, committed 2560K, reserved 1048576K
}
Event: 5.234 GC heap before
{Heap before GC invocations=10 (full 1):
 PSYoungGen      total 25088K, used 24710K [0x00000000eab00000, 0x00000000eca00000, 0x0000000100000000)
  eden space 24064K, 100% used [0x00000000eab00000,0x00000000ec280000,0x00000000ec280000)
  from space 1024K, 63% used [0x00000000ec900000,0x00000000ec9a19c8,0x00000000eca00000)
  to   space 2048K, 0% used [0x00000000ec600000,0x00000000ec600000,0x00000000ec800000)
 ParOldGen       total 68608K, used 12718K [0x00000000c0000000, 0x00000000c4300000, 0x00000000eab00000)
  object space 68608K, 18% used [0x00000000c0000000,0x00000000c0c6b948,0x00000000c4300000)
 Metaspace       used 26352K, committed 27072K, reserved 1114112K
  class space    used 2472K, committed 2752K, reserved 1048576K
}
Event: 5.237 GC heap after
{Heap after GC invocations=10 (full 1):
 PSYoungGen      total 25600K, used 1568K [0x00000000eab00000, 0x00000000ec980000, 0x0000000100000000)
  eden space 23552K, 0% used [0x00000000eab00000,0x00000000eab00000,0x00000000ec200000)
  from space 2048K, 76% used [0x00000000ec600000,0x00000000ec788348,0x00000000ec800000)
  to   space 1536K, 0% used [0x00000000ec800000,0x00000000ec800000,0x00000000ec980000)
 ParOldGen       total 68608K, used 13499K [0x00000000c0000000, 0x00000000c4300000, 0x00000000eab00000)
  object space 68608K, 19% used [0x00000000c0000000,0x00000000c0d2ee58,0x00000000c4300000)
 Metaspace       used 26352K, committed 27072K, reserved 1114112K
  class space    used 2472K, committed 2752K, reserved 1048576K
}
Event: 5.656 GC heap before
{Heap before GC invocations=11 (full 1):
 PSYoungGen      total 25600K, used 25120K [0x00000000eab00000, 0x00000000ec980000, 0x0000000100000000)
  eden space 23552K, 100% used [0x00000000eab00000,0x00000000ec200000,0x00000000ec200000)
  from space 2048K, 76% used [0x00000000ec600000,0x00000000ec788348,0x00000000ec800000)
  to   space 1536K, 0% used [0x00000000ec800000,0x00000000ec800000,0x00000000ec980000)
 ParOldGen       total 68608K, used 13499K [0x00000000c0000000, 0x00000000c4300000, 0x00000000eab00000)
  object space 68608K, 19% used [0x00000000c0000000,0x00000000c0d2ee58,0x00000000c4300000)
 Metaspace       used 28514K, committed 29376K, reserved 1114112K
  class space    used 2667K, committed 3008K, reserved 1048576K
}
Event: 5.659 GC heap after
{Heap after GC invocations=11 (full 1):
 PSYoungGen      total 24576K, used 1523K [0x00000000eab00000, 0x00000000ec980000, 0x0000000100000000)
  eden space 23040K, 0% used [0x00000000eab00000,0x00000000eab00000,0x00000000ec180000)
  from space 1536K, 99% used [0x00000000ec800000,0x00000000ec97cdf8,0x00000000ec980000)
  to   space 3072K, 0% used [0x00000000ec380000,0x00000000ec380000,0x00000000ec680000)
 ParOldGen       total 68608K, used 14553K [0x00000000c0000000, 0x00000000c4300000, 0x00000000eab00000)
  object space 68608K, 21% used [0x00000000c0000000,0x00000000c0e36560,0x00000000c4300000)
 Metaspace       used 28514K, committed 29376K, reserved 1114112K
  class space    used 2667K, committed 3008K, reserved 1048576K
}
Event: 6.185 GC heap before
{Heap before GC invocations=12 (full 1):
 PSYoungGen      total 24576K, used 24563K [0x00000000eab00000, 0x00000000ec980000, 0x0000000100000000)
  eden space 23040K, 100% used [0x00000000eab00000,0x00000000ec180000,0x00000000ec180000)
  from space 1536K, 99% used [0x00000000ec800000,0x00000000ec97cdf8,0x00000000ec980000)
  to   space 3072K, 0% used [0x00000000ec380000,0x00000000ec380000,0x00000000ec680000)
 ParOldGen       total 68608K, used 14553K [0x00000000c0000000, 0x00000000c4300000, 0x00000000eab00000)
  object space 68608K, 21% used [0x00000000c0000000,0x00000000c0e36560,0x00000000c4300000)
 Metaspace       used 31687K, committed 32768K, reserved 1114112K
  class space    used 3055K, committed 3520K, reserved 1048576K
}
Event: 6.188 GC heap after
{Heap after GC invocations=12 (full 1):
 PSYoungGen      total 25600K, used 1733K [0x00000000eab00000, 0x00000000ec880000, 0x0000000100000000)
  eden space 22528K, 0% used [0x00000000eab00000,0x00000000eab00000,0x00000000ec100000)
  from space 3072K, 56% used [0x00000000ec380000,0x00000000ec531428,0x00000000ec680000)
  to   space 2048K, 0% used [0x00000000ec680000,0x00000000ec680000,0x00000000ec880000)
 ParOldGen       total 68608K, used 15959K [0x00000000c0000000, 0x00000000c4300000, 0x00000000eab00000)
  object space 68608K, 23% used [0x00000000c0000000,0x00000000c0f95cf0,0x00000000c4300000)
 Metaspace       used 31687K, committed 32768K, reserved 1114112K
  class space    used 3055K, committed 3520K, reserved 1048576K
}
Event: 6.688 GC heap before
{Heap before GC invocations=13 (full 1):
 PSYoungGen      total 25600K, used 24261K [0x00000000eab00000, 0x00000000ec880000, 0x0000000100000000)
  eden space 22528K, 100% used [0x00000000eab00000,0x00000000ec100000,0x00000000ec100000)
  from space 3072K, 56% used [0x00000000ec380000,0x00000000ec531428,0x00000000ec680000)
  to   space 2048K, 0% used [0x00000000ec680000,0x00000000ec680000,0x00000000ec880000)
 ParOldGen       total 68608K, used 15959K [0x00000000c0000000, 0x00000000c4300000, 0x00000000eab00000)
  object space 68608K, 23% used [0x00000000c0000000,0x00000000c0f95cf0,0x00000000c4300000)
 Metaspace       used 34618K, committed 35648K, reserved 1114112K
  class space    used 3450K, committed 3904K, reserved 1048576K
}
Event: 6.691 GC heap after
{Heap after GC invocations=13 (full 1):
 PSYoungGen      total 24064K, used 1552K [0x00000000eab00000, 0x00000000ec880000, 0x0000000100000000)
  eden space 22016K, 0% used [0x00000000eab00000,0x00000000eab00000,0x00000000ec080000)
  from space 2048K, 75% used [0x00000000ec680000,0x00000000ec804010,0x00000000ec880000)
  to   space 2048K, 0% used [0x00000000ec480000,0x00000000ec480000,0x00000000ec680000)
 ParOldGen       total 68608K, used 17177K [0x00000000c0000000, 0x00000000c4300000, 0x00000000eab00000)
  object space 68608K, 25% used [0x00000000c0000000,0x00000000c10c6530,0x00000000c4300000)
 Metaspace       used 34618K, committed 35648K, reserved 1114112K
  class space    used 3450K, committed 3904K, reserved 1048576K
}
Event: 6.804 GC heap before
{Heap before GC invocations=14 (full 1):
 PSYoungGen      total 24064K, used 3691K [0x00000000eab00000, 0x00000000ec880000, 0x0000000100000000)
  eden space 22016K, 9% used [0x00000000eab00000,0x00000000ead16c58,0x00000000ec080000)
  from space 2048K, 75% used [0x00000000ec680000,0x00000000ec804010,0x00000000ec880000)
  to   space 2048K, 0% used [0x00000000ec480000,0x00000000ec480000,0x00000000ec680000)
 ParOldGen       total 68608K, used 17177K [0x00000000c0000000, 0x00000000c4300000, 0x00000000eab00000)
  object space 68608K, 25% used [0x00000000c0000000,0x00000000c10c6530,0x00000000c4300000)
 Metaspace       used 34834K, committed 35840K, reserved 1114112K
  class space    used 3485K, committed 3968K, reserved 1048576K
}
Event: 6.807 GC heap after
{Heap after GC invocations=14 (full 1):
 PSYoungGen      total 22528K, used 384K [0x00000000eab00000, 0x00000000ec700000, 0x0000000100000000)
  eden space 22016K, 0% used [0x00000000eab00000,0x00000000eab00000,0x00000000ec080000)
  from space 512K, 75% used [0x00000000ec480000,0x00000000ec4e0000,0x00000000ec500000)
  to   space 1024K, 0% used [0x00000000ec600000,0x00000000ec600000,0x00000000ec700000)
 ParOldGen       total 68608K, used 18529K [0x00000000c0000000, 0x00000000c4300000, 0x00000000eab00000)
  object space 68608K, 27% used [0x00000000c0000000,0x00000000c1218570,0x00000000c4300000)
 Metaspace       used 34834K, committed 35840K, reserved 1114112K
  class space    used 3485K, committed 3968K, reserved 1048576K
}
Event: 6.807 GC heap before
{Heap before GC invocations=15 (full 2):
 PSYoungGen      total 22528K, used 384K [0x00000000eab00000, 0x00000000ec700000, 0x0000000100000000)
  eden space 22016K, 0% used [0x00000000eab00000,0x00000000eab00000,0x00000000ec080000)
  from space 512K, 75% used [0x00000000ec480000,0x00000000ec4e0000,0x00000000ec500000)
  to   space 1024K, 0% used [0x00000000ec600000,0x00000000ec600000,0x00000000ec700000)
 ParOldGen       total 68608K, used 18529K [0x00000000c0000000, 0x00000000c4300000, 0x00000000eab00000)
  object space 68608K, 27% used [0x00000000c0000000,0x00000000c1218570,0x00000000c4300000)
 Metaspace       used 34834K, committed 35840K, reserved 1114112K
  class space    used 3485K, committed 3968K, reserved 1048576K
}
Event: 6.848 GC heap after
{Heap after GC invocations=15 (full 2):
 PSYoungGen      total 22528K, used 0K [0x00000000eab00000, 0x00000000ec700000, 0x0000000100000000)
  eden space 22016K, 0% used [0x00000000eab00000,0x00000000eab00000,0x00000000ec080000)
  from space 512K, 0% used [0x00000000ec480000,0x00000000ec480000,0x00000000ec500000)
  to   space 1024K, 0% used [0x00000000ec600000,0x00000000ec600000,0x00000000ec700000)
 ParOldGen       total 68608K, used 18081K [0x00000000c0000000, 0x00000000c4300000, 0x00000000eab00000)
  object space 68608K, 26% used [0x00000000c0000000,0x00000000c11a86c0,0x00000000c4300000)
 Metaspace       used 34834K, committed 35840K, reserved 1114112K
  class space    used 3485K, committed 3968K, reserved 1048576K
}
Event: 7.550 GC heap before
{Heap before GC invocations=16 (full 2):
 PSYoungGen      total 22528K, used 22016K [0x00000000eab00000, 0x00000000ec700000, 0x0000000100000000)
  eden space 22016K, 100% used [0x00000000eab00000,0x00000000ec080000,0x00000000ec080000)
  from space 512K, 0% used [0x00000000ec480000,0x00000000ec480000,0x00000000ec500000)
  to   space 1024K, 0% used [0x00000000ec600000,0x00000000ec600000,0x00000000ec700000)
 ParOldGen       total 68608K, used 18081K [0x00000000c0000000, 0x00000000c4300000, 0x00000000eab00000)
  object space 68608K, 26% used [0x00000000c0000000,0x00000000c11a86c0,0x00000000c4300000)
 Metaspace       used 36502K, committed 37568K, reserved 1114112K
  class space    used 3703K, committed 4160K, reserved 1048576K
}
Event: 7.552 GC heap after
{Heap after GC invocations=16 (full 2):
 PSYoungGen      total 23040K, used 1008K [0x00000000eab00000, 0x00000000ec700000, 0x0000000100000000)
  eden space 22016K, 0% used [0x00000000eab00000,0x00000000eab00000,0x00000000ec080000)
  from space 1024K, 98% used [0x00000000ec600000,0x00000000ec6fc010,0x00000000ec700000)
  to   space 1536K, 0% used [0x00000000ec400000,0x00000000ec400000,0x00000000ec580000)
 ParOldGen       total 68608K, used 18097K [0x00000000c0000000, 0x00000000c4300000, 0x00000000eab00000)
  object space 68608K, 26% used [0x00000000c0000000,0x00000000c11ac6c0,0x00000000c4300000)
 Metaspace       used 36502K, committed 37568K, reserved 1114112K
  class space    used 3703K, committed 4160K, reserved 1048576K
}

Dll operation events (10 events):
Event: 0.016 Loaded shared library c:\Users\RIFKI\.vscode\extensions\redhat.java-1.41.1-win32-x64\jre\21.0.6-win32-x86_64\bin\java.dll
Event: 0.094 Loaded shared library c:\Users\RIFKI\.vscode\extensions\redhat.java-1.41.1-win32-x64\jre\21.0.6-win32-x86_64\bin\zip.dll
Event: 0.119 Loaded shared library C:\Users\RIFKI\.vscode\extensions\redhat.java-1.41.1-win32-x64\jre\21.0.6-win32-x86_64\bin\instrument.dll
Event: 0.124 Loaded shared library C:\Users\RIFKI\.vscode\extensions\redhat.java-1.41.1-win32-x64\jre\21.0.6-win32-x86_64\bin\net.dll
Event: 0.127 Loaded shared library C:\Users\RIFKI\.vscode\extensions\redhat.java-1.41.1-win32-x64\jre\21.0.6-win32-x86_64\bin\nio.dll
Event: 0.130 Loaded shared library C:\Users\RIFKI\.vscode\extensions\redhat.java-1.41.1-win32-x64\jre\21.0.6-win32-x86_64\bin\zip.dll
Event: 0.152 Loaded shared library C:\Users\RIFKI\.vscode\extensions\redhat.java-1.41.1-win32-x64\jre\21.0.6-win32-x86_64\bin\jimage.dll
Event: 0.232 Loaded shared library c:\Users\RIFKI\.vscode\extensions\redhat.java-1.41.1-win32-x64\jre\21.0.6-win32-x86_64\bin\verify.dll
Event: 1.866 Loaded shared library C:\Users\RIFKI\AppData\Roaming\Code\User\globalStorage\redhat.java\1.41.1\config_win\org.eclipse.equinox.launcher\org.eclipse.equinox.launcher.win32.win32.x86_64_1.2.1300.v20250331-1702\eclipse_11911.dll
Event: 3.813 Loaded shared library C:\Users\RIFKI\AppData\Local\Temp\jna-77973133\jna3822441040064058901.dll

Deoptimization events (20 events):
Event: 7.576 Thread 0x000001c952a87650 Uncommon trap: trap_request=0xffffff45 fr.pc=0x000001c907dd30b8 relative=0x0000000000000878
Event: 7.577 Thread 0x000001c952a87650 Uncommon trap: reason=unstable_if action=reinterpret pc=0x000001c907dd30b8 method=com.google.gson.stream.JsonReader.nextQuotedValue(C)Ljava/lang/String; @ 120 c2
Event: 7.577 Thread 0x000001c952a87650 DEOPT PACKING pc=0x000001c907dd30b8 sp=0x00000003320fe470
Event: 7.577 Thread 0x000001c952a87650 DEOPT UNPACKING pc=0x000001c9074a3aa2 sp=0x00000003320fe408 mode 2
Event: 7.622 Thread 0x000001c96e06d760 Uncommon trap: trap_request=0xffffff45 fr.pc=0x000001c907de9998 relative=0x0000000000002238
Event: 7.622 Thread 0x000001c96e06d760 Uncommon trap: reason=unstable_if action=reinterpret pc=0x000001c907de9998 method=sun.nio.cs.StreamDecoder.implRead([CII)I @ 186 c2
Event: 7.622 Thread 0x000001c96e06d760 DEOPT PACKING pc=0x000001c907de9998 sp=0x000000032d7fe9e0
Event: 7.623 Thread 0x000001c96e06d760 DEOPT UNPACKING pc=0x000001c9074a3aa2 sp=0x000000032d7fe830 mode 2
Event: 7.979 Thread 0x000001c952a87650 Uncommon trap: trap_request=0xffffff45 fr.pc=0x000001c907ca2bd4 relative=0x0000000000001874
Event: 7.979 Thread 0x000001c952a87650 Uncommon trap: reason=unstable_if action=reinterpret pc=0x000001c907ca2bd4 method=sun.nio.cs.StreamDecoder.implRead([CII)I @ 36 c2
Event: 7.980 Thread 0x000001c952a87650 DEOPT PACKING pc=0x000001c907ca2bd4 sp=0x00000003320fdd50
Event: 7.980 Thread 0x000001c952a87650 DEOPT UNPACKING pc=0x000001c9074a3aa2 sp=0x00000003320fdc18 mode 2
Event: 8.008 Thread 0x000001c952a87650 Uncommon trap: trap_request=0xffffff45 fr.pc=0x000001c907c32558 relative=0x0000000000002278
Event: 8.008 Thread 0x000001c952a87650 Uncommon trap: reason=unstable_if action=reinterpret pc=0x000001c907c32558 method=sun.nio.cs.StreamDecoder.implRead([CII)I @ 186 c2
Event: 8.008 Thread 0x000001c952a87650 DEOPT PACKING pc=0x000001c907c32558 sp=0x00000003320fe9c0
Event: 8.008 Thread 0x000001c952a87650 DEOPT UNPACKING pc=0x000001c9074a3aa2 sp=0x00000003320fe928 mode 2
Event: 8.008 Thread 0x000001c952a87650 Uncommon trap: trap_request=0xffffff45 fr.pc=0x000001c907dc7fa4 relative=0x00000000000001e4
Event: 8.008 Thread 0x000001c952a87650 Uncommon trap: reason=unstable_if action=reinterpret pc=0x000001c907dc7fa4 method=com.google.gson.stream.JsonReader.nextNonWhitespace(Z)I @ 32 c2
Event: 8.009 Thread 0x000001c952a87650 DEOPT PACKING pc=0x000001c907dc7fa4 sp=0x00000003320fec20
Event: 8.009 Thread 0x000001c952a87650 DEOPT UNPACKING pc=0x000001c9074a3aa2 sp=0x00000003320feb98 mode 2

Classes loaded (20 events):
Event: 7.514 Loading class sun/util/locale/provider/CalendarDataUtility$CalendarFieldValueNamesMapGetter
Event: 7.515 Loading class sun/util/locale/provider/CalendarDataUtility$CalendarFieldValueNamesMapGetter done
Event: 7.517 Loading class sun/util/cldr/CLDRCalendarNameProviderImpl
Event: 7.517 Loading class sun/util/locale/provider/CalendarNameProviderImpl
Event: 7.518 Loading class sun/util/locale/provider/CalendarNameProviderImpl done
Event: 7.518 Loading class sun/util/cldr/CLDRCalendarNameProviderImpl done
Event: 7.521 Loading class sun/util/locale/provider/BaseLocaleDataMetaInfo
Event: 7.521 Loading class sun/util/locale/provider/BaseLocaleDataMetaInfo done
Event: 7.529 Loading class sun/util/locale/provider/CalendarNameProviderImpl$LengthBasedComparator
Event: 7.530 Loading class sun/util/locale/provider/CalendarNameProviderImpl$LengthBasedComparator done
Event: 7.540 Loading class java/io/PrintWriter$1
Event: 7.540 Loading class jdk/internal/access/JavaIOPrintWriterAccess
Event: 7.540 Loading class jdk/internal/access/JavaIOPrintWriterAccess done
Event: 7.541 Loading class java/io/PrintWriter$1 done
Event: 7.553 Loading class java/time/format/DateTimeParseContext
Event: 7.554 Loading class java/time/format/DateTimeParseContext done
Event: 7.555 Loading class java/time/format/Parsed
Event: 7.556 Loading class java/time/format/Parsed done
Event: 7.708 Loading class sun/reflect/generics/repository/FieldRepository
Event: 7.708 Loading class sun/reflect/generics/repository/FieldRepository done

Classes unloaded (7 events):
Event: 4.598 Thread 0x000001c975903150 Unloading class 0x000001c91019e400 'java/lang/invoke/LambdaForm$MH+0x000001c91019e400'
Event: 4.598 Thread 0x000001c975903150 Unloading class 0x000001c91019e000 'java/lang/invoke/LambdaForm$MH+0x000001c91019e000'
Event: 4.598 Thread 0x000001c975903150 Unloading class 0x000001c91019dc00 'java/lang/invoke/LambdaForm$MH+0x000001c91019dc00'
Event: 4.598 Thread 0x000001c975903150 Unloading class 0x000001c91019d800 'java/lang/invoke/LambdaForm$MH+0x000001c91019d800'
Event: 4.598 Thread 0x000001c975903150 Unloading class 0x000001c91019d400 'java/lang/invoke/LambdaForm$BMH+0x000001c91019d400'
Event: 4.598 Thread 0x000001c975903150 Unloading class 0x000001c91019d000 'java/lang/invoke/LambdaForm$DMH+0x000001c91019d000'
Event: 4.598 Thread 0x000001c975903150 Unloading class 0x000001c91019bc00 'java/lang/invoke/LambdaForm$DMH+0x000001c91019bc00'

Classes redefined (0 events):
No events

Internal exceptions (20 events):
Event: 5.651 Thread 0x000001c97d908370 Exception <a 'java/lang/NoSuchMethodError'{0x00000000ec15ca08}: 'java.lang.Object java.lang.invoke.DirectMethodHandle$Holder.invokeStatic(java.lang.Object, int, java.lang.Object, java.lang.Object)'> (0x00000000ec15ca08) 
thrown [s\src\hotspot\share\interpreter\linkResolver.cpp, line 773]
Event: 5.652 Thread 0x000001c97d908370 Exception <a 'java/lang/NoSuchMethodError'{0x00000000ec160448}: 'java.lang.Object java.lang.invoke.DelegatingMethodHandle$Holder.delegate(java.lang.Object, int, java.lang.Object, java.lang.Object)'> (0x00000000ec160448) 
thrown [s\src\hotspot\share\interpreter\linkResolver.cpp, line 773]
Event: 5.660 Thread 0x000001c97d908370 Exception <a 'java/lang/NoSuchMethodError'{0x00000000eab74590}: 'int java.lang.invoke.Invokers$Holder.linkToTargetMethod(java.lang.Object, java.lang.Object, java.lang.Object)'> (0x00000000eab74590) 
thrown [s\src\hotspot\share\interpreter\linkResolver.cpp, line 773]
Event: 5.718 Thread 0x000001c97d169700 Exception <a 'java/lang/ClassNotFoundException'{0x00000000ead12b58}: com/sun/org/apache/xml/internal/serializer/spi/XMLEntitiesProvider> (0x00000000ead12b58) 
thrown [s\src\hotspot\share\classfile\systemDictionary.cpp, line 312]
Event: 5.723 Thread 0x000001c97d9062a0 Exception <a 'java/lang/NoSuchMethodError'{0x00000000ead7bb58}: 'java.lang.Object java.lang.invoke.DirectMethodHandle$Holder.invokeSpecialIFC(java.lang.Object, java.lang.Object, java.lang.Object, java.lang.Object)'> (0x00000000ead7bb58) 
thrown [s\src\hotspot\share\interpreter\linkResolver.cpp, line 773]
Event: 5.951 Thread 0x000001c97d169700 Exception <a 'java/io/FileNotFoundException'{0x00000000eb3da858}> (0x00000000eb3da858) 
thrown [s\src\hotspot\share\prims\jni.cpp, line 520]
Event: 6.005 Thread 0x000001c97d169700 Exception <a 'java/lang/UnsatisfiedLinkError'{0x00000000eb6800f8}: The specified procedure could not be found.
> (0x00000000eb6800f8) 
thrown [s\src\hotspot\share\prims\jni.cpp, line 539]
Event: 6.011 Thread 0x000001c97d169700 Exception <a 'java/io/FileNotFoundException'{0x00000000eb697ad8}> (0x00000000eb697ad8) 
thrown [s\src\hotspot\share\prims\jni.cpp, line 520]
Event: 6.033 Thread 0x000001c97d169700 Exception <a 'java/io/FileNotFoundException'{0x00000000eb7e0d78}> (0x00000000eb7e0d78) 
thrown [s\src\hotspot\share\prims\jni.cpp, line 520]
Event: 6.053 Thread 0x000001c97d169700 Exception <a 'java/lang/UnsatisfiedLinkError'{0x00000000eb8a7df8}: The specified procedure could not be found.
> (0x00000000eb8a7df8) 
thrown [s\src\hotspot\share\prims\jni.cpp, line 539]
Event: 6.172 Thread 0x000001c97d906fc0 Exception <a 'java/lang/NoSuchMethodError'{0x00000000ebfad110}: 'void java.lang.invoke.DirectMethodHandle$Holder.invokeStaticInit(java.lang.Object, java.lang.Object, java.lang.Object, java.lang.Object)'> (0x00000000ebfad110) 
thrown [s\src\hotspot\share\interpreter\linkResolver.cpp, line 773]
Event: 6.293 Thread 0x000001c96e06d760 Exception <a 'java/lang/NoSuchMethodError'{0x00000000eb098b88}: 'java.lang.Object java.lang.invoke.DirectMethodHandle$Holder.invokeStatic(java.lang.Object, long, java.lang.Object)'> (0x00000000eb098b88) 
thrown [s\src\hotspot\share\interpreter\linkResolver.cpp, line 773]
Event: 6.297 Thread 0x000001c96e06d760 Exception <a 'java/lang/NoSuchMethodError'{0x00000000eb0cd5c8}: 'java.lang.Object java.lang.invoke.DirectMethodHandle$Holder.invokeStaticInit(java.lang.Object, long, java.lang.Object)'> (0x00000000eb0cd5c8) 
thrown [s\src\hotspot\share\interpreter\linkResolver.cpp, line 773]
Event: 6.301 Thread 0x000001c96e06d760 Exception <a 'java/lang/NoSuchMethodError'{0x00000000eb143f48}: 'java.lang.Object java.lang.invoke.DirectMethodHandle$Holder.newInvokeSpecial(java.lang.Object, long)'> (0x00000000eb143f48) 
thrown [s\src\hotspot\share\interpreter\linkResolver.cpp, line 773]
Event: 6.406 Thread 0x000001c97d909720 Exception <a 'java/io/FileNotFoundException'{0x00000000eb6dc408}> (0x00000000eb6dc408) 
thrown [s\src\hotspot\share\prims\jni.cpp, line 520]
Event: 6.431 Thread 0x000001c97d9062a0 Exception <a 'java/lang/NoSuchMethodError'{0x00000000eb7ead90}: 'int java.lang.invoke.DirectMethodHandle$Holder.invokeStatic(java.lang.Object, java.lang.Object, java.lang.Object, java.lang.Object, java.lang.Object)'> (0x00000000eb7ead90) 
thrown [s\src\hotspot\share\interpreter\linkResolver.cpp, line 773]
Event: 6.973 Thread 0x000001c97d9062a0 Exception <a 'java/lang/NoClassDefFoundError'{0x00000000ead6b5f8}: javax/enterprise/inject/Typed> (0x00000000ead6b5f8) 
thrown [s\src\hotspot\share\classfile\systemDictionary.cpp, line 301]
Event: 7.350 Thread 0x000001c96e06d760 Exception <a 'java/lang/NoSuchMethodError'{0x00000000ebbcc908}: 'void java.lang.invoke.DirectMethodHandle$Holder.invokeSpecial(java.lang.Object, java.lang.Object, java.lang.Object, java.lang.Object, java.lang.Object, java.lang.Object)'> (0x00000000ebbcc908) 
thrown [s\src\hotspot\share\interpreter\linkResolver.cpp, line 773]
Event: 7.358 Thread 0x000001c96e06d760 Exception <a 'java/lang/IncompatibleClassChangeError'{0x00000000ebbf6dd8}: Found class java.lang.Object, but interface was expected> (0x00000000ebbf6dd8) 
thrown [s\src\hotspot\share\interpreter\linkResolver.cpp, line 840]
Event: 7.360 Thread 0x000001c96e06d760 Exception <a 'java/lang/IncompatibleClassChangeError'{0x00000000ebbf8b60}: Found class java.lang.Object, but interface was expected> (0x00000000ebbf8b60) 
thrown [s\src\hotspot\share\interpreter\linkResolver.cpp, line 840]

ZGC Phase Switch (0 events):
No events

VM Operations (20 events):
Event: 5.659 Executing VM operation: ParallelGCFailedAllocation (Allocation Failure) done
Event: 5.709 Executing VM operation: HandshakeAllThreads (Deoptimize)
Event: 5.713 Executing VM operation: HandshakeAllThreads (Deoptimize) done
Event: 5.723 Executing VM operation: HandshakeAllThreads (Deoptimize)
Event: 5.723 Executing VM operation: HandshakeAllThreads (Deoptimize) done
Event: 5.792 Executing VM operation: HandshakeAllThreads (Deoptimize)
Event: 5.792 Executing VM operation: HandshakeAllThreads (Deoptimize) done
Event: 6.185 Executing VM operation: ParallelGCFailedAllocation (Allocation Failure)
Event: 6.188 Executing VM operation: ParallelGCFailedAllocation (Allocation Failure) done
Event: 6.687 Executing VM operation: ParallelGCFailedAllocation (Allocation Failure)
Event: 6.691 Executing VM operation: ParallelGCFailedAllocation (Allocation Failure) done
Event: 6.795 Executing VM operation: CollectForMetadataAllocation (Metadata GC Threshold)
Event: 6.848 Executing VM operation: CollectForMetadataAllocation (Metadata GC Threshold) done
Event: 6.934 Executing VM operation: HandshakeAllThreads (Deoptimize)
Event: 6.934 Executing VM operation: HandshakeAllThreads (Deoptimize) done
Event: 7.546 Executing VM operation: ParallelGCFailedAllocation (Allocation Failure)
Event: 7.552 Executing VM operation: ParallelGCFailedAllocation (Allocation Failure) done
Event: 8.564 Executing VM operation: Cleanup
Event: 8.564 Executing VM operation: Cleanup done
Event: 9.577 Executing VM operation: Cleanup

Memory protections (0 events):
No events

Nmethod flushes (20 events):
Event: 6.831 Thread 0x000001c975903150 flushing  nmethod 0x000001c9006e9e90
Event: 6.831 Thread 0x000001c975903150 flushing  nmethod 0x000001c90070e910
Event: 6.831 Thread 0x000001c975903150 flushing  nmethod 0x000001c90070ed10
Event: 6.831 Thread 0x000001c975903150 flushing  nmethod 0x000001c90070f610
Event: 6.831 Thread 0x000001c975903150 flushing  nmethod 0x000001c900710810
Event: 6.831 Thread 0x000001c975903150 flushing  nmethod 0x000001c900711010
Event: 6.831 Thread 0x000001c975903150 flushing  nmethod 0x000001c900711790
Event: 6.831 Thread 0x000001c975903150 flushing  nmethod 0x000001c900712110
Event: 6.831 Thread 0x000001c975903150 flushing  nmethod 0x000001c900713210
Event: 6.831 Thread 0x000001c975903150 flushing  nmethod 0x000001c900713b10
Event: 6.831 Thread 0x000001c975903150 flushing  nmethod 0x000001c900713f90
Event: 6.831 Thread 0x000001c975903150 flushing  nmethod 0x000001c900714b10
Event: 6.831 Thread 0x000001c975903150 flushing  nmethod 0x000001c900716590
Event: 6.831 Thread 0x000001c975903150 flushing  nmethod 0x000001c900718010
Event: 6.831 Thread 0x000001c975903150 flushing  nmethod 0x000001c900758110
Event: 6.831 Thread 0x000001c975903150 flushing  nmethod 0x000001c90075b490
Event: 6.831 Thread 0x000001c975903150 flushing  nmethod 0x000001c900769590
Event: 6.831 Thread 0x000001c975903150 flushing  nmethod 0x000001c90078b290
Event: 6.831 Thread 0x000001c975903150 flushing  nmethod 0x000001c900819b90
Event: 6.831 Thread 0x000001c975903150 flushing  nmethod 0x000001c900853390

Events (20 events):
Event: 6.339 Thread 0x000001c96e06d760 Thread added: 0x000001c951f826d0
Event: 6.340 Thread 0x000001c96e06d760 Thread added: 0x000001c951f84e30
Event: 6.341 Thread 0x000001c96e06d760 Thread added: 0x000001c951f833f0
Event: 6.343 Thread 0x000001c96e06d760 Thread added: 0x000001c951f819b0
Event: 6.344 Thread 0x000001c96e06d760 Thread added: 0x000001c951f88940
Event: 6.345 Thread 0x000001c96e06d760 Thread added: 0x000001c951f861e0
Event: 6.346 Thread 0x000001c96e06d760 Thread added: 0x000001c951f86f00
Event: 6.347 Thread 0x000001c96e06d760 Thread added: 0x000001c951f86870
Event: 6.348 Thread 0x000001c96e06d760 Thread added: 0x000001c951f87590
Event: 6.349 Thread 0x000001c96e06d760 Thread added: 0x000001c951f87c20
Event: 6.350 Thread 0x000001c96e06d760 Thread added: 0x000001c951f882b0
Event: 6.351 Thread 0x000001c96e06d760 Thread added: 0x000001c951f854c0
Event: 6.395 Thread 0x000001c96e06d760 Thread added: 0x000001c951f88fd0
Event: 6.558 Thread 0x000001c976e9cd80 Thread added: 0x000001c951fdf050
Event: 6.558 Thread 0x000001c976e9cd80 Thread added: 0x000001c97eea9bb0
Event: 7.089 Thread 0x000001c976e9cd80 Thread added: 0x000001c978db0860
Event: 7.495 Thread 0x000001c96e06d760 Thread added: 0x000001c951f85b50
Event: 7.496 Thread 0x000001c96e06d760 Thread added: 0x000001c952a87650
Event: 7.910 Thread 0x000001c978db0860 Thread exited: 0x000001c978db0860
Event: 7.915 Thread 0x000001c97eea9bb0 Thread exited: 0x000001c97eea9bb0


Dynamic libraries:
0x00007ff7e7d50000 - 0x00007ff7e7d5e000 	c:\Users\RIFKI\.vscode\extensions\redhat.java-1.41.1-win32-x64\jre\21.0.6-win32-x86_64\bin\java.exe
0x00007ffa7d060000 - 0x00007ffa7d2c6000 	C:\WINDOWS\SYSTEM32\ntdll.dll
0x00007ffa7b490000 - 0x00007ffa7b559000 	C:\WINDOWS\System32\KERNEL32.DLL
0x00007ffa7a3f0000 - 0x00007ffa7a7bc000 	C:\WINDOWS\System32\KERNELBASE.dll
0x00007ffa7a940000 - 0x00007ffa7aa8b000 	C:\WINDOWS\System32\ucrtbase.dll
0x00007ffa677d0000 - 0x00007ffa677e8000 	c:\Users\RIFKI\.vscode\extensions\redhat.java-1.41.1-win32-x64\jre\21.0.6-win32-x86_64\bin\jli.dll
0x00007ffa6a290000 - 0x00007ffa6a2ae000 	c:\Users\RIFKI\.vscode\extensions\redhat.java-1.41.1-win32-x64\jre\21.0.6-win32-x86_64\bin\VCRUNTIME140.dll
0x00007ffa7bd00000 - 0x00007ffa7beca000 	C:\WINDOWS\System32\USER32.dll
0x00007ffa7ad40000 - 0x00007ffa7ad67000 	C:\WINDOWS\System32\win32u.dll
0x00007ffa56720000 - 0x00007ffa569ba000 	C:\WINDOWS\WinSxS\amd64_microsoft.windows.common-controls_6595b64144ccf1df_6.0.26100.3912_none_3e07963ce335137e\COMCTL32.dll
0x00007ffa7bed0000 - 0x00007ffa7bf79000 	C:\WINDOWS\System32\msvcrt.dll
0x00007ffa7bca0000 - 0x00007ffa7bccb000 	C:\WINDOWS\System32\GDI32.dll
0x00007ffa7a2b0000 - 0x00007ffa7a3e2000 	C:\WINDOWS\System32\gdi32full.dll
0x00007ffa7ad70000 - 0x00007ffa7ae13000 	C:\WINDOWS\System32\msvcp_win.dll
0x00007ffa7afb0000 - 0x00007ffa7afe0000 	C:\WINDOWS\System32\IMM32.DLL
0x00007ffa67c70000 - 0x00007ffa67c7c000 	c:\Users\RIFKI\.vscode\extensions\redhat.java-1.41.1-win32-x64\jre\21.0.6-win32-x86_64\bin\vcruntime140_1.dll
0x00007ffa46390000 - 0x00007ffa4641d000 	c:\Users\RIFKI\.vscode\extensions\redhat.java-1.41.1-win32-x64\jre\21.0.6-win32-x86_64\bin\msvcp140.dll
0x00007ffa09b80000 - 0x00007ffa0a910000 	c:\Users\RIFKI\.vscode\extensions\redhat.java-1.41.1-win32-x64\jre\21.0.6-win32-x86_64\bin\server\jvm.dll
0x00007ffa7ae20000 - 0x00007ffa7aed2000 	C:\WINDOWS\System32\ADVAPI32.dll
0x00007ffa7af00000 - 0x00007ffa7afa6000 	C:\WINDOWS\System32\sechost.dll
0x00007ffa7b560000 - 0x00007ffa7b676000 	C:\WINDOWS\System32\RPCRT4.dll
0x00007ffa7c770000 - 0x00007ffa7c7e4000 	C:\WINDOWS\System32\WS2_32.dll
0x00007ffa7a040000 - 0x00007ffa7a09e000 	C:\WINDOWS\SYSTEM32\POWRPROF.dll
0x00007ffa67530000 - 0x00007ffa6753b000 	C:\WINDOWS\SYSTEM32\VERSION.dll
0x00007ffa6f490000 - 0x00007ffa6f4c6000 	C:\WINDOWS\SYSTEM32\WINMM.dll
0x00007ffa7a020000 - 0x00007ffa7a034000 	C:\WINDOWS\SYSTEM32\UMPDC.dll
0x00007ffa78fb0000 - 0x00007ffa78fca000 	C:\WINDOWS\SYSTEM32\kernel.appcore.dll
0x00007ffa5d890000 - 0x00007ffa5d89a000 	c:\Users\RIFKI\.vscode\extensions\redhat.java-1.41.1-win32-x64\jre\21.0.6-win32-x86_64\bin\jimage.dll
0x00007ffa77150000 - 0x00007ffa77391000 	C:\WINDOWS\SYSTEM32\DBGHELP.DLL
0x00007ffa7c3e0000 - 0x00007ffa7c764000 	C:\WINDOWS\System32\combase.dll
0x00007ffa7b140000 - 0x00007ffa7b220000 	C:\WINDOWS\System32\OLEAUT32.dll
0x00007ffa59890000 - 0x00007ffa598c9000 	C:\WINDOWS\SYSTEM32\dbgcore.DLL
0x00007ffa7aca0000 - 0x00007ffa7ad39000 	C:\WINDOWS\System32\bcryptPrimitives.dll
0x00007ffa5bba0000 - 0x00007ffa5bbaf000 	c:\Users\RIFKI\.vscode\extensions\redhat.java-1.41.1-win32-x64\jre\21.0.6-win32-x86_64\bin\instrument.dll
0x00007ffa5baf0000 - 0x00007ffa5bb0f000 	c:\Users\RIFKI\.vscode\extensions\redhat.java-1.41.1-win32-x64\jre\21.0.6-win32-x86_64\bin\java.dll
0x00007ffa7c7f0000 - 0x00007ffa7cf1d000 	C:\WINDOWS\System32\SHELL32.dll
0x00007ffa7ab20000 - 0x00007ffa7ac94000 	C:\WINDOWS\System32\wintypes.dll
0x00007ffa77e40000 - 0x00007ffa78696000 	C:\WINDOWS\SYSTEM32\windows.storage.dll
0x00007ffa7b690000 - 0x00007ffa7b77f000 	C:\WINDOWS\System32\SHCORE.dll
0x00007ffa7b790000 - 0x00007ffa7b7f9000 	C:\WINDOWS\System32\shlwapi.dll
0x00007ffa7a100000 - 0x00007ffa7a12f000 	C:\WINDOWS\SYSTEM32\profapi.dll
0x00007ffa526d0000 - 0x00007ffa526e8000 	c:\Users\RIFKI\.vscode\extensions\redhat.java-1.41.1-win32-x64\jre\21.0.6-win32-x86_64\bin\zip.dll
0x00007ffa5d880000 - 0x00007ffa5d890000 	C:\Users\RIFKI\.vscode\extensions\redhat.java-1.41.1-win32-x64\jre\21.0.6-win32-x86_64\bin\net.dll
0x00007ffa71880000 - 0x00007ffa7199e000 	C:\WINDOWS\SYSTEM32\WINHTTP.dll
0x00007ffa79520000 - 0x00007ffa7958a000 	C:\WINDOWS\system32\mswsock.dll
0x00007ffa520e0000 - 0x00007ffa520f6000 	C:\Users\RIFKI\.vscode\extensions\redhat.java-1.41.1-win32-x64\jre\21.0.6-win32-x86_64\bin\nio.dll
0x00007ffa746e0000 - 0x00007ffa746f0000 	c:\Users\RIFKI\.vscode\extensions\redhat.java-1.41.1-win32-x64\jre\21.0.6-win32-x86_64\bin\verify.dll
0x00007ffa59cb0000 - 0x00007ffa59cf5000 	C:\Users\RIFKI\AppData\Roaming\Code\User\globalStorage\redhat.java\1.41.1\config_win\org.eclipse.equinox.launcher\org.eclipse.equinox.launcher.win32.win32.x86_64_1.2.1300.v20250331-1702\eclipse_11911.dll
0x00007ffa7b230000 - 0x00007ffa7b3cf000 	C:\WINDOWS\System32\ole32.dll
0x00007ffa797c0000 - 0x00007ffa797dc000 	C:\WINDOWS\SYSTEM32\CRYPTSP.dll
0x00007ffa78f10000 - 0x00007ffa78f4a000 	C:\WINDOWS\system32\rsaenh.dll
0x00007ffa795c0000 - 0x00007ffa795eb000 	C:\WINDOWS\SYSTEM32\USERENV.dll
0x00007ffa7a0d0000 - 0x00007ffa7a0f6000 	C:\WINDOWS\SYSTEM32\bcrypt.dll
0x00007ffa797e0000 - 0x00007ffa797ec000 	C:\WINDOWS\SYSTEM32\CRYPTBASE.dll
0x00007ffa78a80000 - 0x00007ffa78ab3000 	C:\WINDOWS\SYSTEM32\IPHLPAPI.DLL
0x00007ffa7b680000 - 0x00007ffa7b68a000 	C:\WINDOWS\System32\NSI.dll
0x00007ffa59bf0000 - 0x00007ffa59c39000 	C:\Users\RIFKI\AppData\Local\Temp\jna-77973133\jna3822441040064058901.dll
0x00007ffa7c160000 - 0x00007ffa7c168000 	C:\WINDOWS\System32\PSAPI.DLL
0x00007ffa71a70000 - 0x00007ffa71a8f000 	C:\WINDOWS\SYSTEM32\dhcpcsvc6.DLL
0x00007ffa71a30000 - 0x00007ffa71a55000 	C:\WINDOWS\SYSTEM32\dhcpcsvc.DLL

dbghelp: loaded successfully - version: 4.0.5 - missing functions: none
symbol engine: initialized successfully - sym options: 0x614 - pdb path: .;c:\Users\RIFKI\.vscode\extensions\redhat.java-1.41.1-win32-x64\jre\21.0.6-win32-x86_64\bin;C:\WINDOWS\SYSTEM32;C:\WINDOWS\WinSxS\amd64_microsoft.windows.common-controls_6595b64144ccf1df_6.0.26100.3912_none_3e07963ce335137e;c:\Users\RIFKI\.vscode\extensions\redhat.java-1.41.1-win32-x64\jre\21.0.6-win32-x86_64\bin\server;C:\Users\RIFKI\AppData\Roaming\Code\User\globalStorage\redhat.java\1.41.1\config_win\org.eclipse.equinox.launcher\org.eclipse.equinox.launcher.win32.win32.x86_64_1.2.1300.v20250331-1702;C:\Users\RIFKI\AppData\Local\Temp\jna-77973133

VM Arguments:
jvm_args: --add-modules=ALL-SYSTEM --add-opens=java.base/java.util=ALL-UNNAMED --add-opens=java.base/java.lang=ALL-UNNAMED --add-opens=java.base/sun.nio.fs=ALL-UNNAMED -Declipse.application=org.eclipse.jdt.ls.core.id1 -Dosgi.bundles.defaultStartLevel=4 -Declipse.product=org.eclipse.jdt.ls.core.product -Djava.import.generatesMetadataFilesAtProjectRoot=false -DDetectVMInstallationsJob.disabled=true -Dfile.encoding=utf8 -XX:+UseParallelGC -XX:GCTimeRatio=4 -XX:AdaptiveSizePolicyWeight=90 -Dsun.zip.disableMemoryMapping=true -Xmx1G -Xms100m -Xlog:disable -javaagent:c:\Users\RIFKI\.vscode\extensions\redhat.java-1.41.1-win32-x64\lombok\lombok-1.18.36.jar -XX:+HeapDumpOnOutOfMemoryError -XX:HeapDumpPath=c:\Users\RIFKI\AppData\Roaming\Code\User\workspaceStorage\499810ebefda482d9f3a68ebaacf0943\redhat.java -Daether.dependencyCollector.impl=bf 
java_command: c:\Users\RIFKI\.vscode\extensions\redhat.java-1.41.1-win32-x64\server\plugins\org.eclipse.equinox.launcher_1.7.0.v20250331-1702.jar -configuration c:\Users\RIFKI\AppData\Roaming\Code\User\globalStorage\redhat.java\1.41.1\config_win -data c:\Users\RIFKI\AppData\Roaming\Code\User\workspaceStorage\499810ebefda482d9f3a68ebaacf0943\redhat.java\jdt_ws --pipe=\\.\pipe\lsp-fbedfd2be881d064df4978784a5d46de-sock
java_class_path (initial): c:\Users\RIFKI\.vscode\extensions\redhat.java-1.41.1-win32-x64\server\plugins\org.eclipse.equinox.launcher_1.7.0.v20250331-1702.jar
Launcher Type: SUN_STANDARD

[Global flags]
    uintx AdaptiveSizePolicyWeight                 = 90                                        {product} {command line}
     intx CICompilerCount                          = 12                                        {product} {ergonomic}
    uintx GCTimeRatio                              = 4                                         {product} {command line}
     bool HeapDumpOnOutOfMemoryError               = true                                   {manageable} {command line}
    ccstr HeapDumpPath                             = c:\Users\RIFKI\AppData\Roaming\Code\User\workspaceStorage\499810ebefda482d9f3a68ebaacf0943\redhat.java         {manageable} {command line}
   size_t InitialHeapSize                          = 104857600                                 {product} {command line}
   size_t MaxHeapSize                              = 1073741824                                {product} {command line}
   size_t MaxNewSize                               = 357564416                                 {product} {ergonomic}
   size_t MinHeapDeltaBytes                        = 524288                                    {product} {ergonomic}
   size_t MinHeapSize                              = 104857600                                 {product} {command line}
   size_t NewSize                                  = 34603008                                  {product} {ergonomic}
    uintx NonNMethodCodeHeapSize                   = 7602480                                {pd product} {ergonomic}
    uintx NonProfiledCodeHeapSize                  = 122027880                              {pd product} {ergonomic}
   size_t OldSize                                  = 70254592                                  {product} {ergonomic}
    uintx ProfiledCodeHeapSize                     = 122027880                              {pd product} {ergonomic}
    uintx ReservedCodeCacheSize                    = 251658240                              {pd product} {ergonomic}
     bool SegmentedCodeCache                       = true                                      {product} {ergonomic}
   size_t SoftMaxHeapSize                          = 1073741824                             {manageable} {ergonomic}
     bool UseCompressedOops                        = true                           {product lp64_product} {ergonomic}
     bool UseLargePagesIndividualAllocation        = false                                  {pd product} {ergonomic}
     bool UseParallelGC                            = true                                      {product} {command line}

Logging:
Log output configuration:
 #0: stdout all=off uptime,level,tags foldmultilines=false
 #1: stderr all=off uptime,level,tags foldmultilines=false

Environment Variables:
JAVA_HOME=C:\Program Files\Eclipse Adoptium\jdk-17.0.14.7-hotspot
PATH=C:\Program Files\Eclipse Adoptium\jdk-17.0.14.7-hotspot\bin;C:\Program Files\Common Files\Oracle\Java\javapath;C:\Program Files (x86)\Common Files\Oracle\Java\java8path;C:\Program Files (x86)\Common Files\Oracle\Java\javapath;C:\WINDOWS\system32;C:\WINDOWS;C:\WINDOWS\System32\Wbem;C:\WINDOWS\System32\WindowsPowerShell\v1.0\;C:\WINDOWS\System32\OpenSSH\;C:\MinGW\bin;C:\Program Files\Java\jdk-22\bin;C:\ProgramData\ComposerSetup\bin;C:\xampp\php;C:\xampp\node-v22.11.0-win-x64;C:\Program Files\Git\cmd;"C:\Program Files\Eclipse Adoptium\jdk-17.0.14.7-hotspot\bin;C:\Program Files\Eclipse Adoptium\jdk-17.0.14.7-hotspot\bin;C:\Program Files\Common Files\Oracle\Java\javapath;C:\Program Files (x86)\Common Files\Oracle\Java\java8path;C:\Program Files (x86)\Common Files\Oracle\Java\javapath;C:\WINDOWS\system32;C:\WINDOWS;C:\WINDOWS\System32\Wbem;C:\WINDOWS\System32\WindowsPowerShell\v1.0\;C:\WINDOWS\System32\OpenSSH\;C:\MinGW\bin;C:\Program Files\Java\jdk-22\bin;C:\ProgramData\ComposerSetup\bin;C:\xampp\php;C:\xampp\node-v22.11.0-win-x64;C:\Program Files\Git\cmd;"C:\Program Files\Eclipse Adoptium\jdk-17.0.14.7-hotspot\bin;C:\Program Files\Eclipse Adoptium\jdk-17.0.14.7-hotspot\bin;C:\Program Files\Common Files\Oracle\Java\javapath;C:\Program Files (x86)\Common Files\Oracle\Java\java8path;C:\Program Files (x86)\Common Files\Oracle\Java\javapath;C:\WINDOWS\system32;C:\WINDOWS;C:\WINDOWS\System32\Wbem;C:\WINDOWS\System32\WindowsPowerShell\v1.0\;C:\WINDOWS\System32\OpenSSH\;C:\MinGW\bin;C:\Program Files\Java\jdk-22\bin;C:\ProgramData\ComposerSetup\bin;C:\xampp\php;C:\xampp\node-v22.11.0-win-x64;C:\Program Files\Git\cmd;"C:\Program Files\Eclipse Adoptium\jdk-17.0.14.7-hotspot\bin;C:\WINDOWS\System32";";";C:\Users\RIFKI\AppData\Local\Programs\Python\Python313\Scripts\;C:\Users\RIFKI\AppData\Local\Programs\Python\Python313\;C:\Users\RIFKI\AppData\Local\Programs\Python\Launcher\;C:\Program Files\MySQL\MySQL Shell 8.0\bin\;C:\Users\RIFKI\scoop\apps\gcc\current\bin;C:\Users\RIFKI\scoop\shims;C:\Users\RIFKI\AppData\Local\Microsoft\WindowsApps;C:\Users\RIFKI\AppData\Local\Programs\Microsoft VS Code\bin;C:\Users\RIFKI\AppData\Roaming\Composer\vendor\bin;C:\Users\RIFKI\AppData\Local\Microsoft\WindowsApps;C:\Program Files\JetBrains\IntelliJ IDEA 2024.3.1.1\bin;;C:\flutter\src\flutter\bin;C:\Program Files\swipl\bin;
USERNAME=RIFKI
OS=Windows_NT
PROCESSOR_IDENTIFIER=Intel64 Family 6 Model 186 Stepping 2, GenuineIntel
TMP=C:\Users\RIFKI\AppData\Local\Temp
TEMP=C:\Users\RIFKI\AppData\Local\Temp




Periodic native trim disabled

---------------  S Y S T E M  ---------------

OS:
 Windows 11 , 64 bit Build 26100 (10.0.26100.3912)
OS uptime: 0 days 2:54 hours
Hyper-V role detected

CPU: total 16 (initial active 16) (8 cores per cpu, 2 threads per core) family 6 model 186 stepping 2 microcode 0x4123, cx8, cmov, fxsr, ht, mmx, 3dnowpref, sse, sse2, sse3, ssse3, sse4.1, sse4.2, popcnt, lzcnt, tsc, tscinvbit, avx, avx2, aes, erms, clmul, bmi1, bmi2, adx, sha, fma, vzeroupper, clflush, clflushopt, clwb, hv, serialize, rdtscp, rdpid, fsrm, f16c, cet_ibt, cet_ss
Processor Information for processor 0
  Max Mhz: 2200, Current Mhz: 2200, Mhz Limit: 2200
Processor Information for processor 1
  Max Mhz: 2200, Current Mhz: 2200, Mhz Limit: 2200
Processor Information for processor 2
  Max Mhz: 2200, Current Mhz: 2200, Mhz Limit: 2200
Processor Information for processor 3
  Max Mhz: 2200, Current Mhz: 2200, Mhz Limit: 2200
Processor Information for processor 4
  Max Mhz: 2200, Current Mhz: 2200, Mhz Limit: 2200
Processor Information for processor 5
  Max Mhz: 2200, Current Mhz: 2200, Mhz Limit: 2200
Processor Information for processor 6
  Max Mhz: 2200, Current Mhz: 2200, Mhz Limit: 2200
Processor Information for processor 7
  Max Mhz: 2200, Current Mhz: 2200, Mhz Limit: 2200
Processor Information for processor 8
  Max Mhz: 2200, Current Mhz: 1600, Mhz Limit: 1584
Processor Information for processor 9
  Max Mhz: 2200, Current Mhz: 1600, Mhz Limit: 1584
Processor Information for processor 10
  Max Mhz: 2200, Current Mhz: 1600, Mhz Limit: 1584
Processor Information for processor 11
  Max Mhz: 2200, Current Mhz: 1600, Mhz Limit: 1584
Processor Information for processor 12
  Max Mhz: 2200, Current Mhz: 1600, Mhz Limit: 1584
Processor Information for processor 13
  Max Mhz: 2200, Current Mhz: 1600, Mhz Limit: 1584
Processor Information for processor 14
  Max Mhz: 2200, Current Mhz: 1600, Mhz Limit: 1584
Processor Information for processor 15
  Max Mhz: 2200, Current Mhz: 1600, Mhz Limit: 1584

Memory: 4k page, system-wide physical 16095M (2200M free)
TotalPageFile size 18143M (AvailPageFile size 160M)
current process WorkingSet (physical memory assigned to process): 233M, peak: 233M
current process commit charge ("private bytes"): 341M, peak: 341M

vm_info: OpenJDK 64-Bit Server VM (21.0.6+7-LTS) for windows-amd64 JRE (21.0.6+7-LTS), built on 2025-01-21T00:00:00Z by "admin" with MS VC++ 17.7 (VS2022)

END.
