#
# There is insufficient memory for the Java Runtime Environment to continue.
# Native memory allocation (malloc) failed to allocate 1318096 bytes. Error detail: Chunk::new
# Possible reasons:
#   The system is out of physical RAM or swap space
#   This process is running with CompressedOops enabled, and the Java Heap may be blocking the growth of the native heap
# Possible solutions:
#   Reduce memory load on the system
#   Increase physical memory or swap space
#   Check if swap backing store is full
#   Decrease Java heap size (-Xmx/-Xms)
#   Decrease number of Java threads
#   Decrease Java thread stack sizes (-Xss)
#   Set larger code cache with -XX:ReservedCodeCacheSize=
#   JVM is running with Unscaled Compressed Oops mode in which the Java heap is
#     placed in the first 4GB address space. The Java Heap base address is the
#     maximum limit for the native heap growth. Please use -XX:HeapBaseMinAddress
#     to set the Java Heap base and to place the Java Heap above 4GB virtual address.
# This output file may be truncated or incomplete.
#
#  Out of Memory Error (arena.cpp:168), pid=15240, tid=19704
#
# JRE version: OpenJDK Runtime Environment Temurin-21.0.6+7 (21.0.6+7) (build 21.0.6+7-LTS)
# Java VM: OpenJDK 64-Bit Server VM Temurin-21.0.6+7 (21.0.6+7-LTS, mixed mode, sharing, tiered, compressed oops, compressed class ptrs, parallel gc, windows-amd64)
# No core dump will be written. Minidumps are not enabled by default on client versions of Windows
#

---------------  S U M M A R Y ------------

Command Line: --add-modules=ALL-SYSTEM --add-opens=java.base/java.util=ALL-UNNAMED --add-opens=java.base/java.lang=ALL-UNNAMED --add-opens=java.base/sun.nio.fs=ALL-UNNAMED -Declipse.application=org.eclipse.jdt.ls.core.id1 -Dosgi.bundles.defaultStartLevel=4 -Declipse.product=org.eclipse.jdt.ls.core.product -Djava.import.generatesMetadataFilesAtProjectRoot=false -DDetectVMInstallationsJob.disabled=true -Dfile.encoding=utf8 -XX:+UseParallelGC -XX:GCTimeRatio=4 -XX:AdaptiveSizePolicyWeight=90 -Dsun.zip.disableMemoryMapping=true -Xmx1G -Xms100m -Xlog:disable -javaagent:c:\Users\RIFKI\.vscode\extensions\redhat.java-1.41.1-win32-x64\lombok\lombok-1.18.36.jar -XX:+HeapDumpOnOutOfMemoryError -XX:HeapDumpPath=c:\Users\RIFKI\AppData\Roaming\Code\User\workspaceStorage\499810ebefda482d9f3a68ebaacf0943\redhat.java -Daether.dependencyCollector.impl=bf c:\Users\RIFKI\.vscode\extensions\redhat.java-1.41.1-win32-x64\server\plugins\org.eclipse.equinox.launcher_1.7.0.v20250331-1702.jar -configuration c:\Users\RIFKI\AppData\Roaming\Code\User\globalStorage\redhat.java\1.41.1\config_win -data c:\Users\RIFKI\AppData\Roaming\Code\User\workspaceStorage\499810ebefda482d9f3a68ebaacf0943\redhat.java\jdt_ws --pipe=\\.\pipe\lsp-570b232d1c4637443660748db81f14fe-sock

Host: 13th Gen Intel(R) Core(TM) i7-1360P, 16 cores, 15G,  Windows 11 , 64 bit Build 26100 (10.0.26100.3912)
Time: Mon Apr 28 18:49:48 2025 SE Asia Standard Time elapsed time: 35.026519 seconds (0d 0h 0m 35s)

---------------  T H R E A D  ---------------

Current thread (0x000001127fb4e100):  JavaThread "C2 CompilerThread0" daemon [_thread_in_native, id=19704, stack(0x000000032e600000,0x000000032e700000) (1024K)]


Current CompileTask:
C2:35026 8559   !   4       org.eclipse.jdt.internal.compiler.classfmt.ClassFileReader::<init> (2135 bytes)

Stack: [0x000000032e600000,0x000000032e700000]
Native frames: (J=compiled Java code, j=interpreted, Vv=VM code, C=native code)
V  [jvm.dll+0x6cdee9]
V  [jvm.dll+0x8a83d1]
V  [jvm.dll+0x8aa8fe]
V  [jvm.dll+0x8aafe3]
V  [jvm.dll+0x27f706]
V  [jvm.dll+0xc500d]
V  [jvm.dll+0xc5543]
V  [jvm.dll+0x2f2acd]
V  [jvm.dll+0x5f6a2a]
V  [jvm.dll+0x250bb2]
V  [jvm.dll+0x250f6f]
V  [jvm.dll+0x249834]
V  [jvm.dll+0x246ec4]
V  [jvm.dll+0x1c75ee]
V  [jvm.dll+0x25685a]
V  [jvm.dll+0x254dfa]
V  [jvm.dll+0x3f0256]
V  [jvm.dll+0x851f8b]
V  [jvm.dll+0x6cc5ed]
C  [ucrtbase.dll+0x37b0]
C  [KERNEL32.DLL+0x2e8d7]
C  [ntdll.dll+0x9c5dc]


---------------  P R O C E S S  ---------------

Threads class SMR info:
_java_thread_list=0x000001125876b210, length=62, elements={
0x000001127d69d5d0, 0x000001127fb3ab50, 0x000001127fb3d200, 0x000001127fb3ed00,
0x000001127fb3fe30, 0x000001127fb431c0, 0x000001127fb48c20, 0x000001127fb4e100,
0x00000112567feec0, 0x00000112568cc240, 0x0000011258143c50, 0x000001125d4f30e0,
0x000001125d6891e0, 0x000001125d687c40, 0x000001125d6887f0, 0x000001125d809590,
0x000001125d774950, 0x000001125d7f6080, 0x000001125d7f8150, 0x000001125d7f7ac0,
0x000001125d7f6710, 0x000001125d7f59f0, 0x000001125d7f5360, 0x000001125d7f6da0,
0x000001125d7f7430, 0x0000011260b247b0, 0x0000011260b24120, 0x0000011260b25b60,
0x0000011260b23400, 0x0000011260b24e40, 0x0000011260b254d0, 0x0000011260b22d70,
0x0000011260b261f0, 0x0000011260b23a90, 0x00000112616ab080, 0x00000112616a9cd0,
0x00000112616ab710, 0x00000112616aa9f0, 0x00000112616abda0, 0x00000112616ac430,
0x00000112616acac0, 0x00000112616a9640, 0x00000112616ad150, 0x00000112616ad7e0,
0x00000112616aa360, 0x00000112616ade70, 0x00000112616af220, 0x00000112616af8b0,
0x00000112616b05d0, 0x00000112616ae500, 0x00000112616b0c60, 0x00000112616aeb90,
0x00000112616aff40, 0x000001125d7f87e0, 0x000001125fd67070, 0x000001125fd67700,
0x000001125fd67d90, 0x000001125fd68420, 0x000001125fd65630, 0x000001125fd669e0,
0x000001125fd69140, 0x000001125fd65cc0
}

Java Threads: ( => current thread )
  0x000001127d69d5d0 JavaThread "main"                              [_thread_blocked, id=14576, stack(0x000000032dc00000,0x000000032dd00000) (1024K)]
  0x000001127fb3ab50 JavaThread "Reference Handler"          daemon [_thread_blocked, id=14880, stack(0x000000032e000000,0x000000032e100000) (1024K)]
  0x000001127fb3d200 JavaThread "Finalizer"                  daemon [_thread_blocked, id=7032, stack(0x000000032e100000,0x000000032e200000) (1024K)]
  0x000001127fb3ed00 JavaThread "Signal Dispatcher"          daemon [_thread_blocked, id=14532, stack(0x000000032e200000,0x000000032e300000) (1024K)]
  0x000001127fb3fe30 JavaThread "Attach Listener"            daemon [_thread_blocked, id=20312, stack(0x000000032e300000,0x000000032e400000) (1024K)]
  0x000001127fb431c0 JavaThread "Service Thread"             daemon [_thread_blocked, id=12640, stack(0x000000032e400000,0x000000032e500000) (1024K)]
  0x000001127fb48c20 JavaThread "Monitor Deflation Thread"   daemon [_thread_blocked, id=16732, stack(0x000000032e500000,0x000000032e600000) (1024K)]
=>0x000001127fb4e100 JavaThread "C2 CompilerThread0"         daemon [_thread_in_native, id=19704, stack(0x000000032e600000,0x000000032e700000) (1024K)]
  0x00000112567feec0 JavaThread "C1 CompilerThread0"         daemon [_thread_blocked, id=20740, stack(0x000000032e700000,0x000000032e800000) (1024K)]
  0x00000112568cc240 JavaThread "Common-Cleaner"             daemon [_thread_blocked, id=6260, stack(0x000000032e800000,0x000000032e900000) (1024K)]
  0x0000011258143c50 JavaThread "Notification Thread"        daemon [_thread_blocked, id=21660, stack(0x000000032ed00000,0x000000032ee00000) (1024K)]
  0x000001125d4f30e0 JavaThread "Active Thread: Equinox Container: 857a71d3-ea0a-428c-92d0-fe07aa923f88"        [_thread_blocked, id=22044, stack(0x000000032f500000,0x000000032f600000) (1024K)]
  0x000001125d6891e0 JavaThread "Refresh Thread: Equinox Container: 857a71d3-ea0a-428c-92d0-fe07aa923f88" daemon [_thread_blocked, id=22276, stack(0x000000032f700000,0x000000032f800000) (1024K)]
  0x000001125d687c40 JavaThread "Framework Event Dispatcher: Equinox Container: 857a71d3-ea0a-428c-92d0-fe07aa923f88" daemon [_thread_blocked, id=22288, stack(0x000000032f800000,0x000000032f900000) (1024K)]
  0x000001125d6887f0 JavaThread "Start Level: Equinox Container: 857a71d3-ea0a-428c-92d0-fe07aa923f88" daemon [_thread_blocked, id=22292, stack(0x000000032f900000,0x000000032fa00000) (1024K)]
  0x000001125d809590 JavaThread "Bundle File Closer"         daemon [_thread_blocked, id=22460, stack(0x000000032fa00000,0x000000032fb00000) (1024K)]
  0x000001125d774950 JavaThread "SCR Component Actor"        daemon [_thread_blocked, id=10284, stack(0x000000032ee00000,0x000000032ef00000) (1024K)]
  0x000001125d7f6080 JavaThread "Worker-JM"                         [_thread_blocked, id=21580, stack(0x000000032ec00000,0x000000032ed00000) (1024K)]
  0x000001125d7f8150 JavaThread "JNA Cleaner"                daemon [_thread_blocked, id=22144, stack(0x000000032e900000,0x000000032ea00000) (1024K)]
  0x000001125d7f7ac0 JavaThread "Worker-0: Java indexing... "        [_thread_blocked, id=22140, stack(0x000000032ea00000,0x000000032eb00000) (1024K)]
  0x000001125d7f6710 JavaThread "Worker-1"                          [_thread_blocked, id=22344, stack(0x000000032fe00000,0x000000032ff00000) (1024K)]
  0x000001125d7f59f0 JavaThread "Java indexing"              daemon [_thread_blocked, id=13908, stack(0x0000000330600000,0x0000000330700000) (1024K)]
  0x000001125d7f5360 JavaThread "Worker-2"                          [_thread_blocked, id=7320, stack(0x0000000330700000,0x0000000330800000) (1024K)]
  0x000001125d7f6da0 JavaThread "Worker-3"                          [_thread_blocked, id=4992, stack(0x0000000330900000,0x0000000330a00000) (1024K)]
  0x000001125d7f7430 JavaThread "Worker-4"                          [_thread_blocked, id=3324, stack(0x0000000330c00000,0x0000000330d00000) (1024K)]
  0x0000011260b247b0 JavaThread "Worker-5: Initialize Workspace"        [_thread_blocked, id=3524, stack(0x0000000330d00000,0x0000000330e00000) (1024K)]
  0x0000011260b24120 JavaThread "Thread-3"                   daemon [_thread_in_native, id=4388, stack(0x0000000330e00000,0x0000000330f00000) (1024K)]
  0x0000011260b25b60 JavaThread "Thread-4"                   daemon [_thread_in_native, id=21248, stack(0x0000000330f00000,0x0000000331000000) (1024K)]
  0x0000011260b23400 JavaThread "Thread-5"                   daemon [_thread_in_native, id=16692, stack(0x0000000331000000,0x0000000331100000) (1024K)]
  0x0000011260b24e40 JavaThread "Thread-6"                   daemon [_thread_in_native, id=3740, stack(0x0000000331100000,0x0000000331200000) (1024K)]
  0x0000011260b254d0 JavaThread "Thread-7"                   daemon [_thread_in_native, id=14728, stack(0x0000000331200000,0x0000000331300000) (1024K)]
  0x0000011260b22d70 JavaThread "Thread-8"                   daemon [_thread_in_native, id=2696, stack(0x0000000331300000,0x0000000331400000) (1024K)]
  0x0000011260b261f0 JavaThread "Thread-9"                   daemon [_thread_in_native, id=8436, stack(0x0000000331400000,0x0000000331500000) (1024K)]
  0x0000011260b23a90 JavaThread "Thread-10"                  daemon [_thread_in_native, id=8036, stack(0x0000000331500000,0x0000000331600000) (1024K)]
  0x00000112616ab080 JavaThread "Thread-11"                  daemon [_thread_in_native, id=5096, stack(0x0000000331600000,0x0000000331700000) (1024K)]
  0x00000112616a9cd0 JavaThread "Thread-12"                  daemon [_thread_in_native, id=13780, stack(0x0000000331700000,0x0000000331800000) (1024K)]
  0x00000112616ab710 JavaThread "Thread-13"                  daemon [_thread_in_native, id=16664, stack(0x0000000331800000,0x0000000331900000) (1024K)]
  0x00000112616aa9f0 JavaThread "Thread-14"                  daemon [_thread_in_native, id=5824, stack(0x0000000331900000,0x0000000331a00000) (1024K)]
  0x00000112616abda0 JavaThread "Thread-15"                  daemon [_thread_in_native, id=8788, stack(0x0000000331a00000,0x0000000331b00000) (1024K)]
  0x00000112616ac430 JavaThread "Thread-16"                  daemon [_thread_in_native, id=7652, stack(0x0000000331b00000,0x0000000331c00000) (1024K)]
  0x00000112616acac0 JavaThread "Thread-17"                  daemon [_thread_in_native, id=12588, stack(0x0000000331c00000,0x0000000331d00000) (1024K)]
  0x00000112616a9640 JavaThread "Thread-18"                  daemon [_thread_in_native, id=11176, stack(0x0000000331d00000,0x0000000331e00000) (1024K)]
  0x00000112616ad150 JavaThread "Thread-19"                  daemon [_thread_in_native, id=15116, stack(0x0000000331e00000,0x0000000331f00000) (1024K)]
  0x00000112616ad7e0 JavaThread "pool-2-thread-1"                   [_thread_blocked, id=21588, stack(0x0000000332000000,0x0000000332100000) (1024K)]
  0x00000112616aa360 JavaThread "WorkspaceEventsHandler"            [_thread_blocked, id=21068, stack(0x0000000332400000,0x0000000332500000) (1024K)]
  0x00000112616ade70 JavaThread "pool-1-thread-1"                   [_thread_blocked, id=15096, stack(0x0000000332500000,0x0000000332600000) (1024K)]
  0x00000112616af220 JavaThread "Equinox resolver thread - Equinox Container: 857a71d3-ea0a-428c-92d0-fe07aa923f88" daemon [_thread_blocked, id=22016, stack(0x0000000330800000,0x0000000330900000) (1024K)]
  0x00000112616af8b0 JavaThread "Equinox resolver thread - Equinox Container: 857a71d3-ea0a-428c-92d0-fe07aa923f88" daemon [_thread_blocked, id=21988, stack(0x0000000331f00000,0x0000000332000000) (1024K)]
  0x00000112616b05d0 JavaThread "Equinox resolver thread - Equinox Container: 857a71d3-ea0a-428c-92d0-fe07aa923f88" daemon [_thread_blocked, id=21996, stack(0x0000000332100000,0x0000000332200000) (1024K)]
  0x00000112616ae500 JavaThread "Equinox resolver thread - Equinox Container: 857a71d3-ea0a-428c-92d0-fe07aa923f88" daemon [_thread_blocked, id=22036, stack(0x0000000332200000,0x0000000332300000) (1024K)]
  0x00000112616b0c60 JavaThread "Equinox resolver thread - Equinox Container: 857a71d3-ea0a-428c-92d0-fe07aa923f88" daemon [_thread_blocked, id=21992, stack(0x0000000332300000,0x0000000332400000) (1024K)]
  0x00000112616aeb90 JavaThread "Equinox resolver thread - Equinox Container: 857a71d3-ea0a-428c-92d0-fe07aa923f88" daemon [_thread_blocked, id=22020, stack(0x0000000332600000,0x0000000332700000) (1024K)]
  0x00000112616aff40 JavaThread "Equinox resolver thread - Equinox Container: 857a71d3-ea0a-428c-92d0-fe07aa923f88" daemon [_thread_blocked, id=14628, stack(0x0000000332700000,0x0000000332800000) (1024K)]
  0x000001125d7f87e0 JavaThread "Equinox resolver thread - Equinox Container: 857a71d3-ea0a-428c-92d0-fe07aa923f88" daemon [_thread_blocked, id=22040, stack(0x0000000332800000,0x0000000332900000) (1024K)]
  0x000001125fd67070 JavaThread "Equinox resolver thread - Equinox Container: 857a71d3-ea0a-428c-92d0-fe07aa923f88" daemon [_thread_blocked, id=21672, stack(0x0000000332900000,0x0000000332a00000) (1024K)]
  0x000001125fd67700 JavaThread "Equinox resolver thread - Equinox Container: 857a71d3-ea0a-428c-92d0-fe07aa923f88" daemon [_thread_blocked, id=22192, stack(0x0000000332a00000,0x0000000332b00000) (1024K)]
  0x000001125fd67d90 JavaThread "Equinox resolver thread - Equinox Container: 857a71d3-ea0a-428c-92d0-fe07aa923f88" daemon [_thread_blocked, id=22148, stack(0x0000000332c00000,0x0000000332d00000) (1024K)]
  0x000001125fd68420 JavaThread "Equinox resolver thread - Equinox Container: 857a71d3-ea0a-428c-92d0-fe07aa923f88" daemon [_thread_blocked, id=516, stack(0x0000000332e00000,0x0000000332f00000) (1024K)]
  0x000001125fd65630 JavaThread "Equinox resolver thread - Equinox Container: 857a71d3-ea0a-428c-92d0-fe07aa923f88" daemon [_thread_blocked, id=4584, stack(0x0000000332f00000,0x0000000333000000) (1024K)]
  0x000001125fd669e0 JavaThread "Equinox resolver thread - Equinox Container: 857a71d3-ea0a-428c-92d0-fe07aa923f88" daemon [_thread_blocked, id=5728, stack(0x0000000333000000,0x0000000333100000) (1024K)]
  0x000001125fd69140 JavaThread "Timer-0"                           [_thread_blocked, id=13600, stack(0x0000000333500000,0x0000000333600000) (1024K)]
  0x000001125fd65cc0 JavaThread "Connection worker"                 [_thread_in_native, id=2044, stack(0x0000000333600000,0x0000000333700000) (1024K)]
Total: 62

Other Threads:
  0x0000011214314060 VMThread "VM Thread"                           [id=8072, stack(0x000000032df00000,0x000000032e000000) (1024K)]
  0x000001121420ca00 WatcherThread "VM Periodic Task Thread"        [id=20696, stack(0x000000032de00000,0x000000032df00000) (1024K)]
  0x000001127faaed80 WorkerThread "GC Thread#0"                     [id=20908, stack(0x000000032dd00000,0x000000032de00000) (1024K)]
  0x000001125d0454e0 WorkerThread "GC Thread#1"                     [id=21696, stack(0x000000032ef00000,0x000000032f000000) (1024K)]
  0x000001125814c0b0 WorkerThread "GC Thread#2"                     [id=21700, stack(0x000000032f000000,0x000000032f100000) (1024K)]
  0x000001125d045c80 WorkerThread "GC Thread#3"                     [id=21704, stack(0x000000032f100000,0x000000032f200000) (1024K)]
  0x000001125d046020 WorkerThread "GC Thread#4"                     [id=21708, stack(0x000000032f200000,0x000000032f300000) (1024K)]
  0x00000112585aee80 WorkerThread "GC Thread#5"                     [id=21712, stack(0x000000032f300000,0x000000032f400000) (1024K)]
  0x00000112585b0230 WorkerThread "GC Thread#6"                     [id=21716, stack(0x000000032f400000,0x000000032f500000) (1024K)]
  0x000001125d673640 WorkerThread "GC Thread#7"                     [id=22156, stack(0x000000032f600000,0x000000032f700000) (1024K)]
  0x00000112585ce510 WorkerThread "GC Thread#8"                     [id=22504, stack(0x000000032fb00000,0x000000032fc00000) (1024K)]
  0x00000112585ceff0 WorkerThread "GC Thread#9"                     [id=22508, stack(0x000000032fc00000,0x000000032fd00000) (1024K)]
  0x00000112585cddd0 WorkerThread "GC Thread#10"                    [id=22512, stack(0x000000032fd00000,0x000000032fe00000) (1024K)]
  0x00000112585cec50 WorkerThread "GC Thread#11"                    [id=1764, stack(0x000000032ff00000,0x0000000330000000) (1024K)]
  0x00000112585ce8b0 WorkerThread "GC Thread#12"                    [id=20356, stack(0x0000000330000000,0x0000000330100000) (1024K)]
Total: 15

Threads with active compile tasks:
C2 CompilerThread0  35073 8559   !   4       org.eclipse.jdt.internal.compiler.classfmt.ClassFileReader::<init> (2135 bytes)
Total: 1

VM state: not at safepoint (normal execution)

VM Mutex/Monitor currently owned by a thread: None

Heap address: 0x00000000c0000000, size: 1024 MB, Compressed Oops mode: 32-bit

CDS archive(s) mapped at: [0x0000011215000000-0x0000011215ba0000-0x0000011215ba0000), size 12189696, SharedBaseAddress: 0x0000011215000000, ArchiveRelocationMode: 1.
Compressed class space mapped at: 0x0000011216000000-0x0000011256000000, reserved size: 1073741824
Narrow klass base: 0x0000011215000000, Narrow klass shift: 0, Narrow klass range: 0x100000000

GC Precious Log:
 CardTable entry size: 512
 CPUs: 16 total, 16 available
 Memory: 16095M
 Large Page Support: Disabled
 NUMA Support: Disabled
 Compressed Oops: Enabled (32-bit)
 Alignments: Space 512K, Generation 512K, Heap 2M
 Heap Min Capacity: 100M
 Heap Initial Capacity: 100M
 Heap Max Capacity: 1G
 Pre-touch: Disabled
 Parallel Workers: 13

Heap:
 PSYoungGen      total 5120K, used 2830K [0x00000000eab00000, 0x00000000eb200000, 0x0000000100000000)
  eden space 4096K, 44% used [0x00000000eab00000,0x00000000eacd4ab0,0x00000000eaf00000)
  from space 1024K, 99% used [0x00000000eaf00000,0x00000000eaffe1a8,0x00000000eb000000)
  to   space 1536K, 0% used [0x00000000eb080000,0x00000000eb080000,0x00000000eb200000)
 ParOldGen       total 247808K, used 213347K [0x00000000c0000000, 0x00000000cf200000, 0x00000000eab00000)
  object space 247808K, 86% used [0x00000000c0000000,0x00000000cd058e50,0x00000000cf200000)
 Metaspace       used 58891K, committed 60224K, reserved 1114112K
  class space    used 6670K, committed 7232K, reserved 1048576K

Card table byte_map: [0x000001127f430000,0x000001127f640000] _byte_map_base: 0x000001127ee30000

Marking Bits: (ParMarkBitMap*) 0x00007ffa0a833260
 Begin Bits: [0x0000011212130000, 0x0000011213130000)
 End Bits:   [0x0000011213130000, 0x0000011214130000)

Polling page: 0x000001127d8b0000

Metaspace:

Usage:
  Non-class:     51.00 MB used.
      Class:      6.51 MB used.
       Both:     57.51 MB used.

Virtual space:
  Non-class space:       64.00 MB reserved,      51.75 MB ( 81%) committed,  1 nodes.
      Class space:        1.00 GB reserved,       7.06 MB ( <1%) committed,  1 nodes.
             Both:        1.06 GB reserved,      58.81 MB (  5%) committed. 

Chunk freelists:
   Non-Class:  11.44 MB
       Class:  8.97 MB
        Both:  20.41 MB

MaxMetaspaceSize: unlimited
CompressedClassSpaceSize: 1.00 GB
Initial GC threshold: 21.00 MB
Current GC threshold: 97.31 MB
CDS: on
 - commit_granule_bytes: 65536.
 - commit_granule_words: 8192.
 - virtual_space_node_default_size: 8388608.
 - enlarge_chunks_in_place: 1.
 - use_allocation_guard: 0.


Internal statistics:

num_allocs_failed_limit: 9.
num_arena_births: 1106.
num_arena_deaths: 40.
num_vsnodes_births: 2.
num_vsnodes_deaths: 0.
num_space_committed: 941.
num_space_uncommitted: 0.
num_chunks_returned_to_freelist: 56.
num_chunks_taken_from_freelist: 3749.
num_chunk_merges: 14.
num_chunk_splits: 2389.
num_chunks_enlarged: 1446.
num_inconsistent_stats: 0.

CodeHeap 'non-profiled nmethods': size=119168Kb used=6712Kb max_used=6880Kb free=112456Kb
 bounds [0x000001120acd0000, 0x000001120b390000, 0x0000011212130000]
CodeHeap 'profiled nmethods': size=119104Kb used=16350Kb max_used=17144Kb free=102753Kb
 bounds [0x0000011203130000, 0x00000112041f0000, 0x000001120a580000]
CodeHeap 'non-nmethods': size=7488Kb used=1403Kb max_used=3158Kb free=6084Kb
 bounds [0x000001120a580000, 0x000001120a8b0000, 0x000001120acd0000]
 total_blobs=8524 nmethods=7816 adapters=614
 compilation: enabled
              stopped_count=0, restarted_count=0
 full_count=0

Compilation events (20 events):
Event: 33.642 Thread 0x00000112613a96a0 8583       1       java.lang.invoke.LambdaForm$BasicType::basicTypeChar (5 bytes)
Event: 33.643 Thread 0x00000112613a96a0 nmethod 8583 0x000001120b383910 code [0x000001120b383aa0, 0x000001120b383b70]
Event: 33.653 Thread 0x00000112613a9d70 nmethod 8574 0x000001120b384210 code [0x000001120b384520, 0x000001120b3860d0]
Event: 33.657 Thread 0x00000112613a9d70 8575       4       java.lang.ClassLoader::getNamedPackage (73 bytes)
Event: 33.685 Thread 0x00000112613a9d70 nmethod 8575 0x000001120b387190 code [0x000001120b3873c0, 0x000001120b387a08]
Event: 33.686 Thread 0x00000112613a9d70 8576       4       org.gradle.internal.Cast::uncheckedNonnullCast (2 bytes)
Event: 33.687 Thread 0x00000112613a9d70 nmethod 8576 0x000001120b388010 code [0x000001120b388180, 0x000001120b3881e8]
Event: 33.687 Thread 0x00000112613a9d70 8577 %     4       org.eclipse.jdt.internal.compiler.util.SimpleLookupTable::rehash @ 23 (86 bytes)
Event: 33.695 Thread 0x00000112567feec0 8586       3       java.lang.invoke.MethodHandles$Lookup::getDirectMethod (18 bytes)
Event: 33.695 Thread 0x00000112567feec0 nmethod 8586 0x00000112041edd90 code [0x00000112041edf40, 0x00000112041ee090]
Event: 33.974 Thread 0x00000112613a9d70 nmethod 8577% 0x000001120aeb1d90 code [0x000001120aeb1fe0, 0x000001120aeb2cb8]
Event: 33.979 Thread 0x00000112613a8fd0 nmethod 8573 0x000001120ae56c10 code [0x000001120ae57300, 0x000001120ae5c990]
Event: 33.982 Thread 0x00000112613a9d70 8587       4       jdk.internal.org.objectweb.asm.Frame::pop (53 bytes)
Event: 33.983 Thread 0x00000112613a8fd0 8588       4       jdk.internal.org.objectweb.asm.ByteVector::putByteArray (49 bytes)
Event: 33.985 Thread 0x00000112613a8fd0 nmethod 8588 0x000001120ad76610 code [0x000001120ad767a0, 0x000001120ad76930]
Event: 33.986 Thread 0x00000112613a8fd0 8589       4       java.lang.invoke.MethodHandles$Lookup::checkAccess (200 bytes)
Event: 33.990 Thread 0x00000112613a8fd0 nmethod 8589 0x000001120adbab10 code [0x000001120adbad00, 0x000001120adbb0d0]
Event: 33.994 Thread 0x00000112613a96a0 8590       3       com.google.common.base.Preconditions::checkNotNull (14 bytes)
Event: 33.995 Thread 0x00000112613a96a0 nmethod 8590 0x0000011203161410 code [0x00000112031615c0, 0x00000112031617a8]
Event: 34.006 Thread 0x00000112613a9d70 nmethod 8587 0x000001120ae62110 code [0x000001120ae62380, 0x000001120ae62da8]

GC Heap History (20 events):
Event: 33.627 GC heap after
{Heap after GC invocations=197 (full 2):
 PSYoungGen      total 4096K, used 975K [0x00000000eab00000, 0x00000000eb000000, 0x0000000100000000)
  eden space 3072K, 0% used [0x00000000eab00000,0x00000000eab00000,0x00000000eae00000)
  from space 1024K, 95% used [0x00000000eae00000,0x00000000eaef3d30,0x00000000eaf00000)
  to   space 1024K, 0% used [0x00000000eaf00000,0x00000000eaf00000,0x00000000eb000000)
 ParOldGen       total 243712K, used 243415K [0x00000000c0000000, 0x00000000cee00000, 0x00000000eab00000)
  object space 243712K, 99% used [0x00000000c0000000,0x00000000cedb5e00,0x00000000cee00000)
 Metaspace       used 58176K, committed 59520K, reserved 1114112K
  class space    used 6533K, committed 7104K, reserved 1048576K
}
Event: 33.637 GC heap before
{Heap before GC invocations=198 (full 2):
 PSYoungGen      total 4096K, used 4047K [0x00000000eab00000, 0x00000000eb000000, 0x0000000100000000)
  eden space 3072K, 99% used [0x00000000eab00000,0x00000000eadfffb0,0x00000000eae00000)
  from space 1024K, 95% used [0x00000000eae00000,0x00000000eaef3d30,0x00000000eaf00000)
  to   space 1024K, 0% used [0x00000000eaf00000,0x00000000eaf00000,0x00000000eb000000)
 ParOldGen       total 243712K, used 243415K [0x00000000c0000000, 0x00000000cee00000, 0x00000000eab00000)
  object space 243712K, 99% used [0x00000000c0000000,0x00000000cedb5e00,0x00000000cee00000)
 Metaspace       used 58197K, committed 59584K, reserved 1114112K
  class space    used 6538K, committed 7104K, reserved 1048576K
}
Event: 33.639 GC heap after
{Heap after GC invocations=198 (full 2):
 PSYoungGen      total 4096K, used 896K [0x00000000eab00000, 0x00000000eb000000, 0x0000000100000000)
  eden space 3072K, 0% used [0x00000000eab00000,0x00000000eab00000,0x00000000eae00000)
  from space 1024K, 87% used [0x00000000eaf00000,0x00000000eafe0010,0x00000000eb000000)
  to   space 1024K, 0% used [0x00000000eae00000,0x00000000eae00000,0x00000000eaf00000)
 ParOldGen       total 244224K, used 244161K [0x00000000c0000000, 0x00000000cee80000, 0x00000000eab00000)
  object space 244224K, 99% used [0x00000000c0000000,0x00000000cee70520,0x00000000cee80000)
 Metaspace       used 58197K, committed 59584K, reserved 1114112K
  class space    used 6538K, committed 7104K, reserved 1048576K
}
Event: 33.649 GC heap before
{Heap before GC invocations=199 (full 2):
 PSYoungGen      total 4096K, used 3968K [0x00000000eab00000, 0x00000000eb000000, 0x0000000100000000)
  eden space 3072K, 100% used [0x00000000eab00000,0x00000000eae00000,0x00000000eae00000)
  from space 1024K, 87% used [0x00000000eaf00000,0x00000000eafe0010,0x00000000eb000000)
  to   space 1024K, 0% used [0x00000000eae00000,0x00000000eae00000,0x00000000eaf00000)
 ParOldGen       total 244224K, used 244161K [0x00000000c0000000, 0x00000000cee80000, 0x00000000eab00000)
  object space 244224K, 99% used [0x00000000c0000000,0x00000000cee70520,0x00000000cee80000)
 Metaspace       used 58256K, committed 59584K, reserved 1114112K
  class space    used 6551K, committed 7104K, reserved 1048576K
}
Event: 33.650 GC heap after
{Heap after GC invocations=199 (full 2):
 PSYoungGen      total 4096K, used 753K [0x00000000eab00000, 0x00000000eb000000, 0x0000000100000000)
  eden space 3072K, 0% used [0x00000000eab00000,0x00000000eab00000,0x00000000eae00000)
  from space 1024K, 73% used [0x00000000eae00000,0x00000000eaebc4f8,0x00000000eaf00000)
  to   space 1024K, 0% used [0x00000000eaf00000,0x00000000eaf00000,0x00000000eb000000)
 ParOldGen       total 245248K, used 244894K [0x00000000c0000000, 0x00000000cef80000, 0x00000000eab00000)
  object space 245248K, 99% used [0x00000000c0000000,0x00000000cef27840,0x00000000cef80000)
 Metaspace       used 58256K, committed 59584K, reserved 1114112K
  class space    used 6551K, committed 7104K, reserved 1048576K
}
Event: 33.668 GC heap before
{Heap before GC invocations=200 (full 2):
 PSYoungGen      total 4096K, used 3824K [0x00000000eab00000, 0x00000000eb000000, 0x0000000100000000)
  eden space 3072K, 99% used [0x00000000eab00000,0x00000000eadffe88,0x00000000eae00000)
  from space 1024K, 73% used [0x00000000eae00000,0x00000000eaebc4f8,0x00000000eaf00000)
  to   space 1024K, 0% used [0x00000000eaf00000,0x00000000eaf00000,0x00000000eb000000)
 ParOldGen       total 245248K, used 244894K [0x00000000c0000000, 0x00000000cef80000, 0x00000000eab00000)
  object space 245248K, 99% used [0x00000000c0000000,0x00000000cef27840,0x00000000cef80000)
 Metaspace       used 58311K, committed 59648K, reserved 1114112K
  class space    used 6560K, committed 7104K, reserved 1048576K
}
Event: 33.670 GC heap after
{Heap after GC invocations=200 (full 2):
 PSYoungGen      total 4096K, used 704K [0x00000000eab00000, 0x00000000eb000000, 0x0000000100000000)
  eden space 3072K, 0% used [0x00000000eab00000,0x00000000eab00000,0x00000000eae00000)
  from space 1024K, 68% used [0x00000000eaf00000,0x00000000eafb0000,0x00000000eb000000)
  to   space 1024K, 0% used [0x00000000eae00000,0x00000000eae00000,0x00000000eaf00000)
 ParOldGen       total 245760K, used 245477K [0x00000000c0000000, 0x00000000cf000000, 0x00000000eab00000)
  object space 245760K, 99% used [0x00000000c0000000,0x00000000cefb9628,0x00000000cf000000)
 Metaspace       used 58311K, committed 59648K, reserved 1114112K
  class space    used 6560K, committed 7104K, reserved 1048576K
}
Event: 33.683 GC heap before
{Heap before GC invocations=201 (full 2):
 PSYoungGen      total 4096K, used 3775K [0x00000000eab00000, 0x00000000eb000000, 0x0000000100000000)
  eden space 3072K, 99% used [0x00000000eab00000,0x00000000eadfffd8,0x00000000eae00000)
  from space 1024K, 68% used [0x00000000eaf00000,0x00000000eafb0000,0x00000000eb000000)
  to   space 1024K, 0% used [0x00000000eae00000,0x00000000eae00000,0x00000000eaf00000)
 ParOldGen       total 245760K, used 245477K [0x00000000c0000000, 0x00000000cf000000, 0x00000000eab00000)
  object space 245760K, 99% used [0x00000000c0000000,0x00000000cefb9628,0x00000000cf000000)
 Metaspace       used 58357K, committed 59712K, reserved 1114112K
  class space    used 6565K, committed 7104K, reserved 1048576K
}
Event: 33.684 GC heap after
{Heap after GC invocations=201 (full 2):
 PSYoungGen      total 4096K, used 817K [0x00000000eab00000, 0x00000000eb000000, 0x0000000100000000)
  eden space 3072K, 0% used [0x00000000eab00000,0x00000000eab00000,0x00000000eae00000)
  from space 1024K, 79% used [0x00000000eae00000,0x00000000eaecc550,0x00000000eaf00000)
  to   space 1024K, 0% used [0x00000000eaf00000,0x00000000eaf00000,0x00000000eb000000)
 ParOldGen       total 246272K, used 246029K [0x00000000c0000000, 0x00000000cf080000, 0x00000000eab00000)
  object space 246272K, 99% used [0x00000000c0000000,0x00000000cf043618,0x00000000cf080000)
 Metaspace       used 58357K, committed 59712K, reserved 1114112K
  class space    used 6565K, committed 7104K, reserved 1048576K
}
Event: 33.700 GC heap before
{Heap before GC invocations=202 (full 2):
 PSYoungGen      total 4096K, used 3889K [0x00000000eab00000, 0x00000000eb000000, 0x0000000100000000)
  eden space 3072K, 100% used [0x00000000eab00000,0x00000000eae00000,0x00000000eae00000)
  from space 1024K, 79% used [0x00000000eae00000,0x00000000eaecc550,0x00000000eaf00000)
  to   space 1024K, 0% used [0x00000000eaf00000,0x00000000eaf00000,0x00000000eb000000)
 ParOldGen       total 246272K, used 246029K [0x00000000c0000000, 0x00000000cf080000, 0x00000000eab00000)
  object space 246272K, 99% used [0x00000000c0000000,0x00000000cf043618,0x00000000cf080000)
 Metaspace       used 58410K, committed 59712K, reserved 1114112K
  class space    used 6573K, committed 7104K, reserved 1048576K
}
Event: 33.702 GC heap after
{Heap after GC invocations=202 (full 2):
 PSYoungGen      total 4096K, used 732K [0x00000000eab00000, 0x00000000eb000000, 0x0000000100000000)
  eden space 3072K, 0% used [0x00000000eab00000,0x00000000eab00000,0x00000000eae00000)
  from space 1024K, 71% used [0x00000000eaf00000,0x00000000eafb7128,0x00000000eb000000)
  to   space 1024K, 0% used [0x00000000eae00000,0x00000000eae00000,0x00000000eaf00000)
 ParOldGen       total 246784K, used 246695K [0x00000000c0000000, 0x00000000cf100000, 0x00000000eab00000)
  object space 246784K, 99% used [0x00000000c0000000,0x00000000cf0e9cd0,0x00000000cf100000)
 Metaspace       used 58410K, committed 59712K, reserved 1114112K
  class space    used 6573K, committed 7104K, reserved 1048576K
}
Event: 33.711 GC heap before
{Heap before GC invocations=203 (full 2):
 PSYoungGen      total 4096K, used 2868K [0x00000000eab00000, 0x00000000eb000000, 0x0000000100000000)
  eden space 3072K, 69% used [0x00000000eab00000,0x00000000ead15f90,0x00000000eae00000)
  from space 1024K, 71% used [0x00000000eaf00000,0x00000000eafb7128,0x00000000eb000000)
  to   space 1024K, 0% used [0x00000000eae00000,0x00000000eae00000,0x00000000eaf00000)
 ParOldGen       total 246784K, used 246695K [0x00000000c0000000, 0x00000000cf100000, 0x00000000eab00000)
  object space 246784K, 99% used [0x00000000c0000000,0x00000000cf0e9cd0,0x00000000cf100000)
 Metaspace       used 58459K, committed 59776K, reserved 1114112K
  class space    used 6579K, committed 7104K, reserved 1048576K
}
Event: 33.712 GC heap after
{Heap after GC invocations=203 (full 2):
 PSYoungGen      total 4096K, used 544K [0x00000000eab00000, 0x00000000eb000000, 0x0000000100000000)
  eden space 3072K, 0% used [0x00000000eab00000,0x00000000eab00000,0x00000000eae00000)
  from space 1024K, 53% used [0x00000000eae00000,0x00000000eae88000,0x00000000eaf00000)
  to   space 1024K, 0% used [0x00000000eaf00000,0x00000000eaf00000,0x00000000eb000000)
 ParOldGen       total 247808K, used 247311K [0x00000000c0000000, 0x00000000cf200000, 0x00000000eab00000)
  object space 247808K, 99% used [0x00000000c0000000,0x00000000cf183c38,0x00000000cf200000)
 Metaspace       used 58459K, committed 59776K, reserved 1114112K
  class space    used 6579K, committed 7104K, reserved 1048576K
}
Event: 33.712 GC heap before
{Heap before GC invocations=204 (full 3):
 PSYoungGen      total 4096K, used 544K [0x00000000eab00000, 0x00000000eb000000, 0x0000000100000000)
  eden space 3072K, 0% used [0x00000000eab00000,0x00000000eab00000,0x00000000eae00000)
  from space 1024K, 53% used [0x00000000eae00000,0x00000000eae88000,0x00000000eaf00000)
  to   space 1024K, 0% used [0x00000000eaf00000,0x00000000eaf00000,0x00000000eb000000)
 ParOldGen       total 247808K, used 247311K [0x00000000c0000000, 0x00000000cf200000, 0x00000000eab00000)
  object space 247808K, 99% used [0x00000000c0000000,0x00000000cf183c38,0x00000000cf200000)
 Metaspace       used 58459K, committed 59776K, reserved 1114112K
  class space    used 6579K, committed 7104K, reserved 1048576K
}
Event: 33.973 GC heap after
{Heap after GC invocations=204 (full 3):
 PSYoungGen      total 4096K, used 0K [0x00000000eab00000, 0x00000000eb000000, 0x0000000100000000)
  eden space 3072K, 0% used [0x00000000eab00000,0x00000000eab00000,0x00000000eae00000)
  from space 1024K, 0% used [0x00000000eae00000,0x00000000eae00000,0x00000000eaf00000)
  to   space 1024K, 0% used [0x00000000eaf00000,0x00000000eaf00000,0x00000000eb000000)
 ParOldGen       total 247808K, used 210360K [0x00000000c0000000, 0x00000000cf200000, 0x00000000eab00000)
  object space 247808K, 84% used [0x00000000c0000000,0x00000000ccd6e058,0x00000000cf200000)
 Metaspace       used 58459K, committed 59776K, reserved 1114112K
  class space    used 6579K, committed 7104K, reserved 1048576K
}
Event: 33.983 GC heap before
{Heap before GC invocations=205 (full 3):
 PSYoungGen      total 4096K, used 3072K [0x00000000eab00000, 0x00000000eb000000, 0x0000000100000000)
  eden space 3072K, 100% used [0x00000000eab00000,0x00000000eae00000,0x00000000eae00000)
  from space 1024K, 0% used [0x00000000eae00000,0x00000000eae00000,0x00000000eaf00000)
  to   space 1024K, 0% used [0x00000000eaf00000,0x00000000eaf00000,0x00000000eb000000)
 ParOldGen       total 247808K, used 210360K [0x00000000c0000000, 0x00000000cf200000, 0x00000000eab00000)
  object space 247808K, 84% used [0x00000000c0000000,0x00000000ccd6e058,0x00000000cf200000)
 Metaspace       used 58486K, committed 59840K, reserved 1114112K
  class space    used 6587K, committed 7168K, reserved 1048576K
}
Event: 33.985 GC heap after
{Heap after GC invocations=205 (full 3):
 PSYoungGen      total 4096K, used 828K [0x00000000eab00000, 0x00000000eb000000, 0x0000000100000000)
  eden space 3072K, 0% used [0x00000000eab00000,0x00000000eab00000,0x00000000eae00000)
  from space 1024K, 80% used [0x00000000eaf00000,0x00000000eafcf320,0x00000000eb000000)
  to   space 1024K, 0% used [0x00000000eae00000,0x00000000eae00000,0x00000000eaf00000)
 ParOldGen       total 247808K, used 210360K [0x00000000c0000000, 0x00000000cf200000, 0x00000000eab00000)
  object space 247808K, 84% used [0x00000000c0000000,0x00000000ccd6e058,0x00000000cf200000)
 Metaspace       used 58486K, committed 59840K, reserved 1114112K
  class space    used 6587K, committed 7168K, reserved 1048576K
}
Event: 34.003 GC heap before
{Heap before GC invocations=206 (full 3):
 PSYoungGen      total 4096K, used 3900K [0x00000000eab00000, 0x00000000eb000000, 0x0000000100000000)
  eden space 3072K, 99% used [0x00000000eab00000,0x00000000eadfffd8,0x00000000eae00000)
  from space 1024K, 80% used [0x00000000eaf00000,0x00000000eafcf320,0x00000000eb000000)
  to   space 1024K, 0% used [0x00000000eae00000,0x00000000eae00000,0x00000000eaf00000)
 ParOldGen       total 247808K, used 210360K [0x00000000c0000000, 0x00000000cf200000, 0x00000000eab00000)
  object space 247808K, 84% used [0x00000000c0000000,0x00000000ccd6e058,0x00000000cf200000)
 Metaspace       used 58539K, committed 59904K, reserved 1114112K
  class space    used 6596K, committed 7168K, reserved 1048576K
}
Event: 34.005 GC heap after
{Heap after GC invocations=206 (full 3):
 PSYoungGen      total 4096K, used 928K [0x00000000eab00000, 0x00000000eb000000, 0x0000000100000000)
  eden space 3072K, 0% used [0x00000000eab00000,0x00000000eab00000,0x00000000eae00000)
  from space 1024K, 90% used [0x00000000eae00000,0x00000000eaee80a8,0x00000000eaf00000)
  to   space 1024K, 0% used [0x00000000eaf00000,0x00000000eaf00000,0x00000000eb000000)
 ParOldGen       total 247808K, used 211024K [0x00000000c0000000, 0x00000000cf200000, 0x00000000eab00000)
  object space 247808K, 85% used [0x00000000c0000000,0x00000000cce14248,0x00000000cf200000)
 Metaspace       used 58539K, committed 59904K, reserved 1114112K
  class space    used 6596K, committed 7168K, reserved 1048576K
}
Event: 34.022 GC heap before
{Heap before GC invocations=207 (full 3):
 PSYoungGen      total 4096K, used 4000K [0x00000000eab00000, 0x00000000eb000000, 0x0000000100000000)
  eden space 3072K, 100% used [0x00000000eab00000,0x00000000eae00000,0x00000000eae00000)
  from space 1024K, 90% used [0x00000000eae00000,0x00000000eaee80a8,0x00000000eaf00000)
  to   space 1024K, 0% used [0x00000000eaf00000,0x00000000eaf00000,0x00000000eb000000)
 ParOldGen       total 247808K, used 211024K [0x00000000c0000000, 0x00000000cf200000, 0x00000000eab00000)
  object space 247808K, 85% used [0x00000000c0000000,0x00000000cce14248,0x00000000cf200000)
 Metaspace       used 58615K, committed 59968K, reserved 1114112K
  class space    used 6609K, committed 7168K, reserved 1048576K
}

Dll operation events (13 events):
Event: 0.038 Loaded shared library c:\Users\RIFKI\.vscode\extensions\redhat.java-1.41.1-win32-x64\jre\21.0.6-win32-x86_64\bin\java.dll
Event: 0.215 Loaded shared library c:\Users\RIFKI\.vscode\extensions\redhat.java-1.41.1-win32-x64\jre\21.0.6-win32-x86_64\bin\zip.dll
Event: 0.263 Loaded shared library C:\Users\RIFKI\.vscode\extensions\redhat.java-1.41.1-win32-x64\jre\21.0.6-win32-x86_64\bin\instrument.dll
Event: 0.278 Loaded shared library C:\Users\RIFKI\.vscode\extensions\redhat.java-1.41.1-win32-x64\jre\21.0.6-win32-x86_64\bin\net.dll
Event: 0.284 Loaded shared library C:\Users\RIFKI\.vscode\extensions\redhat.java-1.41.1-win32-x64\jre\21.0.6-win32-x86_64\bin\nio.dll
Event: 0.289 Loaded shared library C:\Users\RIFKI\.vscode\extensions\redhat.java-1.41.1-win32-x64\jre\21.0.6-win32-x86_64\bin\zip.dll
Event: 0.333 Loaded shared library C:\Users\RIFKI\.vscode\extensions\redhat.java-1.41.1-win32-x64\jre\21.0.6-win32-x86_64\bin\jimage.dll
Event: 0.460 Loaded shared library c:\Users\RIFKI\.vscode\extensions\redhat.java-1.41.1-win32-x64\jre\21.0.6-win32-x86_64\bin\verify.dll
Event: 2.837 Loaded shared library C:\Users\RIFKI\AppData\Roaming\Code\User\globalStorage\redhat.java\1.41.1\config_win\org.eclipse.equinox.launcher\org.eclipse.equinox.launcher.win32.win32.x86_64_1.2.1300.v20250331-1702\eclipse_11911.dll
Event: 10.128 Loaded shared library C:\Users\RIFKI\AppData\Local\Temp\jna-77973133\jna6386198731957449108.dll
Event: 29.365 Loaded shared library C:\Users\RIFKI\.gradle\native\c067742578af261105cb4f569cf0c3c89f3d7b1fecec35dd04571415982c5e48\windows-amd64\native-platform.dll
Event: 33.300 Loaded shared library C:\Users\RIFKI\.vscode\extensions\redhat.java-1.41.1-win32-x64\jre\21.0.6-win32-x86_64\bin\management.dll
Event: 33.305 Loaded shared library C:\Users\RIFKI\.vscode\extensions\redhat.java-1.41.1-win32-x64\jre\21.0.6-win32-x86_64\bin\management_ext.dll

Deoptimization events (20 events):
Event: 33.635 Thread 0x000001125fd65cc0 DEOPT PACKING pc=0x000001120ae49048 sp=0x00000003336fd480
Event: 33.635 Thread 0x000001125fd65cc0 DEOPT UNPACKING pc=0x000001120a5d3aa2 sp=0x00000003336fd408 mode 2
Event: 33.645 Thread 0x000001125d7f59f0 DEOPT PACKING pc=0x00000112041daeaa sp=0x00000003306fecd0
Event: 33.645 Thread 0x000001125d7f59f0 DEOPT UNPACKING pc=0x000001120a5d4242 sp=0x00000003306fe258 mode 0
Event: 33.654 Thread 0x000001125d7f59f0 DEOPT PACKING pc=0x00000112041daeaa sp=0x00000003306fecd0
Event: 33.654 Thread 0x000001125d7f59f0 DEOPT UNPACKING pc=0x000001120a5d4242 sp=0x00000003306fe258 mode 0
Event: 33.672 Thread 0x000001125d7f59f0 DEOPT PACKING pc=0x00000112041daeaa sp=0x00000003306fecd0
Event: 33.672 Thread 0x000001125d7f59f0 DEOPT UNPACKING pc=0x000001120a5d4242 sp=0x00000003306fe258 mode 0
Event: 33.683 Thread 0x000001125d7f59f0 DEOPT PACKING pc=0x00000112041daeaa sp=0x00000003306fecd0
Event: 33.683 Thread 0x000001125d7f59f0 DEOPT UNPACKING pc=0x000001120a5d4242 sp=0x00000003306fe258 mode 0
Event: 33.695 Thread 0x000001125d7f59f0 DEOPT PACKING pc=0x00000112041daeaa sp=0x00000003306fecd0
Event: 33.695 Thread 0x000001125d7f59f0 DEOPT UNPACKING pc=0x000001120a5d4242 sp=0x00000003306fe258 mode 0
Event: 33.710 Thread 0x000001125d7f59f0 DEOPT PACKING pc=0x00000112041daeaa sp=0x00000003306fecd0
Event: 33.710 Thread 0x000001125d7f59f0 DEOPT UNPACKING pc=0x000001120a5d4242 sp=0x00000003306fe258 mode 0
Event: 33.979 Thread 0x000001125d7f59f0 DEOPT PACKING pc=0x00000112041daeaa sp=0x00000003306fecd0
Event: 33.979 Thread 0x000001125d7f59f0 DEOPT UNPACKING pc=0x000001120a5d4242 sp=0x00000003306fe258 mode 0
Event: 33.988 Thread 0x000001125d7f59f0 DEOPT PACKING pc=0x00000112041daeaa sp=0x00000003306fecd0
Event: 33.988 Thread 0x000001125d7f59f0 DEOPT UNPACKING pc=0x000001120a5d4242 sp=0x00000003306fe258 mode 0
Event: 34.012 Thread 0x000001125d7f59f0 DEOPT PACKING pc=0x00000112041daeaa sp=0x00000003306fecd0
Event: 34.012 Thread 0x000001125d7f59f0 DEOPT UNPACKING pc=0x000001120a5d4242 sp=0x00000003306fe258 mode 0

Classes loaded (20 events):
Event: 33.323 Loading class sun/management/Util
Event: 33.323 Loading class sun/management/Util done
Event: 33.324 Loading class java/lang/management/ManagementPermission
Event: 33.324 Loading class java/lang/management/ManagementPermission done
Event: 33.416 Loading class java/util/function/LongSupplier
Event: 33.416 Loading class java/util/function/LongSupplier done
Event: 33.456 Loading class java/net/ConnectException
Event: 33.457 Loading class java/net/ConnectException done
Event: 33.475 Loading class java/nio/file/AtomicMoveNotSupportedException
Event: 33.475 Loading class java/nio/file/AtomicMoveNotSupportedException done
Event: 33.555 Loading class java/io/StreamCorruptedException
Event: 33.555 Loading class java/io/StreamCorruptedException done
Event: 33.560 Loading class java/util/concurrent/ConcurrentSkipListMap$EntrySet
Event: 33.563 Loading class java/util/concurrent/ConcurrentSkipListMap$EntrySet done
Event: 33.563 Loading class java/util/concurrent/ConcurrentSkipListMap$EntryIterator
Event: 33.564 Loading class java/util/concurrent/ConcurrentSkipListMap$Iter
Event: 33.564 Loading class java/util/concurrent/ConcurrentSkipListMap$Iter done
Event: 33.564 Loading class java/util/concurrent/ConcurrentSkipListMap$EntryIterator done
Event: 33.642 Loading class java/lang/invoke/BoundMethodHandle$Species_LLLLLLLLLL
Event: 33.642 Loading class java/lang/invoke/BoundMethodHandle$Species_LLLLLLLLLL done

Classes unloaded (20 events):
Event: 15.147 Thread 0x0000011214314060 Unloading class 0x000001121619dc00 'java/lang/invoke/LambdaForm$MH+0x000001121619dc00'
Event: 15.147 Thread 0x0000011214314060 Unloading class 0x000001121619d800 'java/lang/invoke/LambdaForm$MH+0x000001121619d800'
Event: 15.147 Thread 0x0000011214314060 Unloading class 0x000001121619d400 'java/lang/invoke/LambdaForm$MH+0x000001121619d400'
Event: 15.147 Thread 0x0000011214314060 Unloading class 0x000001121619d000 'java/lang/invoke/LambdaForm$MH+0x000001121619d000'
Event: 15.147 Thread 0x0000011214314060 Unloading class 0x000001121619cc00 'java/lang/invoke/LambdaForm$BMH+0x000001121619cc00'
Event: 15.147 Thread 0x0000011214314060 Unloading class 0x000001121619c800 'java/lang/invoke/LambdaForm$DMH+0x000001121619c800'
Event: 15.147 Thread 0x0000011214314060 Unloading class 0x000001121619b400 'java/lang/invoke/LambdaForm$DMH+0x000001121619b400'
Event: 17.194 Thread 0x0000011214314060 Unloading class 0x000001121630a400 'java/lang/invoke/LambdaForm$MH+0x000001121630a400'
Event: 17.194 Thread 0x0000011214314060 Unloading class 0x0000011216309800 'java/lang/invoke/LambdaForm$MH+0x0000011216309800'
Event: 17.194 Thread 0x0000011214314060 Unloading class 0x0000011216309000 'java/lang/invoke/LambdaForm$MH+0x0000011216309000'
Event: 17.194 Thread 0x0000011214314060 Unloading class 0x0000011216308800 'java/lang/invoke/LambdaForm$MH+0x0000011216308800'
Event: 17.194 Thread 0x0000011214314060 Unloading class 0x0000011216308400 'java/lang/invoke/LambdaForm$DMH+0x0000011216308400'
Event: 17.194 Thread 0x0000011214314060 Unloading class 0x0000011216305800 'java/lang/invoke/LambdaForm$MH+0x0000011216305800'
Event: 17.194 Thread 0x0000011214314060 Unloading class 0x0000011216302000 'java/lang/invoke/LambdaForm$MH+0x0000011216302000'
Event: 17.194 Thread 0x0000011214314060 Unloading class 0x0000011216301800 'java/lang/invoke/LambdaForm$MH+0x0000011216301800'
Event: 17.194 Thread 0x0000011214314060 Unloading class 0x0000011216301000 'java/lang/invoke/LambdaForm$MH+0x0000011216301000'
Event: 17.194 Thread 0x0000011214314060 Unloading class 0x00000112162db800 'java/lang/invoke/LambdaForm$MH+0x00000112162db800'
Event: 17.194 Thread 0x0000011214314060 Unloading class 0x00000112162db400 'java/lang/invoke/LambdaForm$MH+0x00000112162db400'
Event: 17.194 Thread 0x0000011214314060 Unloading class 0x00000112162dac00 'java/lang/invoke/LambdaForm$MH+0x00000112162dac00'
Event: 17.194 Thread 0x0000011214314060 Unloading class 0x00000112162da000 'java/lang/invoke/LambdaForm$MH+0x00000112162da000'

Classes redefined (0 events):
No events

Internal exceptions (20 events):
Event: 26.692 Thread 0x0000011260b247b0 Exception <a 'sun/nio/fs/WindowsException'{0x00000000eb3bb748}> (0x00000000eb3bb748) 
thrown [s\src\hotspot\share\prims\jni.cpp, line 520]
Event: 26.693 Thread 0x0000011260b247b0 Exception <a 'sun/nio/fs/WindowsException'{0x00000000eb3bbde0}> (0x00000000eb3bbde0) 
thrown [s\src\hotspot\share\prims\jni.cpp, line 520]
Event: 26.695 Thread 0x0000011260b247b0 Exception <a 'sun/nio/fs/WindowsException'{0x00000000eb3f1e88}> (0x00000000eb3f1e88) 
thrown [s\src\hotspot\share\prims\jni.cpp, line 520]
Event: 26.695 Thread 0x0000011260b247b0 Exception <a 'sun/nio/fs/WindowsException'{0x00000000eb3f2458}> (0x00000000eb3f2458) 
thrown [s\src\hotspot\share\prims\jni.cpp, line 520]
Event: 26.695 Thread 0x0000011260b247b0 Exception <a 'sun/nio/fs/WindowsException'{0x00000000eb3f2a28}> (0x00000000eb3f2a28) 
thrown [s\src\hotspot\share\prims\jni.cpp, line 520]
Event: 26.695 Thread 0x0000011260b247b0 Exception <a 'sun/nio/fs/WindowsException'{0x00000000eb3f3018}> (0x00000000eb3f3018) 
thrown [s\src\hotspot\share\prims\jni.cpp, line 520]
Event: 26.697 Thread 0x0000011260b247b0 Exception <a 'sun/nio/fs/WindowsException'{0x00000000eb3f6fd0}> (0x00000000eb3f6fd0) 
thrown [s\src\hotspot\share\prims\jni.cpp, line 520]
Event: 26.697 Thread 0x0000011260b247b0 Exception <a 'sun/nio/fs/WindowsException'{0x00000000eb3f75d8}> (0x00000000eb3f75d8) 
thrown [s\src\hotspot\share\prims\jni.cpp, line 520]
Event: 26.698 Thread 0x0000011260b247b0 Exception <a 'sun/nio/fs/WindowsException'{0x00000000eb3f7bf0}> (0x00000000eb3f7bf0) 
thrown [s\src\hotspot\share\prims\jni.cpp, line 520]
Event: 26.698 Thread 0x0000011260b247b0 Exception <a 'sun/nio/fs/WindowsException'{0x00000000eb3f8480}> (0x00000000eb3f8480) 
thrown [s\src\hotspot\share\prims\jni.cpp, line 520]
Event: 27.216 Thread 0x0000011260b247b0 Exception <a 'java/lang/NoSuchMethodError'{0x00000000eb72fff8}: 'java.lang.Object java.lang.invoke.DirectMethodHandle$Holder.invokeVirtual(java.lang.Object, java.lang.Object, java.lang.Object, java.lang.Object)'> (0x00000000eb72fff8) 
thrown [s\src\hotspot\share\interpreter\linkResolver.cpp, line 773]
Event: 27.228 Thread 0x0000011260b247b0 Exception <a 'java/lang/NoSuchMethodError'{0x00000000eb8fb150}: 'java.lang.Object java.lang.invoke.DirectMethodHandle$Holder.invokeVirtual(java.lang.Object, java.lang.Object, java.lang.Object, java.lang.Object, java.lang.Object)'> (0x00000000eb8fb150) 
thrown [s\src\hotspot\share\interpreter\linkResolver.cpp, line 773]
Event: 27.396 Thread 0x000001125d7f59f0 Implicit null exception at 0x000001120b1e787c to 0x000001120b1ee480
Event: 32.539 Thread 0x000001125d4f30e0 Implicit null exception at 0x000001120afb3043 to 0x000001120afb33d0
Event: 33.065 Thread 0x000001125fd65cc0 Exception <a 'java/lang/NoSuchMethodError'{0x00000000eabca1b8}: 'java.lang.Object java.lang.invoke.DirectMethodHandle$Holder.invokeVirtual(java.lang.Object, java.lang.Object, java.lang.Object, java.lang.Object, java.lang.Object, java.lang.Object)'> (0x00000000eabca1b8) 
thrown [s\src\hotspot\share\interpreter\linkResolver.cpp, line 773]
Event: 33.168 Thread 0x000001125fd65cc0 Exception <a 'java/lang/NoSuchMethodError'{0x00000000ead1e8e0}: 'java.lang.Object java.lang.invoke.DirectMethodHandle$Holder.invokeVirtual(java.lang.Object, java.lang.Object, java.lang.Object, java.lang.Object, java.lang.Object, java.lang.Object, java.lang.Object)'> (0x00000000ead1e8e0) 
thrown [s\src\hotspot\share\interpreter\linkResolver.cpp, line 773]
Event: 33.236 Thread 0x000001125fd65cc0 Exception <a 'java/lang/NoClassDefFoundError'{0x00000000eac62df0}: org/slf4j/impl/StaticMarkerBinder> (0x00000000eac62df0) 
thrown [s\src\hotspot\share\classfile\systemDictionary.cpp, line 301]
Event: 33.480 Thread 0x000001125fd65cc0 Exception <a 'java/lang/NoSuchMethodError'{0x00000000eac0a030}: 'java.lang.Object java.lang.invoke.DirectMethodHandle$Holder.invokeVirtual(java.lang.Object, java.lang.Object, java.lang.Object, java.lang.Object, java.lang.Object, java.lang.Object, java.lang.Object, java.lang.Object)'> (0x00000000eac0a030) 
thrown [s\src\hotspot\share\interpreter\linkResolver.cpp, line 773]
Event: 33.635 Thread 0x000001125fd65cc0 Exception <a 'java/lang/NoSuchMethodError'{0x00000000ead70ea8}: 'java.lang.Object java.lang.invoke.DirectMethodHandle$Holder.invokeVirtual(java.lang.Object, java.lang.Object, java.lang.Object, java.lang.Object, java.lang.Object, java.lang.Object, java.lang.Object, java.lang.Object, java.lang.Object, java.lang.Object, java.lang.Object)'> (0x00000000ead70ea8) 
thrown [s\src\hotspot\share\interpreter\linkResolver.cpp, line 773]
Event: 33.643 Thread 0x000001125fd65cc0 Exception <a 'java/lang/NoSuchMethodError'{0x00000000eac2a538}: 'java.lang.Object java.lang.invoke.DirectMethodHandle$Holder.invokeStatic(java.lang.Object, java.lang.Object, java.lang.Object, java.lang.Object, java.lang.Object, java.lang.Object, java.lang.Object, java.lang.Object, java.lang.Object, java.lang.Object, java.lang.Object, java.lang.Object, java.lang.Object)'> (0x00000000eac2a538) 
thrown [s\src\hotspot\share\interpreter\linkResolver.cpp, line 773]

ZGC Phase Switch (0 events):
No events

VM Operations (20 events):
Event: 33.607 Executing VM operation: ParallelGCSystemGC (GCLocker Initiated GC) done
Event: 33.624 Executing VM operation: ParallelGCFailedAllocation (Allocation Failure)
Event: 33.627 Executing VM operation: ParallelGCFailedAllocation (Allocation Failure) done
Event: 33.637 Executing VM operation: ParallelGCFailedAllocation (Allocation Failure)
Event: 33.639 Executing VM operation: ParallelGCFailedAllocation (Allocation Failure) done
Event: 33.649 Executing VM operation: ParallelGCFailedAllocation (Allocation Failure)
Event: 33.650 Executing VM operation: ParallelGCFailedAllocation (Allocation Failure) done
Event: 33.668 Executing VM operation: ParallelGCFailedAllocation (Allocation Failure)
Event: 33.670 Executing VM operation: ParallelGCFailedAllocation (Allocation Failure) done
Event: 33.683 Executing VM operation: ParallelGCFailedAllocation (Allocation Failure)
Event: 33.685 Executing VM operation: ParallelGCFailedAllocation (Allocation Failure) done
Event: 33.700 Executing VM operation: ParallelGCFailedAllocation (Allocation Failure)
Event: 33.702 Executing VM operation: ParallelGCFailedAllocation (Allocation Failure) done
Event: 33.711 Executing VM operation: CollectForMetadataAllocation (Metadata GC Threshold)
Event: 33.973 Executing VM operation: CollectForMetadataAllocation (Metadata GC Threshold) done
Event: 33.983 Executing VM operation: ParallelGCFailedAllocation (Allocation Failure)
Event: 33.985 Executing VM operation: ParallelGCFailedAllocation (Allocation Failure) done
Event: 33.996 Executing VM operation: ParallelGCFailedAllocation (Allocation Failure)
Event: 34.005 Executing VM operation: ParallelGCFailedAllocation (Allocation Failure) done
Event: 34.022 Executing VM operation: ParallelGCFailedAllocation (Allocation Failure)

Memory protections (0 events):
No events

Nmethod flushes (20 events):
Event: 33.777 Thread 0x0000011214314060 flushing  nmethod 0x0000011203a89e10
Event: 33.777 Thread 0x0000011214314060 flushing  nmethod 0x0000011203a8b910
Event: 33.777 Thread 0x0000011214314060 flushing  nmethod 0x0000011203a8c810
Event: 33.777 Thread 0x0000011214314060 flushing  nmethod 0x0000011203a8ce10
Event: 33.777 Thread 0x0000011214314060 flushing  nmethod 0x0000011203a8df90
Event: 33.777 Thread 0x0000011214314060 flushing  nmethod 0x0000011203aa3890
Event: 33.777 Thread 0x0000011214314060 flushing  nmethod 0x0000011203aaa510
Event: 33.777 Thread 0x0000011214314060 flushing  nmethod 0x0000011203ac1610
Event: 33.777 Thread 0x0000011214314060 flushing  nmethod 0x0000011203ac6510
Event: 33.777 Thread 0x0000011214314060 flushing  nmethod 0x0000011203ac9310
Event: 33.777 Thread 0x0000011214314060 flushing  nmethod 0x0000011203b07810
Event: 33.777 Thread 0x0000011214314060 flushing  nmethod 0x0000011203b26190
Event: 33.777 Thread 0x0000011214314060 flushing  nmethod 0x0000011203b40710
Event: 33.777 Thread 0x0000011214314060 flushing  nmethod 0x0000011203b41110
Event: 33.777 Thread 0x0000011214314060 flushing  nmethod 0x0000011203b42c10
Event: 33.777 Thread 0x0000011214314060 flushing  nmethod 0x0000011203b44510
Event: 33.777 Thread 0x0000011214314060 flushing  nmethod 0x0000011203b44890
Event: 33.777 Thread 0x0000011214314060 flushing  nmethod 0x0000011203b44d10
Event: 33.777 Thread 0x0000011214314060 flushing  nmethod 0x0000011203b47490
Event: 33.777 Thread 0x0000011214314060 flushing  nmethod 0x0000011203b50310

Events (20 events):
Event: 28.478 Thread 0x000001125dbe5b40 Thread exited: 0x000001125dbe5b40
Event: 29.760 Thread 0x00000112613aab10 Thread exited: 0x00000112613aab10
Event: 30.455 Thread 0x00000112613aa440 Thread exited: 0x00000112613aa440
Event: 30.455 Thread 0x00000112613a96a0 Thread exited: 0x00000112613a96a0
Event: 30.485 Thread 0x00000112613a8fd0 Thread exited: 0x00000112613a8fd0
Event: 31.152 Thread 0x00000112613a8900 Thread exited: 0x00000112613a8900
Event: 31.373 Thread 0x00000112613a9d70 Thread exited: 0x00000112613a9d70
Event: 31.373 Thread 0x00000112613a8230 Thread exited: 0x00000112613a8230
Event: 32.513 Thread 0x000001125dbe8420 Thread exited: 0x000001125dbe8420
Event: 32.520 Thread 0x00000112568fe050 Thread added: 0x00000112613a96a0
Event: 32.524 Thread 0x00000112568fe050 Thread added: 0x00000112613a8900
Event: 32.539 Thread 0x00000112568fe050 Thread added: 0x00000112613a9d70
Event: 32.540 Thread 0x00000112568fe050 Thread added: 0x00000112613a8fd0
Event: 32.570 Thread 0x00000112613a8fd0 Thread added: 0x00000112613aab10
Event: 32.570 Thread 0x00000112613a8fd0 Thread added: 0x00000112613aa440
Event: 32.575 Thread 0x00000112613a8900 Thread added: 0x00000112613ab1e0
Event: 33.166 Thread 0x00000112613ab1e0 Thread exited: 0x00000112613ab1e0
Event: 33.218 Thread 0x00000112613aa440 Thread exited: 0x00000112613aa440
Event: 33.218 Thread 0x00000112613aab10 Thread exited: 0x00000112613aab10
Event: 33.982 Thread 0x00000112613a8900 Thread exited: 0x00000112613a8900


Dynamic libraries:
0x00007ff7e7d50000 - 0x00007ff7e7d5e000 	c:\Users\RIFKI\.vscode\extensions\redhat.java-1.41.1-win32-x64\jre\21.0.6-win32-x86_64\bin\java.exe
0x00007ffa7d060000 - 0x00007ffa7d2c6000 	C:\WINDOWS\SYSTEM32\ntdll.dll
0x00007ffa7b490000 - 0x00007ffa7b559000 	C:\WINDOWS\System32\KERNEL32.DLL
0x00007ffa7a3f0000 - 0x00007ffa7a7bc000 	C:\WINDOWS\System32\KERNELBASE.dll
0x00007ffa7a940000 - 0x00007ffa7aa8b000 	C:\WINDOWS\System32\ucrtbase.dll
0x00007ffa677d0000 - 0x00007ffa677e8000 	c:\Users\RIFKI\.vscode\extensions\redhat.java-1.41.1-win32-x64\jre\21.0.6-win32-x86_64\bin\jli.dll
0x00007ffa7bd00000 - 0x00007ffa7beca000 	C:\WINDOWS\System32\USER32.dll
0x00007ffa7ad40000 - 0x00007ffa7ad67000 	C:\WINDOWS\System32\win32u.dll
0x00007ffa6a290000 - 0x00007ffa6a2ae000 	c:\Users\RIFKI\.vscode\extensions\redhat.java-1.41.1-win32-x64\jre\21.0.6-win32-x86_64\bin\VCRUNTIME140.dll
0x00007ffa7bca0000 - 0x00007ffa7bccb000 	C:\WINDOWS\System32\GDI32.dll
0x00007ffa7a2b0000 - 0x00007ffa7a3e2000 	C:\WINDOWS\System32\gdi32full.dll
0x00007ffa56720000 - 0x00007ffa569ba000 	C:\WINDOWS\WinSxS\amd64_microsoft.windows.common-controls_6595b64144ccf1df_6.0.26100.3912_none_3e07963ce335137e\COMCTL32.dll
0x00007ffa7ad70000 - 0x00007ffa7ae13000 	C:\WINDOWS\System32\msvcp_win.dll
0x00007ffa7bed0000 - 0x00007ffa7bf79000 	C:\WINDOWS\System32\msvcrt.dll
0x00007ffa7afb0000 - 0x00007ffa7afe0000 	C:\WINDOWS\System32\IMM32.DLL
0x00007ffa67c70000 - 0x00007ffa67c7c000 	c:\Users\RIFKI\.vscode\extensions\redhat.java-1.41.1-win32-x64\jre\21.0.6-win32-x86_64\bin\vcruntime140_1.dll
0x00007ffa46390000 - 0x00007ffa4641d000 	c:\Users\RIFKI\.vscode\extensions\redhat.java-1.41.1-win32-x64\jre\21.0.6-win32-x86_64\bin\msvcp140.dll
0x00007ffa09b80000 - 0x00007ffa0a910000 	c:\Users\RIFKI\.vscode\extensions\redhat.java-1.41.1-win32-x64\jre\21.0.6-win32-x86_64\bin\server\jvm.dll
0x00007ffa7ae20000 - 0x00007ffa7aed2000 	C:\WINDOWS\System32\ADVAPI32.dll
0x00007ffa7af00000 - 0x00007ffa7afa6000 	C:\WINDOWS\System32\sechost.dll
0x00007ffa7b560000 - 0x00007ffa7b676000 	C:\WINDOWS\System32\RPCRT4.dll
0x00007ffa7c770000 - 0x00007ffa7c7e4000 	C:\WINDOWS\System32\WS2_32.dll
0x00007ffa6f490000 - 0x00007ffa6f4c6000 	C:\WINDOWS\SYSTEM32\WINMM.dll
0x00007ffa7a040000 - 0x00007ffa7a09e000 	C:\WINDOWS\SYSTEM32\POWRPROF.dll
0x00007ffa67530000 - 0x00007ffa6753b000 	C:\WINDOWS\SYSTEM32\VERSION.dll
0x00007ffa7a020000 - 0x00007ffa7a034000 	C:\WINDOWS\SYSTEM32\UMPDC.dll
0x00007ffa78fb0000 - 0x00007ffa78fca000 	C:\WINDOWS\SYSTEM32\kernel.appcore.dll
0x00007ffa5d890000 - 0x00007ffa5d89a000 	c:\Users\RIFKI\.vscode\extensions\redhat.java-1.41.1-win32-x64\jre\21.0.6-win32-x86_64\bin\jimage.dll
0x00007ffa77150000 - 0x00007ffa77391000 	C:\WINDOWS\SYSTEM32\DBGHELP.DLL
0x00007ffa7c3e0000 - 0x00007ffa7c764000 	C:\WINDOWS\System32\combase.dll
0x00007ffa7b140000 - 0x00007ffa7b220000 	C:\WINDOWS\System32\OLEAUT32.dll
0x00007ffa59890000 - 0x00007ffa598c9000 	C:\WINDOWS\SYSTEM32\dbgcore.DLL
0x00007ffa7aca0000 - 0x00007ffa7ad39000 	C:\WINDOWS\System32\bcryptPrimitives.dll
0x00007ffa5bba0000 - 0x00007ffa5bbaf000 	c:\Users\RIFKI\.vscode\extensions\redhat.java-1.41.1-win32-x64\jre\21.0.6-win32-x86_64\bin\instrument.dll
0x00007ffa5baf0000 - 0x00007ffa5bb0f000 	c:\Users\RIFKI\.vscode\extensions\redhat.java-1.41.1-win32-x64\jre\21.0.6-win32-x86_64\bin\java.dll
0x00007ffa7c7f0000 - 0x00007ffa7cf1d000 	C:\WINDOWS\System32\SHELL32.dll
0x00007ffa7ab20000 - 0x00007ffa7ac94000 	C:\WINDOWS\System32\wintypes.dll
0x00007ffa77e40000 - 0x00007ffa78696000 	C:\WINDOWS\SYSTEM32\windows.storage.dll
0x00007ffa7b690000 - 0x00007ffa7b77f000 	C:\WINDOWS\System32\SHCORE.dll
0x00007ffa7b790000 - 0x00007ffa7b7f9000 	C:\WINDOWS\System32\shlwapi.dll
0x00007ffa7a100000 - 0x00007ffa7a12f000 	C:\WINDOWS\SYSTEM32\profapi.dll
0x00007ffa526d0000 - 0x00007ffa526e8000 	c:\Users\RIFKI\.vscode\extensions\redhat.java-1.41.1-win32-x64\jre\21.0.6-win32-x86_64\bin\zip.dll
0x00007ffa5d880000 - 0x00007ffa5d890000 	C:\Users\RIFKI\.vscode\extensions\redhat.java-1.41.1-win32-x64\jre\21.0.6-win32-x86_64\bin\net.dll
0x00007ffa71880000 - 0x00007ffa7199e000 	C:\WINDOWS\SYSTEM32\WINHTTP.dll
0x00007ffa79520000 - 0x00007ffa7958a000 	C:\WINDOWS\system32\mswsock.dll
0x00007ffa520e0000 - 0x00007ffa520f6000 	C:\Users\RIFKI\.vscode\extensions\redhat.java-1.41.1-win32-x64\jre\21.0.6-win32-x86_64\bin\nio.dll
0x00007ffa59bc0000 - 0x00007ffa59bd0000 	c:\Users\RIFKI\.vscode\extensions\redhat.java-1.41.1-win32-x64\jre\21.0.6-win32-x86_64\bin\verify.dll
0x00007ffa41010000 - 0x00007ffa41055000 	C:\Users\RIFKI\AppData\Roaming\Code\User\globalStorage\redhat.java\1.41.1\config_win\org.eclipse.equinox.launcher\org.eclipse.equinox.launcher.win32.win32.x86_64_1.2.1300.v20250331-1702\eclipse_11911.dll
0x00007ffa7b230000 - 0x00007ffa7b3cf000 	C:\WINDOWS\System32\ole32.dll
0x00007ffa797c0000 - 0x00007ffa797dc000 	C:\WINDOWS\SYSTEM32\CRYPTSP.dll
0x00007ffa78f10000 - 0x00007ffa78f4a000 	C:\WINDOWS\system32\rsaenh.dll
0x00007ffa795c0000 - 0x00007ffa795eb000 	C:\WINDOWS\SYSTEM32\USERENV.dll
0x00007ffa7a0d0000 - 0x00007ffa7a0f6000 	C:\WINDOWS\SYSTEM32\bcrypt.dll
0x00007ffa797e0000 - 0x00007ffa797ec000 	C:\WINDOWS\SYSTEM32\CRYPTBASE.dll
0x00007ffa78a80000 - 0x00007ffa78ab3000 	C:\WINDOWS\SYSTEM32\IPHLPAPI.DLL
0x00007ffa7b680000 - 0x00007ffa7b68a000 	C:\WINDOWS\System32\NSI.dll
0x00007ffa452f0000 - 0x00007ffa45339000 	C:\Users\RIFKI\AppData\Local\Temp\jna-77973133\jna6386198731957449108.dll
0x00007ffa7c160000 - 0x00007ffa7c168000 	C:\WINDOWS\System32\PSAPI.DLL
0x00007ffa71a70000 - 0x00007ffa71a8f000 	C:\WINDOWS\SYSTEM32\dhcpcsvc6.DLL
0x00007ffa71a30000 - 0x00007ffa71a55000 	C:\WINDOWS\SYSTEM32\dhcpcsvc.DLL
0x00007ffa6a480000 - 0x00007ffa6a4a7000 	C:\Users\RIFKI\.gradle\native\c067742578af261105cb4f569cf0c3c89f3d7b1fecec35dd04571415982c5e48\windows-amd64\native-platform.dll
0x00007ffa5bab0000 - 0x00007ffa5baba000 	C:\Users\RIFKI\.vscode\extensions\redhat.java-1.41.1-win32-x64\jre\21.0.6-win32-x86_64\bin\management.dll
0x00007ffa5a2f0000 - 0x00007ffa5a2fb000 	C:\Users\RIFKI\.vscode\extensions\redhat.java-1.41.1-win32-x64\jre\21.0.6-win32-x86_64\bin\management_ext.dll

dbghelp: loaded successfully - version: 4.0.5 - missing functions: none
symbol engine: initialized successfully - sym options: 0x614 - pdb path: .;c:\Users\RIFKI\.vscode\extensions\redhat.java-1.41.1-win32-x64\jre\21.0.6-win32-x86_64\bin;C:\WINDOWS\SYSTEM32;C:\WINDOWS\WinSxS\amd64_microsoft.windows.common-controls_6595b64144ccf1df_6.0.26100.3912_none_3e07963ce335137e;c:\Users\RIFKI\.vscode\extensions\redhat.java-1.41.1-win32-x64\jre\21.0.6-win32-x86_64\bin\server;C:\Users\RIFKI\AppData\Roaming\Code\User\globalStorage\redhat.java\1.41.1\config_win\org.eclipse.equinox.launcher\org.eclipse.equinox.launcher.win32.win32.x86_64_1.2.1300.v20250331-1702;C:\Users\RIFKI\AppData\Local\Temp\jna-77973133;C:\Users\RIFKI\.gradle\native\c067742578af261105cb4f569cf0c3c89f3d7b1fecec35dd04571415982c5e48\windows-amd64

VM Arguments:
jvm_args: --add-modules=ALL-SYSTEM --add-opens=java.base/java.util=ALL-UNNAMED --add-opens=java.base/java.lang=ALL-UNNAMED --add-opens=java.base/sun.nio.fs=ALL-UNNAMED -Declipse.application=org.eclipse.jdt.ls.core.id1 -Dosgi.bundles.defaultStartLevel=4 -Declipse.product=org.eclipse.jdt.ls.core.product -Djava.import.generatesMetadataFilesAtProjectRoot=false -DDetectVMInstallationsJob.disabled=true -Dfile.encoding=utf8 -XX:+UseParallelGC -XX:GCTimeRatio=4 -XX:AdaptiveSizePolicyWeight=90 -Dsun.zip.disableMemoryMapping=true -Xmx1G -Xms100m -Xlog:disable -javaagent:c:\Users\RIFKI\.vscode\extensions\redhat.java-1.41.1-win32-x64\lombok\lombok-1.18.36.jar -XX:+HeapDumpOnOutOfMemoryError -XX:HeapDumpPath=c:\Users\RIFKI\AppData\Roaming\Code\User\workspaceStorage\499810ebefda482d9f3a68ebaacf0943\redhat.java -Daether.dependencyCollector.impl=bf 
java_command: c:\Users\RIFKI\.vscode\extensions\redhat.java-1.41.1-win32-x64\server\plugins\org.eclipse.equinox.launcher_1.7.0.v20250331-1702.jar -configuration c:\Users\RIFKI\AppData\Roaming\Code\User\globalStorage\redhat.java\1.41.1\config_win -data c:\Users\RIFKI\AppData\Roaming\Code\User\workspaceStorage\499810ebefda482d9f3a68ebaacf0943\redhat.java\jdt_ws --pipe=\\.\pipe\lsp-570b232d1c4637443660748db81f14fe-sock
java_class_path (initial): c:\Users\RIFKI\.vscode\extensions\redhat.java-1.41.1-win32-x64\server\plugins\org.eclipse.equinox.launcher_1.7.0.v20250331-1702.jar
Launcher Type: SUN_STANDARD

[Global flags]
    uintx AdaptiveSizePolicyWeight                 = 90                                        {product} {command line}
     intx CICompilerCount                          = 12                                        {product} {ergonomic}
    uintx GCTimeRatio                              = 4                                         {product} {command line}
     bool HeapDumpOnOutOfMemoryError               = true                                   {manageable} {command line}
    ccstr HeapDumpPath                             = c:\Users\RIFKI\AppData\Roaming\Code\User\workspaceStorage\499810ebefda482d9f3a68ebaacf0943\redhat.java         {manageable} {command line}
   size_t InitialHeapSize                          = 104857600                                 {product} {command line}
   size_t MaxHeapSize                              = 1073741824                                {product} {command line}
   size_t MaxNewSize                               = 357564416                                 {product} {ergonomic}
   size_t MinHeapDeltaBytes                        = 524288                                    {product} {ergonomic}
   size_t MinHeapSize                              = 104857600                                 {product} {command line}
   size_t NewSize                                  = 34603008                                  {product} {ergonomic}
    uintx NonNMethodCodeHeapSize                   = 7602480                                {pd product} {ergonomic}
    uintx NonProfiledCodeHeapSize                  = 122027880                              {pd product} {ergonomic}
   size_t OldSize                                  = 70254592                                  {product} {ergonomic}
    uintx ProfiledCodeHeapSize                     = 122027880                              {pd product} {ergonomic}
    uintx ReservedCodeCacheSize                    = 251658240                              {pd product} {ergonomic}
     bool SegmentedCodeCache                       = true                                      {product} {ergonomic}
   size_t SoftMaxHeapSize                          = 1073741824                             {manageable} {ergonomic}
     bool UseCompressedOops                        = true                           {product lp64_product} {ergonomic}
     bool UseLargePagesIndividualAllocation        = false                                  {pd product} {ergonomic}
     bool UseParallelGC                            = true                                      {product} {command line}

Logging:
Log output configuration:
 #0: stdout all=off uptime,level,tags foldmultilines=false
 #1: stderr all=off uptime,level,tags foldmultilines=false

Environment Variables:
JAVA_HOME=C:\Program Files\Eclipse Adoptium\jdk-17.0.14.7-hotspot
PATH=C:\Program Files\Eclipse Adoptium\jdk-17.0.14.7-hotspot\bin;C:\Program Files\Common Files\Oracle\Java\javapath;C:\Program Files (x86)\Common Files\Oracle\Java\java8path;C:\Program Files (x86)\Common Files\Oracle\Java\javapath;C:\WINDOWS\system32;C:\WINDOWS;C:\WINDOWS\System32\Wbem;C:\WINDOWS\System32\WindowsPowerShell\v1.0\;C:\WINDOWS\System32\OpenSSH\;C:\MinGW\bin;C:\Program Files\Java\jdk-22\bin;C:\ProgramData\ComposerSetup\bin;C:\xampp\php;C:\xampp\node-v22.11.0-win-x64;C:\Program Files\Git\cmd;"C:\Program Files\Eclipse Adoptium\jdk-17.0.14.7-hotspot\bin;C:\Program Files\Eclipse Adoptium\jdk-17.0.14.7-hotspot\bin;C:\Program Files\Common Files\Oracle\Java\javapath;C:\Program Files (x86)\Common Files\Oracle\Java\java8path;C:\Program Files (x86)\Common Files\Oracle\Java\javapath;C:\WINDOWS\system32;C:\WINDOWS;C:\WINDOWS\System32\Wbem;C:\WINDOWS\System32\WindowsPowerShell\v1.0\;C:\WINDOWS\System32\OpenSSH\;C:\MinGW\bin;C:\Program Files\Java\jdk-22\bin;C:\ProgramData\ComposerSetup\bin;C:\xampp\php;C:\xampp\node-v22.11.0-win-x64;C:\Program Files\Git\cmd;"C:\Program Files\Eclipse Adoptium\jdk-17.0.14.7-hotspot\bin;C:\Program Files\Eclipse Adoptium\jdk-17.0.14.7-hotspot\bin;C:\Program Files\Common Files\Oracle\Java\javapath;C:\Program Files (x86)\Common Files\Oracle\Java\java8path;C:\Program Files (x86)\Common Files\Oracle\Java\javapath;C:\WINDOWS\system32;C:\WINDOWS;C:\WINDOWS\System32\Wbem;C:\WINDOWS\System32\WindowsPowerShell\v1.0\;C:\WINDOWS\System32\OpenSSH\;C:\MinGW\bin;C:\Program Files\Java\jdk-22\bin;C:\ProgramData\ComposerSetup\bin;C:\xampp\php;C:\xampp\node-v22.11.0-win-x64;C:\Program Files\Git\cmd;"C:\Program Files\Eclipse Adoptium\jdk-17.0.14.7-hotspot\bin;C:\WINDOWS\System32";";";C:\Users\RIFKI\AppData\Local\Programs\Python\Python313\Scripts\;C:\Users\RIFKI\AppData\Local\Programs\Python\Python313\;C:\Users\RIFKI\AppData\Local\Programs\Python\Launcher\;C:\Program Files\MySQL\MySQL Shell 8.0\bin\;C:\Users\RIFKI\scoop\apps\gcc\current\bin;C:\Users\RIFKI\scoop\shims;C:\Users\RIFKI\AppData\Local\Microsoft\WindowsApps;C:\Users\RIFKI\AppData\Local\Programs\Microsoft VS Code\bin;C:\Users\RIFKI\AppData\Roaming\Composer\vendor\bin;C:\Users\RIFKI\AppData\Local\Microsoft\WindowsApps;C:\Program Files\JetBrains\IntelliJ IDEA 2024.3.1.1\bin;;C:\flutter\src\flutter\bin;C:\Program Files\swipl\bin;
USERNAME=RIFKI
OS=Windows_NT
PROCESSOR_IDENTIFIER=Intel64 Family 6 Model 186 Stepping 2, GenuineIntel
TMP=C:\Users\RIFKI\AppData\Local\Temp
TEMP=C:\Users\RIFKI\AppData\Local\Temp




Periodic native trim disabled

---------------  S Y S T E M  ---------------

OS:
 Windows 11 , 64 bit Build 26100 (10.0.26100.3912)
OS uptime: 0 days 2:54 hours
Hyper-V role detected

CPU: total 16 (initial active 16) (8 cores per cpu, 2 threads per core) family 6 model 186 stepping 2 microcode 0x4123, cx8, cmov, fxsr, ht, mmx, 3dnowpref, sse, sse2, sse3, ssse3, sse4.1, sse4.2, popcnt, lzcnt, tsc, tscinvbit, avx, avx2, aes, erms, clmul, bmi1, bmi2, adx, sha, fma, vzeroupper, clflush, clflushopt, clwb, hv, serialize, rdtscp, rdpid, fsrm, f16c, cet_ibt, cet_ss
Processor Information for processor 0
  Max Mhz: 2200, Current Mhz: 2200, Mhz Limit: 2200
Processor Information for processor 1
  Max Mhz: 2200, Current Mhz: 2200, Mhz Limit: 2200
Processor Information for processor 2
  Max Mhz: 2200, Current Mhz: 2200, Mhz Limit: 2200
Processor Information for processor 3
  Max Mhz: 2200, Current Mhz: 2200, Mhz Limit: 2200
Processor Information for processor 4
  Max Mhz: 2200, Current Mhz: 2200, Mhz Limit: 2200
Processor Information for processor 5
  Max Mhz: 2200, Current Mhz: 2200, Mhz Limit: 2200
Processor Information for processor 6
  Max Mhz: 2200, Current Mhz: 2200, Mhz Limit: 2200
Processor Information for processor 7
  Max Mhz: 2200, Current Mhz: 1466, Mhz Limit: 2200
Processor Information for processor 8
  Max Mhz: 2200, Current Mhz: 1600, Mhz Limit: 1584
Processor Information for processor 9
  Max Mhz: 2200, Current Mhz: 1600, Mhz Limit: 1584
Processor Information for processor 10
  Max Mhz: 2200, Current Mhz: 1600, Mhz Limit: 1584
Processor Information for processor 11
  Max Mhz: 2200, Current Mhz: 1600, Mhz Limit: 1584
Processor Information for processor 12
  Max Mhz: 2200, Current Mhz: 1600, Mhz Limit: 1584
Processor Information for processor 13
  Max Mhz: 2200, Current Mhz: 1500, Mhz Limit: 1584
Processor Information for processor 14
  Max Mhz: 2200, Current Mhz: 1600, Mhz Limit: 1584
Processor Information for processor 15
  Max Mhz: 2200, Current Mhz: 1600, Mhz Limit: 1584

Memory: 4k page, system-wide physical 16095M (1685M free)
TotalPageFile size 18143M (AvailPageFile size 14M)
current process WorkingSet (physical memory assigned to process): 558M, peak: 558M
current process commit charge ("private bytes"): 534M, peak: 535M

vm_info: OpenJDK 64-Bit Server VM (21.0.6+7-LTS) for windows-amd64 JRE (21.0.6+7-LTS), built on 2025-01-21T00:00:00Z by "admin" with MS VC++ 17.7 (VS2022)

END.
