#
# There is insufficient memory for the Java Runtime Environment to continue.
# Native memory allocation (mmap) failed to map 264241152 bytes. Error detail: G1 virtual space
# Possible reasons:
#   The system is out of physical RAM or swap space
#   This process is running with CompressedOops enabled, and the Java Heap may be blocking the growth of the native heap
# Possible solutions:
#   Reduce memory load on the system
#   Increase physical memory or swap space
#   Check if swap backing store is full
#   Decrease Java heap size (-Xmx/-Xms)
#   Decrease number of Java threads
#   Decrease Java thread stack sizes (-Xss)
#   Set larger code cache with -XX:ReservedCodeCacheSize=
#   JVM is running with Zero Based Compressed Oops mode in which the Java heap is
#     placed in the first 32GB address space. The Java Heap base address is the
#     maximum limit for the native heap growth. Please use -XX:HeapBaseMinAddress
#     to set the Java Heap base and to place the Java Heap above 32GB virtual address.
# This output file may be truncated or incomplete.
#
#  Out of Memory Error (os_windows.cpp:3828), pid=22392, tid=1844
#
# JRE version:  (21.0.4) (build )
# Java VM: OpenJDK 64-Bit Server VM (21.0.4+-12508038-b607.1, mixed mode, sharing, tiered, compressed oops, compressed class ptrs, g1 gc, windows-amd64)
# No core dump will be written. Minidumps are not enabled by default on client versions of Windows
#

---------------  S U M M A R Y ------------

Command Line: 

Host: 13th Gen Intel(R) Core(TM) i7-1360P, 16 cores, 15G,  Windows 11 , 64 bit Build 26100 (10.0.26100.3775)
Time: Fri Apr 25 09:00:45 2025 SE Asia Standard Time elapsed time: 1.598952 seconds (0d 0h 0m 1s)

---------------  T H R E A D  ---------------

Current thread (0x000001cfddbb7d70):  JavaThread "Unknown thread" [_thread_in_vm, id=1844, stack(0x0000001d7c300000,0x0000001d7c400000) (1024K)]

Stack: [0x0000001d7c300000,0x0000001d7c400000]
Native frames: (J=compiled Java code, j=interpreted, Vv=VM code, C=native code)
V  [jvm.dll+0x6ce539]
V  [jvm.dll+0x85bf03]
V  [jvm.dll+0x85e45e]
V  [jvm.dll+0x85eb43]
V  [jvm.dll+0x27dd06]
V  [jvm.dll+0x6cada5]
V  [jvm.dll+0x6bf27a]
V  [jvm.dll+0x3541fb]
V  [jvm.dll+0x35be36]
V  [jvm.dll+0x3adbc6]
V  [jvm.dll+0x3ade98]
V  [jvm.dll+0x32691c]
V  [jvm.dll+0x32760b]
V  [jvm.dll+0x823959]
V  [jvm.dll+0x3bacf8]
V  [jvm.dll+0x80cd58]
V  [jvm.dll+0x44ef2e]
V  [jvm.dll+0x450691]
C  [jli.dll+0x52ab]
C  [ucrtbase.dll+0x37b0]
C  [KERNEL32.DLL+0x2e8d7]
C  [ntdll.dll+0xb14fc]


---------------  P R O C E S S  ---------------

Threads class SMR info:
_java_thread_list=0x00007ff8bbe7a808, length=0, elements={
}

Java Threads: ( => current thread )
Total: 0

Other Threads:
  0x000001cfdf572330 WorkerThread "GC Thread#0"                     [id=3908, stack(0x0000001d7c400000,0x0000001d7c500000) (1024K)]
  0x000001cfdf582da0 ConcurrentGCThread "G1 Main Marker"            [id=21060, stack(0x0000001d7c500000,0x0000001d7c600000) (1024K)]
  0x000001cfdf584480 WorkerThread "G1 Conc#0"                       [id=21740, stack(0x0000001d7c600000,0x0000001d7c700000) (1024K)]

[error occurred during error reporting (printing all threads), id 0xc0000005, EXCEPTION_ACCESS_VIOLATION (0xc0000005) at pc=0x00007ff8bb679957]
VM state: not at safepoint (not fully initialized)

VM Mutex/Monitor currently owned by a thread:  ([mutex/lock_event])
[0x00007ff8bbee73f8] Heap_lock - owner thread: 0x000001cfddbb7d70

Heap address: 0x0000000704800000, size: 4024 MB, Compressed Oops mode: Zero based, Oop shift amount: 3

CDS archive(s) mapped at: [0x0000000000000000-0x0000000000000000-0x0000000000000000), size 0, SharedBaseAddress: 0x0000000800000000, ArchiveRelocationMode: 1.
Narrow klass base: 0x0000000000000000, Narrow klass shift: 0, Narrow klass range: 0x0

GC Precious Log:
 CardTable entry size: 512
 Card Set container configuration: InlinePtr #cards 4 size 8 Array Of Cards #cards 16 size 48 Howl #buckets 8 coarsen threshold 3686 Howl Bitmap #cards 512 size 80 coarsen threshold 460 Card regions per heap region 1 cards per card region 4096

Heap:
 garbage-first heap   total 0K, used 0K [0x0000000704800000, 0x0000000800000000)
  region size 2048K, 0 young (0K), 0 survivors (0K)
 Metaspace       used 0K, committed 0K, reserved 0K
  class space    used 0K, committed 0K, reserved 0K

Heap Regions: E=young(eden), S=young(survivor), O=old, HS=humongous(starts), HC=humongous(continues), CS=collection set, F=free, TAMS=top-at-mark-start, PB=parsable bottom

Card table byte_map: [0x000001cff2e60000,0x000001cff3640000] _byte_map_base: 0x000001cfef63c000

Marking Bits: (CMBitMap*) 0x000001cfdf572940
 Bits: [0x000001cff3640000, 0x000001cff7520000)

GC Heap History (0 events):
No events

Dll operation events (1 events):
Event: 0.049 Loaded shared library C:\Program Files\Android\Android Studio\jbr\bin\java.dll

Deoptimization events (0 events):
No events

Classes loaded (0 events):
No events

Classes unloaded (0 events):
No events

Classes redefined (0 events):
No events

Internal exceptions (0 events):
No events

ZGC Phase Switch (0 events):
No events

VM Operations (0 events):
No events

Memory protections (0 events):
No events

Nmethod flushes (0 events):
No events

Events (0 events):
No events


Dynamic libraries:
0x00007ff716cc0000 - 0x00007ff716cca000 	C:\Program Files\Android\Android Studio\jbr\bin\java.EXE
0x00007ff920680000 - 0x00007ff9208e0000 	C:\WINDOWS\SYSTEM32\ntdll.dll
0x00007ff91e510000 - 0x00007ff91e5d7000 	C:\WINDOWS\System32\KERNEL32.DLL
0x00007ff91db20000 - 0x00007ff91deea000 	C:\WINDOWS\System32\KERNELBASE.dll
0x00007ff91d9d0000 - 0x00007ff91db1b000 	C:\WINDOWS\System32\ucrtbase.dll
0x00007ff900d40000 - 0x00007ff900d5b000 	C:\Program Files\Android\Android Studio\jbr\bin\VCRUNTIME140.dll
0x00007ff900310000 - 0x00007ff900328000 	C:\Program Files\Android\Android Studio\jbr\bin\jli.dll
0x00007ff8fac80000 - 0x00007ff8faf17000 	C:\WINDOWS\WinSxS\amd64_microsoft.windows.common-controls_6595b64144ccf1df_6.0.26100.3624_none_3e086962e3345f24\COMCTL32.dll
0x00007ff920470000 - 0x00007ff92063c000 	C:\WINDOWS\System32\USER32.dll
0x00007ff91dfa0000 - 0x00007ff91dfc7000 	C:\WINDOWS\System32\win32u.dll
0x00007ff91edf0000 - 0x00007ff91ee99000 	C:\WINDOWS\System32\msvcrt.dll
0x00007ff91e5e0000 - 0x00007ff91e60a000 	C:\WINDOWS\System32\GDI32.dll
0x00007ff91e1c0000 - 0x00007ff91e2f1000 	C:\WINDOWS\System32\gdi32full.dll
0x00007ff91def0000 - 0x00007ff91df93000 	C:\WINDOWS\System32\msvcp_win.dll
0x00007ff9203b0000 - 0x00007ff9203df000 	C:\WINDOWS\System32\IMM32.DLL
0x00007ff901e30000 - 0x00007ff901e3c000 	C:\Program Files\Android\Android Studio\jbr\bin\vcruntime140_1.dll
0x00007ff8fefc0000 - 0x00007ff8ff04d000 	C:\Program Files\Android\Android Studio\jbr\bin\msvcp140.dll
0x00007ff8bb340000 - 0x00007ff8bbfc3000 	C:\Program Files\Android\Android Studio\jbr\bin\server\jvm.dll
0x00007ff91fd90000 - 0x00007ff91fe42000 	C:\WINDOWS\System32\ADVAPI32.dll
0x00007ff91eab0000 - 0x00007ff91eb56000 	C:\WINDOWS\System32\sechost.dll
0x00007ff91ff00000 - 0x00007ff920016000 	C:\WINDOWS\System32\RPCRT4.dll
0x00007ff91ebf0000 - 0x00007ff91ec64000 	C:\WINDOWS\System32\WS2_32.dll
0x00007ff91d6b0000 - 0x00007ff91d70e000 	C:\WINDOWS\SYSTEM32\POWRPROF.dll
0x00007ff90acf0000 - 0x00007ff90acfb000 	C:\WINDOWS\SYSTEM32\VERSION.dll
0x00007ff9115f0000 - 0x00007ff911626000 	C:\WINDOWS\SYSTEM32\WINMM.dll
0x00007ff91d690000 - 0x00007ff91d6a4000 	C:\WINDOWS\SYSTEM32\UMPDC.dll
0x00007ff91c670000 - 0x00007ff91c68a000 	C:\WINDOWS\SYSTEM32\kernel.appcore.dll
0x00007ff900d30000 - 0x00007ff900d3a000 	C:\Program Files\Android\Android Studio\jbr\bin\jimage.dll
0x00007ff91a9d0000 - 0x00007ff91ac11000 	C:\WINDOWS\SYSTEM32\DBGHELP.DLL
0x00007ff91f130000 - 0x00007ff91f4b2000 	C:\WINDOWS\System32\combase.dll
0x00007ff91f050000 - 0x00007ff91f126000 	C:\WINDOWS\System32\OLEAUT32.dll
0x00007ff8ef580000 - 0x00007ff8ef5b9000 	C:\WINDOWS\SYSTEM32\dbgcore.DLL
0x00007ff91dfd0000 - 0x00007ff91e069000 	C:\WINDOWS\System32\bcryptPrimitives.dll
0x00007ff9002f0000 - 0x00007ff900310000 	C:\Program Files\Android\Android Studio\jbr\bin\java.dll

dbghelp: loaded successfully - version: 4.0.5 - missing functions: none
symbol engine: initialized successfully - sym options: 0x614 - pdb path: .;C:\Program Files\Android\Android Studio\jbr\bin;C:\WINDOWS\SYSTEM32;C:\WINDOWS\WinSxS\amd64_microsoft.windows.common-controls_6595b64144ccf1df_6.0.26100.3624_none_3e086962e3345f24;C:\Program Files\Android\Android Studio\jbr\bin\server

VM Arguments:
java_command: <unknown>
java_class_path (initial): <not set>
Launcher Type: SUN_STANDARD

[Global flags]
     intx CICompilerCount                          = 12                                        {product} {ergonomic}
     uint ConcGCThreads                            = 3                                         {product} {ergonomic}
     uint G1ConcRefinementThreads                  = 13                                        {product} {ergonomic}
   size_t G1HeapRegionSize                         = 2097152                                   {product} {ergonomic}
    uintx GCDrainStackTargetSize                   = 64                                        {product} {ergonomic}
   size_t InitialHeapSize                          = 264241152                                 {product} {ergonomic}
   size_t MarkStackSize                            = 4194304                                   {product} {ergonomic}
   size_t MaxHeapSize                              = 4219469824                                {product} {ergonomic}
   size_t MinHeapDeltaBytes                        = 2097152                                   {product} {ergonomic}
   size_t MinHeapSize                              = 8388608                                   {product} {ergonomic}
    uintx NonNMethodCodeHeapSize                   = 7602480                                {pd product} {ergonomic}
    uintx NonProfiledCodeHeapSize                  = 122027880                              {pd product} {ergonomic}
    uintx ProfiledCodeHeapSize                     = 122027880                              {pd product} {ergonomic}
    uintx ReservedCodeCacheSize                    = 251658240                              {pd product} {ergonomic}
     bool SegmentedCodeCache                       = true                                      {product} {ergonomic}
   size_t SoftMaxHeapSize                          = 4219469824                             {manageable} {ergonomic}
     bool UseCompressedOops                        = true                           {product lp64_product} {ergonomic}
     bool UseG1GC                                  = true                                      {product} {ergonomic}
     bool UseLargePagesIndividualAllocation        = false                                  {pd product} {ergonomic}

Logging:
Log output configuration:
 #0: stdout all=warning uptime,level,tags foldmultilines=false
 #1: stderr all=off uptime,level,tags foldmultilines=false

Environment Variables:
JAVA_HOME=C:\Program Files\Eclipse Adoptium\jdk-17.0.14.7-hotspot\jdk-17.0.14.7-hotspot
PATH=C:\flutter\src\flutter\bin\;C:\Program Files\Eclipse Adoptium\jdk-17.0.14.7-hotspot\bin;C:\Program Files\Common Files\Oracle\Java\javapath;C:\Program Files (x86)\Common Files\Oracle\Java\java8path;C:\Program Files (x86)\Common Files\Oracle\Java\javapath;C:\WINDOWS\system32;C:\WINDOWS;C:\WINDOWS\System32\Wbem;C:\WINDOWS\System32\WindowsPowerShell\v1.0\;C:\WINDOWS\System32\OpenSSH\;C:\MinGW\bin;C:\Program Files\Java\jdk-22\bin;C:\ProgramData\ComposerSetup\bin;C:\xampp\php;C:\xampp\node-v22.11.0-win-x64;C:\Program Files\Git\cmd;"C:\Program Files\Eclipse Adoptium\jdk-17.0.14.7-hotspot\jdk-17.0.14.7-hotspot\bin;C:\Program Files\Eclipse Adoptium\jdk-17.0.14.7-hotspot\bin;C:\Program Files\Common Files\Oracle\Java\javapath;C:\Program Files (x86)\Common Files\Oracle\Java\java8path;C:\Program Files (x86)\Common Files\Oracle\Java\javapath;C:\WINDOWS\system32;C:\WINDOWS;C:\WINDOWS\System32\Wbem;C:\WINDOWS\System32\WindowsPowerShell\v1.0\;C:\WINDOWS\System32\OpenSSH\;C:\MinGW\bin;C:\Program Files\Java\jdk-22\bin;C:\ProgramData\ComposerSetup\bin;C:\xampp\php;C:\xampp\node-v22.11.0-win-x64;C:\Program Files\Git\cmd;"C:\Program Files\Eclipse Adoptium\jdk-17.0.14.7-hotspot\jdk-17.0.14.7-hotspot\bin;C:\Program Files\Eclipse Adoptium\jdk-17.0.14.7-hotspot\bin;C:\Program Files\Common Files\Oracle\Java\javapath;C:\Program Files (x86)\Common Files\Oracle\Java\java8path;C:\Program Files (x86)\Common Files\Oracle\Java\javapath;C:\WINDOWS\system32;C:\WINDOWS;C:\WINDOWS\System32\Wbem;C:\WINDOWS\System32\WindowsPowerShell\v1.0\;C:\WINDOWS\System32\OpenSSH\;C:\MinGW\bin;C:\Program Files\Java\jdk-22\bin;C:\ProgramData\ComposerSetup\bin;C:\xampp\php;C:\xampp\node-v22.11.0-win-x64;C:\Program Files\Git\cmd;"C:\Program Files\Eclipse Adoptium\jdk-17.0.14.7-hotspot\jdk-17.0.14.7-hotspot\bin;C:\WINDOWS\System32";";";C:\Users\RIFKI\AppData\Local\Programs\Python\Python313\Scripts\;C:\Users\RIFKI\AppData\Local\Programs\Python\Python313\;C:\Users\RIFKI\AppData\Local\Programs\Python\Launcher\;C:\Program Files\MySQL\MySQL Shell 8.0\bin\;C:\Users\RIFKI\scoop\apps\gcc\current\bin;C:\Users\RIFKI\scoop\shims;C:\Users\RIFKI\AppData\Local\Microsoft\WindowsApps;C:\Users\RIFKI\AppData\Local\Programs\Microsoft VS Code\bin;C:\Users\RIFKI\AppData\Roaming\Composer\vendor\bin;C:\Users\RIFKI\AppData\Local\Microsoft\WindowsApps;C:\Program Files\JetBrains\IntelliJ IDEA 2024.3.1.1\bin;;C:\flutter\src\flutter\bin;C:\Program Files\swipl\bin;;C:\flutter\src\flutter\bin\mingit\cmd
USERNAME=RIFKI
LANG=en_US.UTF-8
OS=Windows_NT
PROCESSOR_IDENTIFIER=Intel64 Family 6 Model 186 Stepping 2, GenuineIntel
TMP=C:\Users\RIFKI\AppData\Local\Temp
TEMP=C:\Users\RIFKI\AppData\Local\Temp




Periodic native trim disabled

JNI global refs:
JNI global refs: 0, weak refs: 0

JNI global refs memory usage: 0, weak refs: 0

Process memory usage:
Resident Set Size: 12936K (0% of 16481336K total physical memory with 3527584K free physical memory)

OOME stack traces (most recent first):
Classloader memory used:

---------------  S Y S T E M  ---------------

OS:
 Windows 11 , 64 bit Build 26100 (10.0.26100.3775)
OS uptime: 0 days 1:01 hours
Hyper-V role detected

CPU: total 16 (initial active 16) (8 cores per cpu, 2 threads per core) family 6 model 186 stepping 2 microcode 0x4123, cx8, cmov, fxsr, ht, mmx, 3dnowpref, sse, sse2, sse3, ssse3, sse4.1, sse4.2, popcnt, lzcnt, tsc, tscinvbit, avx, avx2, aes, erms, clmul, bmi1, bmi2, adx, sha, fma, vzeroupper, clflush, clflushopt, clwb, hv, serialize, rdtscp, rdpid, fsrm, f16c, cet_ibt, cet_ss
Processor Information for processor 0
  Max Mhz: 2200, Current Mhz: 2200, Mhz Limit: 2200
Processor Information for processor 1
  Max Mhz: 2200, Current Mhz: 2200, Mhz Limit: 2200
Processor Information for processor 2
  Max Mhz: 2200, Current Mhz: 2200, Mhz Limit: 2200
Processor Information for processor 3
  Max Mhz: 2200, Current Mhz: 2200, Mhz Limit: 2200
Processor Information for processor 4
  Max Mhz: 2200, Current Mhz: 2200, Mhz Limit: 2200
Processor Information for processor 5
  Max Mhz: 2200, Current Mhz: 2200, Mhz Limit: 2200
Processor Information for processor 6
  Max Mhz: 2200, Current Mhz: 2200, Mhz Limit: 2200
Processor Information for processor 7
  Max Mhz: 2200, Current Mhz: 2200, Mhz Limit: 2200
Processor Information for processor 8
  Max Mhz: 2200, Current Mhz: 1600, Mhz Limit: 1584
Processor Information for processor 9
  Max Mhz: 2200, Current Mhz: 1600, Mhz Limit: 1584
Processor Information for processor 10
  Max Mhz: 2200, Current Mhz: 1600, Mhz Limit: 1584
Processor Information for processor 11
  Max Mhz: 2200, Current Mhz: 1500, Mhz Limit: 1584
Processor Information for processor 12
  Max Mhz: 2200, Current Mhz: 1600, Mhz Limit: 1584
Processor Information for processor 13
  Max Mhz: 2200, Current Mhz: 1600, Mhz Limit: 1584
Processor Information for processor 14
  Max Mhz: 2200, Current Mhz: 1600, Mhz Limit: 1584
Processor Information for processor 15
  Max Mhz: 2200, Current Mhz: 1600, Mhz Limit: 1584

Memory: 4k page, system-wide physical 16095M (3444M free)
TotalPageFile size 18143M (AvailPageFile size 99M)
current process WorkingSet (physical memory assigned to process): 12M, peak: 12M
current process commit charge ("private bytes"): 70M, peak: 322M

vm_info: OpenJDK 64-Bit Server VM (21.0.4+-12508038-b607.1) for windows-amd64 JRE (21.0.4+-12508038-b607.1), built on 2024-10-16T17:23:34Z by "builder" with MS VC++ 16.10 / 16.11 (VS2019)

END.
